08:47:09.553 [INFO ] [Thread-0] [com.cv4j.netdiscovery.core.Spider] Spider Power1510664582 stop success!
08:47:09.571 [ERROR] [RxCachedThreadScheduler-165] [com.cv4j.netdiscovery.core.Spider] failed to resolve 'www.100ghouse.com'
java.net.UnknownHostException: failed to resolve 'www.100ghouse.com'
	at io.netty.resolver.dns.DnsResolveContext.finishResolve(DnsResolveContext.java:845)
	at io.netty.resolver.dns.DnsResolveContext.tryToFinishResolve(DnsResolveContext.java:806)
	at io.netty.resolver.dns.DnsResolveContext.query(DnsResolveContext.java:333)
	at io.netty.resolver.dns.DnsResolveContext.query(DnsResolveContext.java:322)
	at io.netty.resolver.dns.DnsResolveContext.access$500(DnsResolveContext.java:62)
	at io.netty.resolver.dns.DnsResolveContext$3.operationComplete(DnsResolveContext.java:379)
	at io.netty.util.concurrent.DefaultPromise.notifyListener0(DefaultPromise.java:511)
	at io.netty.util.concurrent.DefaultPromise.notifyListenersNow(DefaultPromise.java:485)
	at io.netty.util.concurrent.DefaultPromise.notifyListeners(DefaultPromise.java:424)
	at io.netty.util.concurrent.DefaultPromise.addListener(DefaultPromise.java:162)
	at io.netty.util.concurrent.DefaultPromise.addListener(DefaultPromise.java:33)
	at io.netty.resolver.dns.DnsResolveContext.query(DnsResolveContext.java:354)
	at io.netty.resolver.dns.DnsResolveContext.query(DnsResolveContext.java:322)
	at io.netty.resolver.dns.DnsResolveContext.query(DnsResolveContext.java:909)
	at io.netty.resolver.dns.DnsResolveContext.internalResolve(DnsResolveContext.java:268)
	at io.netty.resolver.dns.DnsResolveContext.resolve(DnsResolveContext.java:182)
	at io.netty.resolver.dns.DnsNameResolver.doResolveAllUncached(DnsNameResolver.java:972)
	at io.netty.resolver.dns.DnsNameResolver.doResolveUncached(DnsNameResolver.java:878)
	at io.netty.resolver.dns.DnsNameResolver.doResolve(DnsNameResolver.java:828)
	at io.netty.resolver.dns.DnsNameResolver.doResolve(DnsNameResolver.java:671)
	at io.netty.resolver.SimpleNameResolver.resolve(SimpleNameResolver.java:63)
	at io.netty.resolver.dns.InflightNameResolver.resolve(InflightNameResolver.java:100)
	at io.netty.resolver.dns.InflightNameResolver.resolve(InflightNameResolver.java:66)
	at io.netty.resolver.dns.InflightNameResolver.resolve(InflightNameResolver.java:51)
	at io.netty.resolver.InetSocketAddressResolver.doResolve(InetSocketAddressResolver.java:57)
	at io.netty.resolver.InetSocketAddressResolver.doResolve(InetSocketAddressResolver.java:32)
	at io.netty.resolver.AbstractAddressResolver.resolve(AbstractAddressResolver.java:108)
	at io.netty.bootstrap.Bootstrap.doResolveAndConnect0(Bootstrap.java:208)
	at io.netty.bootstrap.Bootstrap.doResolveAndConnect(Bootstrap.java:170)
	at io.netty.bootstrap.Bootstrap.connect(Bootstrap.java:145)
	at io.vertx.core.net.impl.ChannelProvider.handleConnect(ChannelProvider.java:136)
	at io.vertx.core.net.impl.ChannelProvider.connect(ChannelProvider.java:90)
	at io.vertx.core.http.impl.HttpChannelConnector.doConnect(HttpChannelConnector.java:182)
	at io.vertx.core.http.impl.HttpChannelConnector.connect(HttpChannelConnector.java:101)
	at io.vertx.core.http.impl.pool.Pool.createConnection(Pool.java:291)
	at io.vertx.core.http.impl.pool.Pool.lambda$acquireConnection$3(Pool.java:201)
	at io.netty.util.concurrent.AbstractEventExecutor.safeExecute(AbstractEventExecutor.java:163)
	at io.netty.util.concurrent.SingleThreadEventExecutor.runAllTasks(SingleThreadEventExecutor.java:404)
	at io.netty.channel.nio.NioEventLoop.run(NioEventLoop.java:466)
	at io.netty.util.concurrent.SingleThreadEventExecutor$5.run(SingleThreadEventExecutor.java:897)
	at io.netty.util.concurrent.FastThreadLocalRunnable.run(FastThreadLocalRunnable.java:30)
	at java.lang.Thread.run(Thread.java:745)
Caused by: io.netty.resolver.dns.DnsNameResolverException: [/114.114.114.114:53] failed to send a query (no stack trace available)
Caused by: java.net.SocketException: Network is unreachable
	at sun.nio.ch.DatagramChannelImpl.send0(Native Method)
	at sun.nio.ch.DatagramChannelImpl.sendFromNativeBuffer(DatagramChannelImpl.java:521)
	at sun.nio.ch.DatagramChannelImpl.send(DatagramChannelImpl.java:483)
	at sun.nio.ch.DatagramChannelImpl.send(DatagramChannelImpl.java:462)
	at io.netty.channel.socket.nio.NioDatagramChannel.doWriteMessage(NioDatagramChannel.java:293)
	at io.netty.channel.nio.AbstractNioMessageChannel.doWrite(AbstractNioMessageChannel.java:142)
	at io.netty.channel.AbstractChannel$AbstractUnsafe.flush0(AbstractChannel.java:934)
	at io.netty.channel.nio.AbstractNioChannel$AbstractNioUnsafe.flush0(AbstractNioChannel.java:360)
	at io.netty.channel.AbstractChannel$AbstractUnsafe.flush(AbstractChannel.java:901)
	at io.netty.channel.DefaultChannelPipeline$HeadContext.flush(DefaultChannelPipeline.java:1396)
	at io.netty.channel.AbstractChannelHandlerContext.invokeFlush0(AbstractChannelHandlerContext.java:776)
	at io.netty.channel.AbstractChannelHandlerContext.invokeFlush(AbstractChannelHandlerContext.java:768)
	at io.netty.channel.AbstractChannelHandlerContext.flush(AbstractChannelHandlerContext.java:749)
	at io.netty.channel.ChannelOutboundHandlerAdapter.flush(ChannelOutboundHandlerAdapter.java:115)
	at io.netty.channel.AbstractChannelHandlerContext.invokeFlush0(AbstractChannelHandlerContext.java:776)
	at io.netty.channel.AbstractChannelHandlerContext.invokeWriteAndFlush(AbstractChannelHandlerContext.java:802)
	at io.netty.channel.AbstractChannelHandlerContext.write(AbstractChannelHandlerContext.java:814)
	at io.netty.channel.AbstractChannelHandlerContext.writeAndFlush(AbstractChannelHandlerContext.java:794)
	at io.netty.channel.DefaultChannelPipeline.writeAndFlush(DefaultChannelPipeline.java:1066)
	at io.netty.channel.AbstractChannel.writeAndFlush(AbstractChannel.java:305)
	at io.netty.resolver.dns.DnsQueryContext.writeQuery(DnsQueryContext.java:136)
	at io.netty.resolver.dns.DnsQueryContext.sendQuery(DnsQueryContext.java:118)
	at io.netty.resolver.dns.DnsQueryContext.query(DnsQueryContext.java:113)
	at io.netty.resolver.dns.DnsNameResolver.query0(DnsNameResolver.java:1087)
	at io.netty.resolver.dns.DnsResolveContext.query(DnsResolveContext.java:347)
	at io.netty.resolver.dns.DnsResolveContext.query(DnsResolveContext.java:322)
	at io.netty.resolver.dns.DnsResolveContext.query(DnsResolveContext.java:909)
	at io.netty.resolver.dns.DnsResolveContext.internalResolve(DnsResolveContext.java:268)
	at io.netty.resolver.dns.DnsResolveContext.resolve(DnsResolveContext.java:182)
	at io.netty.resolver.dns.DnsNameResolver.doResolveAllUncached(DnsNameResolver.java:972)
	at io.netty.resolver.dns.DnsNameResolver.doResolveUncached(DnsNameResolver.java:878)
	at io.netty.resolver.dns.DnsNameResolver.doResolve(DnsNameResolver.java:828)
	at io.netty.resolver.dns.DnsNameResolver.doResolve(DnsNameResolver.java:671)
	at io.netty.resolver.SimpleNameResolver.resolve(SimpleNameResolver.java:63)
	at io.netty.resolver.dns.InflightNameResolver.resolve(InflightNameResolver.java:100)
	at io.netty.resolver.dns.InflightNameResolver.resolve(InflightNameResolver.java:66)
	at io.netty.resolver.dns.InflightNameResolver.resolve(InflightNameResolver.java:51)
	at io.netty.resolver.InetSocketAddressResolver.doResolve(InetSocketAddressResolver.java:57)
	at io.netty.resolver.InetSocketAddressResolver.doResolve(InetSocketAddressResolver.java:32)
	at io.netty.resolver.AbstractAddressResolver.resolve(AbstractAddressResolver.java:108)
	at io.netty.bootstrap.Bootstrap.doResolveAndConnect0(Bootstrap.java:208)
	at io.netty.bootstrap.Bootstrap.doResolveAndConnect(Bootstrap.java:170)
	at io.netty.bootstrap.Bootstrap.connect(Bootstrap.java:145)
	at io.vertx.core.net.impl.ChannelProvider.handleConnect(ChannelProvider.java:136)
	at io.vertx.core.net.impl.ChannelProvider.connect(ChannelProvider.java:90)
	at io.vertx.core.http.impl.HttpChannelConnector.doConnect(HttpChannelConnector.java:182)
	at io.vertx.core.http.impl.HttpChannelConnector.connect(HttpChannelConnector.java:101)
	at io.vertx.core.http.impl.pool.Pool.createConnection(Pool.java:291)
	at io.vertx.core.http.impl.pool.Pool.lambda$acquireConnection$3(Pool.java:201)
	at io.netty.util.concurrent.AbstractEventExecutor.safeExecute(AbstractEventExecutor.java:163)
	at io.netty.util.concurrent.SingleThreadEventExecutor.runAllTasks(SingleThreadEventExecutor.java:404)
	at io.netty.channel.nio.NioEventLoop.run(NioEventLoop.java:466)
	at io.netty.util.concurrent.SingleThreadEventExecutor$5.run(SingleThreadEventExecutor.java:897)
	at io.netty.util.concurrent.FastThreadLocalRunnable.run(FastThreadLocalRunnable.java:30)
	at java.lang.Thread.run(Thread.java:745)
08:53:20.074 [INFO ] [Thread-0] [com.cv4j.netdiscovery.core.Spider] Spider Power1510664582 stop success!
08:53:20.075 [ERROR] [RxCachedThreadScheduler-166] [com.cv4j.netdiscovery.core.Spider] failed to resolve 'www.100ghouse.com'
java.net.UnknownHostException: failed to resolve 'www.100ghouse.com'
	at io.netty.resolver.dns.DnsResolveContext.finishResolve(DnsResolveContext.java:845)
	at io.netty.resolver.dns.DnsResolveContext.tryToFinishResolve(DnsResolveContext.java:806)
	at io.netty.resolver.dns.DnsResolveContext.query(DnsResolveContext.java:333)
	at io.netty.resolver.dns.DnsResolveContext.query(DnsResolveContext.java:322)
	at io.netty.resolver.dns.DnsResolveContext.access$500(DnsResolveContext.java:62)
	at io.netty.resolver.dns.DnsResolveContext$3.operationComplete(DnsResolveContext.java:379)
	at io.netty.util.concurrent.DefaultPromise.notifyListener0(DefaultPromise.java:511)
	at io.netty.util.concurrent.DefaultPromise.notifyListenersNow(DefaultPromise.java:485)
	at io.netty.util.concurrent.DefaultPromise.notifyListeners(DefaultPromise.java:424)
	at io.netty.util.concurrent.DefaultPromise.addListener(DefaultPromise.java:162)
	at io.netty.util.concurrent.DefaultPromise.addListener(DefaultPromise.java:33)
	at io.netty.resolver.dns.DnsResolveContext.query(DnsResolveContext.java:354)
	at io.netty.resolver.dns.DnsResolveContext.query(DnsResolveContext.java:322)
	at io.netty.resolver.dns.DnsResolveContext.query(DnsResolveContext.java:909)
	at io.netty.resolver.dns.DnsResolveContext.internalResolve(DnsResolveContext.java:268)
	at io.netty.resolver.dns.DnsResolveContext.resolve(DnsResolveContext.java:182)
	at io.netty.resolver.dns.DnsNameResolver.doResolveAllUncached(DnsNameResolver.java:972)
	at io.netty.resolver.dns.DnsNameResolver.doResolveUncached(DnsNameResolver.java:878)
	at io.netty.resolver.dns.DnsNameResolver.doResolve(DnsNameResolver.java:828)
	at io.netty.resolver.dns.DnsNameResolver.doResolve(DnsNameResolver.java:671)
	at io.netty.resolver.SimpleNameResolver.resolve(SimpleNameResolver.java:63)
	at io.netty.resolver.dns.InflightNameResolver.resolve(InflightNameResolver.java:100)
	at io.netty.resolver.dns.InflightNameResolver.resolve(InflightNameResolver.java:66)
	at io.netty.resolver.dns.InflightNameResolver.resolve(InflightNameResolver.java:51)
	at io.netty.resolver.InetSocketAddressResolver.doResolve(InetSocketAddressResolver.java:57)
	at io.netty.resolver.InetSocketAddressResolver.doResolve(InetSocketAddressResolver.java:32)
	at io.netty.resolver.AbstractAddressResolver.resolve(AbstractAddressResolver.java:108)
	at io.netty.bootstrap.Bootstrap.doResolveAndConnect0(Bootstrap.java:208)
	at io.netty.bootstrap.Bootstrap.doResolveAndConnect(Bootstrap.java:170)
	at io.netty.bootstrap.Bootstrap.connect(Bootstrap.java:145)
	at io.vertx.core.net.impl.ChannelProvider.handleConnect(ChannelProvider.java:136)
	at io.vertx.core.net.impl.ChannelProvider.connect(ChannelProvider.java:90)
	at io.vertx.core.http.impl.HttpChannelConnector.doConnect(HttpChannelConnector.java:182)
	at io.vertx.core.http.impl.HttpChannelConnector.connect(HttpChannelConnector.java:101)
	at io.vertx.core.http.impl.pool.Pool.createConnection(Pool.java:291)
	at io.vertx.core.http.impl.pool.Pool.lambda$acquireConnection$3(Pool.java:201)
	at io.netty.util.concurrent.AbstractEventExecutor.safeExecute(AbstractEventExecutor.java:163)
	at io.netty.util.concurrent.SingleThreadEventExecutor.runAllTasks(SingleThreadEventExecutor.java:404)
	at io.netty.channel.nio.NioEventLoop.run(NioEventLoop.java:466)
	at io.netty.util.concurrent.SingleThreadEventExecutor$5.run(SingleThreadEventExecutor.java:897)
	at io.netty.util.concurrent.FastThreadLocalRunnable.run(FastThreadLocalRunnable.java:30)
	at java.lang.Thread.run(Thread.java:745)
Caused by: io.netty.resolver.dns.DnsNameResolverException: [/114.114.114.114:53] failed to send a query (no stack trace available)
Caused by: java.net.SocketException: Network is unreachable
	at sun.nio.ch.DatagramChannelImpl.send0(Native Method)
	at sun.nio.ch.DatagramChannelImpl.sendFromNativeBuffer(DatagramChannelImpl.java:521)
	at sun.nio.ch.DatagramChannelImpl.send(DatagramChannelImpl.java:483)
	at sun.nio.ch.DatagramChannelImpl.send(DatagramChannelImpl.java:462)
	at io.netty.channel.socket.nio.NioDatagramChannel.doWriteMessage(NioDatagramChannel.java:293)
	at io.netty.channel.nio.AbstractNioMessageChannel.doWrite(AbstractNioMessageChannel.java:142)
	at io.netty.channel.AbstractChannel$AbstractUnsafe.flush0(AbstractChannel.java:934)
	at io.netty.channel.nio.AbstractNioChannel$AbstractNioUnsafe.flush0(AbstractNioChannel.java:360)
	at io.netty.channel.AbstractChannel$AbstractUnsafe.flush(AbstractChannel.java:901)
	at io.netty.channel.DefaultChannelPipeline$HeadContext.flush(DefaultChannelPipeline.java:1396)
	at io.netty.channel.AbstractChannelHandlerContext.invokeFlush0(AbstractChannelHandlerContext.java:776)
	at io.netty.channel.AbstractChannelHandlerContext.invokeFlush(AbstractChannelHandlerContext.java:768)
	at io.netty.channel.AbstractChannelHandlerContext.flush(AbstractChannelHandlerContext.java:749)
	at io.netty.channel.ChannelOutboundHandlerAdapter.flush(ChannelOutboundHandlerAdapter.java:115)
	at io.netty.channel.AbstractChannelHandlerContext.invokeFlush0(AbstractChannelHandlerContext.java:776)
	at io.netty.channel.AbstractChannelHandlerContext.invokeWriteAndFlush(AbstractChannelHandlerContext.java:802)
	at io.netty.channel.AbstractChannelHandlerContext.write(AbstractChannelHandlerContext.java:814)
	at io.netty.channel.AbstractChannelHandlerContext.writeAndFlush(AbstractChannelHandlerContext.java:794)
	at io.netty.channel.DefaultChannelPipeline.writeAndFlush(DefaultChannelPipeline.java:1066)
	at io.netty.channel.AbstractChannel.writeAndFlush(AbstractChannel.java:305)
	at io.netty.resolver.dns.DnsQueryContext.writeQuery(DnsQueryContext.java:136)
	at io.netty.resolver.dns.DnsQueryContext.sendQuery(DnsQueryContext.java:118)
	at io.netty.resolver.dns.DnsQueryContext.query(DnsQueryContext.java:113)
	at io.netty.resolver.dns.DnsNameResolver.query0(DnsNameResolver.java:1087)
	at io.netty.resolver.dns.DnsResolveContext.query(DnsResolveContext.java:347)
	at io.netty.resolver.dns.DnsResolveContext.query(DnsResolveContext.java:322)
	at io.netty.resolver.dns.DnsResolveContext.query(DnsResolveContext.java:909)
	at io.netty.resolver.dns.DnsResolveContext.internalResolve(DnsResolveContext.java:268)
	at io.netty.resolver.dns.DnsResolveContext.resolve(DnsResolveContext.java:182)
	at io.netty.resolver.dns.DnsNameResolver.doResolveAllUncached(DnsNameResolver.java:972)
	at io.netty.resolver.dns.DnsNameResolver.doResolveUncached(DnsNameResolver.java:878)
	at io.netty.resolver.dns.DnsNameResolver.doResolve(DnsNameResolver.java:828)
	at io.netty.resolver.dns.DnsNameResolver.doResolve(DnsNameResolver.java:671)
	at io.netty.resolver.SimpleNameResolver.resolve(SimpleNameResolver.java:63)
	at io.netty.resolver.dns.InflightNameResolver.resolve(InflightNameResolver.java:100)
	at io.netty.resolver.dns.InflightNameResolver.resolve(InflightNameResolver.java:66)
	at io.netty.resolver.dns.InflightNameResolver.resolve(InflightNameResolver.java:51)
	at io.netty.resolver.InetSocketAddressResolver.doResolve(InetSocketAddressResolver.java:57)
	at io.netty.resolver.InetSocketAddressResolver.doResolve(InetSocketAddressResolver.java:32)
	at io.netty.resolver.AbstractAddressResolver.resolve(AbstractAddressResolver.java:108)
	at io.netty.bootstrap.Bootstrap.doResolveAndConnect0(Bootstrap.java:208)
	at io.netty.bootstrap.Bootstrap.doResolveAndConnect(Bootstrap.java:170)
	at io.netty.bootstrap.Bootstrap.connect(Bootstrap.java:145)
	at io.vertx.core.net.impl.ChannelProvider.handleConnect(ChannelProvider.java:136)
	at io.vertx.core.net.impl.ChannelProvider.connect(ChannelProvider.java:90)
	at io.vertx.core.http.impl.HttpChannelConnector.doConnect(HttpChannelConnector.java:182)
	at io.vertx.core.http.impl.HttpChannelConnector.connect(HttpChannelConnector.java:101)
	at io.vertx.core.http.impl.pool.Pool.createConnection(Pool.java:291)
	at io.vertx.core.http.impl.pool.Pool.lambda$acquireConnection$3(Pool.java:201)
	at io.netty.util.concurrent.AbstractEventExecutor.safeExecute(AbstractEventExecutor.java:163)
	at io.netty.util.concurrent.SingleThreadEventExecutor.runAllTasks(SingleThreadEventExecutor.java:404)
	at io.netty.channel.nio.NioEventLoop.run(NioEventLoop.java:466)
	at io.netty.util.concurrent.SingleThreadEventExecutor$5.run(SingleThreadEventExecutor.java:897)
	at io.netty.util.concurrent.FastThreadLocalRunnable.run(FastThreadLocalRunnable.java:30)
	at java.lang.Thread.run(Thread.java:745)
08:59:34.631 [INFO ] [Thread-0] [com.cv4j.netdiscovery.core.Spider] Spider Power1510664582 stop success!
08:59:34.948 [INFO ] [RxCachedThreadScheduler-167] [com.cv4j.netdiscovery.core.Spider] http://www.100ghouse.com/yonghu//app/users/user/pass_code
09:05:48.155 [INFO ] [Thread-0] [com.cv4j.netdiscovery.core.Spider] Spider Power1510664582 stop success!
09:05:48.347 [INFO ] [RxCachedThreadScheduler-168] [com.cv4j.netdiscovery.core.Spider] http://www.100ghouse.com/yonghu//app/users/user/pass_code
09:11:56.774 [INFO ] [Thread-0] [com.cv4j.netdiscovery.core.Spider] Spider Power1510664582 stop success!
09:11:56.969 [INFO ] [RxCachedThreadScheduler-169] [com.cv4j.netdiscovery.core.Spider] http://www.100ghouse.com/yonghu//app/users/user/pass_code
09:18:13.499 [INFO ] [Thread-0] [com.cv4j.netdiscovery.core.Spider] Spider Power1510664582 stop success!
09:18:13.713 [INFO ] [RxCachedThreadScheduler-170] [com.cv4j.netdiscovery.core.Spider] http://www.100ghouse.com/yonghu//app/users/user/pass_code
09:24:30.639 [INFO ] [Thread-0] [com.cv4j.netdiscovery.core.Spider] Spider Power1510664582 stop success!
09:24:30.847 [INFO ] [RxCachedThreadScheduler-171] [com.cv4j.netdiscovery.core.Spider] http://www.100ghouse.com/yonghu//app/users/user/pass_code
09:30:53.146 [INFO ] [Thread-0] [com.cv4j.netdiscovery.core.Spider] Spider Power1510664582 stop success!
09:30:53.416 [INFO ] [RxCachedThreadScheduler-172] [com.cv4j.netdiscovery.core.Spider] http://www.100ghouse.com/yonghu//app/users/user/pass_code
09:37:18.820 [INFO ] [Thread-0] [com.cv4j.netdiscovery.core.Spider] Spider Power1510664582 stop success!
09:37:19.021 [INFO ] [RxCachedThreadScheduler-173] [com.cv4j.netdiscovery.core.Spider] http://www.100ghouse.com/yonghu//app/users/user/pass_code
09:43:31.009 [INFO ] [Thread-0] [com.cv4j.netdiscovery.core.Spider] Spider Power1510664582 stop success!
09:43:31.194 [INFO ] [RxCachedThreadScheduler-174] [com.cv4j.netdiscovery.core.Spider] http://www.100ghouse.com/yonghu//app/users/user/pass_code
09:49:51.290 [INFO ] [Thread-0] [com.cv4j.netdiscovery.core.Spider] Spider Power1510664582 stop success!
09:49:52.133 [INFO ] [RxCachedThreadScheduler-175] [com.cv4j.netdiscovery.core.Spider] http://www.100ghouse.com/yonghu//app/users/user/pass_code
09:56:14.585 [INFO ] [Thread-0] [com.cv4j.netdiscovery.core.Spider] Spider Power1510664582 stop success!
09:56:14.777 [INFO ] [RxCachedThreadScheduler-176] [com.cv4j.netdiscovery.core.Spider] http://www.100ghouse.com/yonghu//app/users/user/pass_code
10:02:25.325 [INFO ] [Thread-0] [com.cv4j.netdiscovery.core.Spider] Spider Power1510664582 stop success!
10:02:25.564 [INFO ] [RxCachedThreadScheduler-177] [com.cv4j.netdiscovery.core.Spider] http://www.100ghouse.com/yonghu//app/users/user/pass_code
10:08:33.911 [INFO ] [Thread-0] [com.cv4j.netdiscovery.core.Spider] Spider Power1510664582 stop success!
10:08:34.120 [INFO ] [RxCachedThreadScheduler-178] [com.cv4j.netdiscovery.core.Spider] http://www.100ghouse.com/yonghu//app/users/user/pass_code
10:14:42.626 [INFO ] [Thread-0] [com.cv4j.netdiscovery.core.Spider] Spider Power1510664582 stop success!
10:14:42.816 [INFO ] [RxCachedThreadScheduler-179] [com.cv4j.netdiscovery.core.Spider] http://www.100ghouse.com/yonghu//app/users/user/pass_code
10:20:51.970 [INFO ] [Thread-0] [com.cv4j.netdiscovery.core.Spider] Spider Power1510664582 stop success!
10:20:52.200 [INFO ] [RxCachedThreadScheduler-180] [com.cv4j.netdiscovery.core.Spider] http://www.100ghouse.com/yonghu//app/users/user/pass_code
10:27:01.443 [INFO ] [Thread-0] [com.cv4j.netdiscovery.core.Spider] Spider Power1510664582 stop success!
10:27:01.598 [INFO ] [RxCachedThreadScheduler-181] [com.cv4j.netdiscovery.core.Spider] http://www.100ghouse.com/yonghu//app/users/user/pass_code
10:33:54.178 [INFO ] [Thread-0] [com.cv4j.netdiscovery.core.Spider] Spider Power1510664582 stop success!
10:33:54.366 [INFO ] [RxCachedThreadScheduler-182] [com.cv4j.netdiscovery.core.Spider] http://www.100ghouse.com/yonghu//app/users/user/pass_code
10:40:41.360 [INFO ] [Thread-0] [com.cv4j.netdiscovery.core.Spider] Spider Power1510664582 stop success!
10:40:41.567 [INFO ] [RxCachedThreadScheduler-183] [com.cv4j.netdiscovery.core.Spider] http://www.100ghouse.com/yonghu//app/users/user/pass_code
10:47:15.566 [INFO ] [Thread-0] [com.cv4j.netdiscovery.core.Spider] Spider Power1510664582 stop success!
10:47:15.772 [INFO ] [RxCachedThreadScheduler-184] [com.cv4j.netdiscovery.core.Spider] http://www.100ghouse.com/yonghu//app/users/user/pass_code
10:54:01.366 [INFO ] [Thread-0] [com.cv4j.netdiscovery.core.Spider] Spider Power1510664582 stop success!
10:54:01.565 [INFO ] [RxCachedThreadScheduler-185] [com.cv4j.netdiscovery.core.Spider] http://www.100ghouse.com/yonghu//app/users/user/pass_code
11:00:27.508 [INFO ] [Thread-0] [com.cv4j.netdiscovery.core.Spider] Spider Power1510664582 stop success!
11:00:27.724 [INFO ] [RxCachedThreadScheduler-186] [com.cv4j.netdiscovery.core.Spider] http://www.100ghouse.com/yonghu//app/users/user/pass_code
11:07:06.745 [INFO ] [Thread-0] [com.cv4j.netdiscovery.core.Spider] Spider Power1510664582 stop success!
11:07:11.751 [ERROR] [RxCachedThreadScheduler-187] [com.cv4j.netdiscovery.core.Spider] failed to resolve 'www.100ghouse.com' after 2 queries 
java.net.UnknownHostException: failed to resolve 'www.100ghouse.com' after 2 queries 
	at io.netty.resolver.dns.DnsResolveContext.finishResolve(DnsResolveContext.java:845)
	at io.netty.resolver.dns.DnsResolveContext.tryToFinishResolve(DnsResolveContext.java:806)
	at io.netty.resolver.dns.DnsResolveContext.query(DnsResolveContext.java:333)
	at io.netty.resolver.dns.DnsResolveContext.query(DnsResolveContext.java:322)
	at io.netty.resolver.dns.DnsResolveContext.access$500(DnsResolveContext.java:62)
	at io.netty.resolver.dns.DnsResolveContext$3.operationComplete(DnsResolveContext.java:379)
	at io.netty.util.concurrent.DefaultPromise.notifyListener0(DefaultPromise.java:511)
	at io.netty.util.concurrent.DefaultPromise.notifyListeners0(DefaultPromise.java:504)
	at io.netty.util.concurrent.DefaultPromise.notifyListenersNow(DefaultPromise.java:483)
	at io.netty.util.concurrent.DefaultPromise.notifyListeners(DefaultPromise.java:424)
	at io.netty.util.concurrent.DefaultPromise.tryFailure(DefaultPromise.java:121)
	at io.netty.resolver.dns.DnsQueryContext.setFailure(DnsQueryContext.java:216)
	at io.netty.resolver.dns.DnsQueryContext.access$300(DnsQueryContext.java:43)
	at io.netty.resolver.dns.DnsQueryContext$4.run(DnsQueryContext.java:166)
	at io.netty.util.concurrent.PromiseTask$RunnableAdapter.call(PromiseTask.java:38)
	at io.netty.util.concurrent.ScheduledFutureTask.run(ScheduledFutureTask.java:127)
	at io.netty.util.concurrent.AbstractEventExecutor.safeExecute(AbstractEventExecutor.java:163)
	at io.netty.util.concurrent.SingleThreadEventExecutor.runAllTasks(SingleThreadEventExecutor.java:404)
	at io.netty.channel.nio.NioEventLoop.run(NioEventLoop.java:466)
	at io.netty.util.concurrent.SingleThreadEventExecutor$5.run(SingleThreadEventExecutor.java:897)
	at io.netty.util.concurrent.FastThreadLocalRunnable.run(FastThreadLocalRunnable.java:30)
	at java.lang.Thread.run(Thread.java:745)
Caused by: io.netty.resolver.dns.DnsNameResolverTimeoutException: [/114.114.114.114:53] query timed out after 5000 milliseconds (no stack trace available)
11:14:00.552 [INFO ] [Thread-0] [com.cv4j.netdiscovery.core.Spider] Spider Power1510664582 stop success!
11:14:00.819 [INFO ] [RxCachedThreadScheduler-188] [com.cv4j.netdiscovery.core.Spider] http://www.100ghouse.com/yonghu//app/users/user/pass_code
11:21:04.317 [INFO ] [Thread-0] [com.cv4j.netdiscovery.core.Spider] Spider Power1510664582 stop success!
11:21:04.534 [INFO ] [RxCachedThreadScheduler-189] [com.cv4j.netdiscovery.core.Spider] http://www.100ghouse.com/yonghu//app/users/user/pass_code
11:28:00.579 [INFO ] [Thread-0] [com.cv4j.netdiscovery.core.Spider] Spider Power1510664582 stop success!
11:28:00.831 [INFO ] [RxCachedThreadScheduler-190] [com.cv4j.netdiscovery.core.Spider] http://www.100ghouse.com/yonghu//app/users/user/pass_code
11:34:53.004 [INFO ] [Thread-0] [com.cv4j.netdiscovery.core.Spider] Spider Power1510664582 stop success!
11:34:53.217 [INFO ] [RxCachedThreadScheduler-191] [com.cv4j.netdiscovery.core.Spider] http://www.100ghouse.com/yonghu//app/users/user/pass_code
11:41:39.027 [INFO ] [Thread-0] [com.cv4j.netdiscovery.core.Spider] Spider Power1510664582 stop success!
11:41:44.035 [ERROR] [RxCachedThreadScheduler-192] [com.cv4j.netdiscovery.core.Spider] failed to resolve 'www.100ghouse.com' after 2 queries 
java.net.UnknownHostException: failed to resolve 'www.100ghouse.com' after 2 queries 
	at io.netty.resolver.dns.DnsResolveContext.finishResolve(DnsResolveContext.java:845)
	at io.netty.resolver.dns.DnsResolveContext.tryToFinishResolve(DnsResolveContext.java:806)
	at io.netty.resolver.dns.DnsResolveContext.query(DnsResolveContext.java:333)
	at io.netty.resolver.dns.DnsResolveContext.query(DnsResolveContext.java:322)
	at io.netty.resolver.dns.DnsResolveContext.access$500(DnsResolveContext.java:62)
	at io.netty.resolver.dns.DnsResolveContext$3.operationComplete(DnsResolveContext.java:379)
	at io.netty.util.concurrent.DefaultPromise.notifyListener0(DefaultPromise.java:511)
	at io.netty.util.concurrent.DefaultPromise.notifyListeners0(DefaultPromise.java:504)
	at io.netty.util.concurrent.DefaultPromise.notifyListenersNow(DefaultPromise.java:483)
	at io.netty.util.concurrent.DefaultPromise.notifyListeners(DefaultPromise.java:424)
	at io.netty.util.concurrent.DefaultPromise.tryFailure(DefaultPromise.java:121)
	at io.netty.resolver.dns.DnsQueryContext.setFailure(DnsQueryContext.java:216)
	at io.netty.resolver.dns.DnsQueryContext.access$300(DnsQueryContext.java:43)
	at io.netty.resolver.dns.DnsQueryContext$4.run(DnsQueryContext.java:166)
	at io.netty.util.concurrent.PromiseTask$RunnableAdapter.call(PromiseTask.java:38)
	at io.netty.util.concurrent.ScheduledFutureTask.run(ScheduledFutureTask.java:127)
	at io.netty.util.concurrent.AbstractEventExecutor.safeExecute(AbstractEventExecutor.java:163)
	at io.netty.util.concurrent.SingleThreadEventExecutor.runAllTasks(SingleThreadEventExecutor.java:404)
	at io.netty.channel.nio.NioEventLoop.run(NioEventLoop.java:466)
	at io.netty.util.concurrent.SingleThreadEventExecutor$5.run(SingleThreadEventExecutor.java:897)
	at io.netty.util.concurrent.FastThreadLocalRunnable.run(FastThreadLocalRunnable.java:30)
	at java.lang.Thread.run(Thread.java:745)
Caused by: io.netty.resolver.dns.DnsNameResolverTimeoutException: [/114.114.114.114:53] query timed out after 5000 milliseconds (no stack trace available)
11:48:04.765 [INFO ] [Thread-0] [com.cv4j.netdiscovery.core.Spider] Spider Power1510664582 stop success!
11:48:07.488 [INFO ] [RxCachedThreadScheduler-193] [com.cv4j.netdiscovery.core.Spider] http://www.100ghouse.com/yonghu//app/users/user/pass_code
11:54:31.542 [INFO ] [Thread-0] [com.cv4j.netdiscovery.core.Spider] Spider Power1510664582 stop success!
11:54:36.550 [ERROR] [RxCachedThreadScheduler-194] [com.cv4j.netdiscovery.core.Spider] failed to resolve 'www.100ghouse.com' after 2 queries 
java.net.UnknownHostException: failed to resolve 'www.100ghouse.com' after 2 queries 
	at io.netty.resolver.dns.DnsResolveContext.finishResolve(DnsResolveContext.java:845)
	at io.netty.resolver.dns.DnsResolveContext.tryToFinishResolve(DnsResolveContext.java:806)
	at io.netty.resolver.dns.DnsResolveContext.query(DnsResolveContext.java:333)
	at io.netty.resolver.dns.DnsResolveContext.query(DnsResolveContext.java:322)
	at io.netty.resolver.dns.DnsResolveContext.access$500(DnsResolveContext.java:62)
	at io.netty.resolver.dns.DnsResolveContext$3.operationComplete(DnsResolveContext.java:379)
	at io.netty.util.concurrent.DefaultPromise.notifyListener0(DefaultPromise.java:511)
	at io.netty.util.concurrent.DefaultPromise.notifyListeners0(DefaultPromise.java:504)
	at io.netty.util.concurrent.DefaultPromise.notifyListenersNow(DefaultPromise.java:483)
	at io.netty.util.concurrent.DefaultPromise.notifyListeners(DefaultPromise.java:424)
	at io.netty.util.concurrent.DefaultPromise.tryFailure(DefaultPromise.java:121)
	at io.netty.resolver.dns.DnsQueryContext.setFailure(DnsQueryContext.java:216)
	at io.netty.resolver.dns.DnsQueryContext.access$300(DnsQueryContext.java:43)
	at io.netty.resolver.dns.DnsQueryContext$4.run(DnsQueryContext.java:166)
	at io.netty.util.concurrent.PromiseTask$RunnableAdapter.call(PromiseTask.java:38)
	at io.netty.util.concurrent.ScheduledFutureTask.run(ScheduledFutureTask.java:127)
	at io.netty.util.concurrent.AbstractEventExecutor.safeExecute(AbstractEventExecutor.java:163)
	at io.netty.util.concurrent.SingleThreadEventExecutor.runAllTasks(SingleThreadEventExecutor.java:404)
	at io.netty.channel.nio.NioEventLoop.run(NioEventLoop.java:466)
	at io.netty.util.concurrent.SingleThreadEventExecutor$5.run(SingleThreadEventExecutor.java:897)
	at io.netty.util.concurrent.FastThreadLocalRunnable.run(FastThreadLocalRunnable.java:30)
	at java.lang.Thread.run(Thread.java:745)
Caused by: io.netty.resolver.dns.DnsNameResolverTimeoutException: [/114.114.114.114:53] query timed out after 5000 milliseconds (no stack trace available)
11:54:38.931 [WARN ] [vert.x-eventloop-thread-5] [io.netty.resolver.dns.DnsNameResolver] [id: 0xba566c4f, L:/0:0:0:0:0:0:0:0:64032] Received a DNS response with an unknown ID: 44561
12:01:01.882 [INFO ] [Thread-0] [com.cv4j.netdiscovery.core.Spider] Spider Power1510664582 stop success!
12:01:01.884 [ERROR] [RxCachedThreadScheduler-195] [com.cv4j.netdiscovery.core.Spider] failed to resolve 'www.100ghouse.com'
java.net.UnknownHostException: failed to resolve 'www.100ghouse.com'
	at io.netty.resolver.dns.DnsResolveContext.finishResolve(DnsResolveContext.java:845)
	at io.netty.resolver.dns.DnsResolveContext.tryToFinishResolve(DnsResolveContext.java:806)
	at io.netty.resolver.dns.DnsResolveContext.query(DnsResolveContext.java:333)
	at io.netty.resolver.dns.DnsResolveContext.query(DnsResolveContext.java:322)
	at io.netty.resolver.dns.DnsResolveContext.access$500(DnsResolveContext.java:62)
	at io.netty.resolver.dns.DnsResolveContext$3.operationComplete(DnsResolveContext.java:379)
	at io.netty.util.concurrent.DefaultPromise.notifyListener0(DefaultPromise.java:511)
	at io.netty.util.concurrent.DefaultPromise.notifyListenersNow(DefaultPromise.java:485)
	at io.netty.util.concurrent.DefaultPromise.notifyListeners(DefaultPromise.java:424)
	at io.netty.util.concurrent.DefaultPromise.addListener(DefaultPromise.java:162)
	at io.netty.util.concurrent.DefaultPromise.addListener(DefaultPromise.java:33)
	at io.netty.resolver.dns.DnsResolveContext.query(DnsResolveContext.java:354)
	at io.netty.resolver.dns.DnsResolveContext.query(DnsResolveContext.java:322)
	at io.netty.resolver.dns.DnsResolveContext.query(DnsResolveContext.java:909)
	at io.netty.resolver.dns.DnsResolveContext.internalResolve(DnsResolveContext.java:268)
	at io.netty.resolver.dns.DnsResolveContext.resolve(DnsResolveContext.java:182)
	at io.netty.resolver.dns.DnsNameResolver.doResolveAllUncached(DnsNameResolver.java:972)
	at io.netty.resolver.dns.DnsNameResolver.doResolveUncached(DnsNameResolver.java:878)
	at io.netty.resolver.dns.DnsNameResolver.doResolve(DnsNameResolver.java:828)
	at io.netty.resolver.dns.DnsNameResolver.doResolve(DnsNameResolver.java:671)
	at io.netty.resolver.SimpleNameResolver.resolve(SimpleNameResolver.java:63)
	at io.netty.resolver.dns.InflightNameResolver.resolve(InflightNameResolver.java:100)
	at io.netty.resolver.dns.InflightNameResolver.resolve(InflightNameResolver.java:66)
	at io.netty.resolver.dns.InflightNameResolver.resolve(InflightNameResolver.java:51)
	at io.netty.resolver.InetSocketAddressResolver.doResolve(InetSocketAddressResolver.java:57)
	at io.netty.resolver.InetSocketAddressResolver.doResolve(InetSocketAddressResolver.java:32)
	at io.netty.resolver.AbstractAddressResolver.resolve(AbstractAddressResolver.java:108)
	at io.netty.bootstrap.Bootstrap.doResolveAndConnect0(Bootstrap.java:208)
	at io.netty.bootstrap.Bootstrap.doResolveAndConnect(Bootstrap.java:170)
	at io.netty.bootstrap.Bootstrap.connect(Bootstrap.java:145)
	at io.vertx.core.net.impl.ChannelProvider.handleConnect(ChannelProvider.java:136)
	at io.vertx.core.net.impl.ChannelProvider.connect(ChannelProvider.java:90)
	at io.vertx.core.http.impl.HttpChannelConnector.doConnect(HttpChannelConnector.java:182)
	at io.vertx.core.http.impl.HttpChannelConnector.connect(HttpChannelConnector.java:101)
	at io.vertx.core.http.impl.pool.Pool.createConnection(Pool.java:291)
	at io.vertx.core.http.impl.pool.Pool.lambda$acquireConnection$3(Pool.java:201)
	at io.netty.util.concurrent.AbstractEventExecutor.safeExecute(AbstractEventExecutor.java:163)
	at io.netty.util.concurrent.SingleThreadEventExecutor.runAllTasks(SingleThreadEventExecutor.java:404)
	at io.netty.channel.nio.NioEventLoop.run(NioEventLoop.java:466)
	at io.netty.util.concurrent.SingleThreadEventExecutor$5.run(SingleThreadEventExecutor.java:897)
	at io.netty.util.concurrent.FastThreadLocalRunnable.run(FastThreadLocalRunnable.java:30)
	at java.lang.Thread.run(Thread.java:745)
Caused by: io.netty.resolver.dns.DnsNameResolverException: [/114.114.114.114:53] failed to send a query (no stack trace available)
Caused by: java.net.SocketException: Network is unreachable
	at sun.nio.ch.DatagramChannelImpl.send0(Native Method)
	at sun.nio.ch.DatagramChannelImpl.sendFromNativeBuffer(DatagramChannelImpl.java:521)
	at sun.nio.ch.DatagramChannelImpl.send(DatagramChannelImpl.java:483)
	at sun.nio.ch.DatagramChannelImpl.send(DatagramChannelImpl.java:462)
	at io.netty.channel.socket.nio.NioDatagramChannel.doWriteMessage(NioDatagramChannel.java:293)
	at io.netty.channel.nio.AbstractNioMessageChannel.doWrite(AbstractNioMessageChannel.java:142)
	at io.netty.channel.AbstractChannel$AbstractUnsafe.flush0(AbstractChannel.java:934)
	at io.netty.channel.nio.AbstractNioChannel$AbstractNioUnsafe.flush0(AbstractNioChannel.java:360)
	at io.netty.channel.AbstractChannel$AbstractUnsafe.flush(AbstractChannel.java:901)
	at io.netty.channel.DefaultChannelPipeline$HeadContext.flush(DefaultChannelPipeline.java:1396)
	at io.netty.channel.AbstractChannelHandlerContext.invokeFlush0(AbstractChannelHandlerContext.java:776)
	at io.netty.channel.AbstractChannelHandlerContext.invokeFlush(AbstractChannelHandlerContext.java:768)
	at io.netty.channel.AbstractChannelHandlerContext.flush(AbstractChannelHandlerContext.java:749)
	at io.netty.channel.ChannelOutboundHandlerAdapter.flush(ChannelOutboundHandlerAdapter.java:115)
	at io.netty.channel.AbstractChannelHandlerContext.invokeFlush0(AbstractChannelHandlerContext.java:776)
	at io.netty.channel.AbstractChannelHandlerContext.invokeWriteAndFlush(AbstractChannelHandlerContext.java:802)
	at io.netty.channel.AbstractChannelHandlerContext.write(AbstractChannelHandlerContext.java:814)
	at io.netty.channel.AbstractChannelHandlerContext.writeAndFlush(AbstractChannelHandlerContext.java:794)
	at io.netty.channel.DefaultChannelPipeline.writeAndFlush(DefaultChannelPipeline.java:1066)
	at io.netty.channel.AbstractChannel.writeAndFlush(AbstractChannel.java:305)
	at io.netty.resolver.dns.DnsQueryContext.writeQuery(DnsQueryContext.java:136)
	at io.netty.resolver.dns.DnsQueryContext.sendQuery(DnsQueryContext.java:118)
	at io.netty.resolver.dns.DnsQueryContext.query(DnsQueryContext.java:113)
	at io.netty.resolver.dns.DnsNameResolver.query0(DnsNameResolver.java:1087)
	at io.netty.resolver.dns.DnsResolveContext.query(DnsResolveContext.java:347)
	at io.netty.resolver.dns.DnsResolveContext.query(DnsResolveContext.java:322)
	at io.netty.resolver.dns.DnsResolveContext.query(DnsResolveContext.java:909)
	at io.netty.resolver.dns.DnsResolveContext.internalResolve(DnsResolveContext.java:268)
	at io.netty.resolver.dns.DnsResolveContext.resolve(DnsResolveContext.java:182)
	at io.netty.resolver.dns.DnsNameResolver.doResolveAllUncached(DnsNameResolver.java:972)
	at io.netty.resolver.dns.DnsNameResolver.doResolveUncached(DnsNameResolver.java:878)
	at io.netty.resolver.dns.DnsNameResolver.doResolve(DnsNameResolver.java:828)
	at io.netty.resolver.dns.DnsNameResolver.doResolve(DnsNameResolver.java:671)
	at io.netty.resolver.SimpleNameResolver.resolve(SimpleNameResolver.java:63)
	at io.netty.resolver.dns.InflightNameResolver.resolve(InflightNameResolver.java:100)
	at io.netty.resolver.dns.InflightNameResolver.resolve(InflightNameResolver.java:66)
	at io.netty.resolver.dns.InflightNameResolver.resolve(InflightNameResolver.java:51)
	at io.netty.resolver.InetSocketAddressResolver.doResolve(InetSocketAddressResolver.java:57)
	at io.netty.resolver.InetSocketAddressResolver.doResolve(InetSocketAddressResolver.java:32)
	at io.netty.resolver.AbstractAddressResolver.resolve(AbstractAddressResolver.java:108)
	at io.netty.bootstrap.Bootstrap.doResolveAndConnect0(Bootstrap.java:208)
	at io.netty.bootstrap.Bootstrap.doResolveAndConnect(Bootstrap.java:170)
	at io.netty.bootstrap.Bootstrap.connect(Bootstrap.java:145)
	at io.vertx.core.net.impl.ChannelProvider.handleConnect(ChannelProvider.java:136)
	at io.vertx.core.net.impl.ChannelProvider.connect(ChannelProvider.java:90)
	at io.vertx.core.http.impl.HttpChannelConnector.doConnect(HttpChannelConnector.java:182)
	at io.vertx.core.http.impl.HttpChannelConnector.connect(HttpChannelConnector.java:101)
	at io.vertx.core.http.impl.pool.Pool.createConnection(Pool.java:291)
	at io.vertx.core.http.impl.pool.Pool.lambda$acquireConnection$3(Pool.java:201)
	at io.netty.util.concurrent.AbstractEventExecutor.safeExecute(AbstractEventExecutor.java:163)
	at io.netty.util.concurrent.SingleThreadEventExecutor.runAllTasks(SingleThreadEventExecutor.java:404)
	at io.netty.channel.nio.NioEventLoop.run(NioEventLoop.java:466)
	at io.netty.util.concurrent.SingleThreadEventExecutor$5.run(SingleThreadEventExecutor.java:897)
	at io.netty.util.concurrent.FastThreadLocalRunnable.run(FastThreadLocalRunnable.java:30)
	at java.lang.Thread.run(Thread.java:745)
12:07:27.846 [INFO ] [Thread-0] [com.cv4j.netdiscovery.core.Spider] Spider Power1510664582 stop success!
12:07:27.848 [ERROR] [RxCachedThreadScheduler-196] [com.cv4j.netdiscovery.core.Spider] failed to resolve 'www.100ghouse.com'
java.net.UnknownHostException: failed to resolve 'www.100ghouse.com'
	at io.netty.resolver.dns.DnsResolveContext.finishResolve(DnsResolveContext.java:845)
	at io.netty.resolver.dns.DnsResolveContext.tryToFinishResolve(DnsResolveContext.java:806)
	at io.netty.resolver.dns.DnsResolveContext.query(DnsResolveContext.java:333)
	at io.netty.resolver.dns.DnsResolveContext.query(DnsResolveContext.java:322)
	at io.netty.resolver.dns.DnsResolveContext.access$500(DnsResolveContext.java:62)
	at io.netty.resolver.dns.DnsResolveContext$3.operationComplete(DnsResolveContext.java:379)
	at io.netty.util.concurrent.DefaultPromise.notifyListener0(DefaultPromise.java:511)
	at io.netty.util.concurrent.DefaultPromise.notifyListenersNow(DefaultPromise.java:485)
	at io.netty.util.concurrent.DefaultPromise.notifyListeners(DefaultPromise.java:424)
	at io.netty.util.concurrent.DefaultPromise.addListener(DefaultPromise.java:162)
	at io.netty.util.concurrent.DefaultPromise.addListener(DefaultPromise.java:33)
	at io.netty.resolver.dns.DnsResolveContext.query(DnsResolveContext.java:354)
	at io.netty.resolver.dns.DnsResolveContext.query(DnsResolveContext.java:322)
	at io.netty.resolver.dns.DnsResolveContext.query(DnsResolveContext.java:909)
	at io.netty.resolver.dns.DnsResolveContext.internalResolve(DnsResolveContext.java:268)
	at io.netty.resolver.dns.DnsResolveContext.resolve(DnsResolveContext.java:182)
	at io.netty.resolver.dns.DnsNameResolver.doResolveAllUncached(DnsNameResolver.java:972)
	at io.netty.resolver.dns.DnsNameResolver.doResolveUncached(DnsNameResolver.java:878)
	at io.netty.resolver.dns.DnsNameResolver.doResolve(DnsNameResolver.java:828)
	at io.netty.resolver.dns.DnsNameResolver.doResolve(DnsNameResolver.java:671)
	at io.netty.resolver.SimpleNameResolver.resolve(SimpleNameResolver.java:63)
	at io.netty.resolver.dns.InflightNameResolver.resolve(InflightNameResolver.java:100)
	at io.netty.resolver.dns.InflightNameResolver.resolve(InflightNameResolver.java:66)
	at io.netty.resolver.dns.InflightNameResolver.resolve(InflightNameResolver.java:51)
	at io.netty.resolver.InetSocketAddressResolver.doResolve(InetSocketAddressResolver.java:57)
	at io.netty.resolver.InetSocketAddressResolver.doResolve(InetSocketAddressResolver.java:32)
	at io.netty.resolver.AbstractAddressResolver.resolve(AbstractAddressResolver.java:108)
	at io.netty.bootstrap.Bootstrap.doResolveAndConnect0(Bootstrap.java:208)
	at io.netty.bootstrap.Bootstrap.doResolveAndConnect(Bootstrap.java:170)
	at io.netty.bootstrap.Bootstrap.connect(Bootstrap.java:145)
	at io.vertx.core.net.impl.ChannelProvider.handleConnect(ChannelProvider.java:136)
	at io.vertx.core.net.impl.ChannelProvider.connect(ChannelProvider.java:90)
	at io.vertx.core.http.impl.HttpChannelConnector.doConnect(HttpChannelConnector.java:182)
	at io.vertx.core.http.impl.HttpChannelConnector.connect(HttpChannelConnector.java:101)
	at io.vertx.core.http.impl.pool.Pool.createConnection(Pool.java:291)
	at io.vertx.core.http.impl.pool.Pool.lambda$acquireConnection$3(Pool.java:201)
	at io.netty.util.concurrent.AbstractEventExecutor.safeExecute(AbstractEventExecutor.java:163)
	at io.netty.util.concurrent.SingleThreadEventExecutor.runAllTasks(SingleThreadEventExecutor.java:404)
	at io.netty.channel.nio.NioEventLoop.run(NioEventLoop.java:466)
	at io.netty.util.concurrent.SingleThreadEventExecutor$5.run(SingleThreadEventExecutor.java:897)
	at io.netty.util.concurrent.FastThreadLocalRunnable.run(FastThreadLocalRunnable.java:30)
	at java.lang.Thread.run(Thread.java:745)
Caused by: io.netty.resolver.dns.DnsNameResolverException: [/114.114.114.114:53] failed to send a query (no stack trace available)
Caused by: java.net.SocketException: Network is unreachable
	at sun.nio.ch.DatagramChannelImpl.send0(Native Method)
	at sun.nio.ch.DatagramChannelImpl.sendFromNativeBuffer(DatagramChannelImpl.java:521)
	at sun.nio.ch.DatagramChannelImpl.send(DatagramChannelImpl.java:483)
	at sun.nio.ch.DatagramChannelImpl.send(DatagramChannelImpl.java:462)
	at io.netty.channel.socket.nio.NioDatagramChannel.doWriteMessage(NioDatagramChannel.java:293)
	at io.netty.channel.nio.AbstractNioMessageChannel.doWrite(AbstractNioMessageChannel.java:142)
	at io.netty.channel.AbstractChannel$AbstractUnsafe.flush0(AbstractChannel.java:934)
	at io.netty.channel.nio.AbstractNioChannel$AbstractNioUnsafe.flush0(AbstractNioChannel.java:360)
	at io.netty.channel.AbstractChannel$AbstractUnsafe.flush(AbstractChannel.java:901)
	at io.netty.channel.DefaultChannelPipeline$HeadContext.flush(DefaultChannelPipeline.java:1396)
	at io.netty.channel.AbstractChannelHandlerContext.invokeFlush0(AbstractChannelHandlerContext.java:776)
	at io.netty.channel.AbstractChannelHandlerContext.invokeFlush(AbstractChannelHandlerContext.java:768)
	at io.netty.channel.AbstractChannelHandlerContext.flush(AbstractChannelHandlerContext.java:749)
	at io.netty.channel.ChannelOutboundHandlerAdapter.flush(ChannelOutboundHandlerAdapter.java:115)
	at io.netty.channel.AbstractChannelHandlerContext.invokeFlush0(AbstractChannelHandlerContext.java:776)
	at io.netty.channel.AbstractChannelHandlerContext.invokeWriteAndFlush(AbstractChannelHandlerContext.java:802)
	at io.netty.channel.AbstractChannelHandlerContext.write(AbstractChannelHandlerContext.java:814)
	at io.netty.channel.AbstractChannelHandlerContext.writeAndFlush(AbstractChannelHandlerContext.java:794)
	at io.netty.channel.DefaultChannelPipeline.writeAndFlush(DefaultChannelPipeline.java:1066)
	at io.netty.channel.AbstractChannel.writeAndFlush(AbstractChannel.java:305)
	at io.netty.resolver.dns.DnsQueryContext.writeQuery(DnsQueryContext.java:136)
	at io.netty.resolver.dns.DnsQueryContext.sendQuery(DnsQueryContext.java:118)
	at io.netty.resolver.dns.DnsQueryContext.query(DnsQueryContext.java:113)
	at io.netty.resolver.dns.DnsNameResolver.query0(DnsNameResolver.java:1087)
	at io.netty.resolver.dns.DnsResolveContext.query(DnsResolveContext.java:347)
	at io.netty.resolver.dns.DnsResolveContext.query(DnsResolveContext.java:322)
	at io.netty.resolver.dns.DnsResolveContext.query(DnsResolveContext.java:909)
	at io.netty.resolver.dns.DnsResolveContext.internalResolve(DnsResolveContext.java:268)
	at io.netty.resolver.dns.DnsResolveContext.resolve(DnsResolveContext.java:182)
	at io.netty.resolver.dns.DnsNameResolver.doResolveAllUncached(DnsNameResolver.java:972)
	at io.netty.resolver.dns.DnsNameResolver.doResolveUncached(DnsNameResolver.java:878)
	at io.netty.resolver.dns.DnsNameResolver.doResolve(DnsNameResolver.java:828)
	at io.netty.resolver.dns.DnsNameResolver.doResolve(DnsNameResolver.java:671)
	at io.netty.resolver.SimpleNameResolver.resolve(SimpleNameResolver.java:63)
	at io.netty.resolver.dns.InflightNameResolver.resolve(InflightNameResolver.java:100)
	at io.netty.resolver.dns.InflightNameResolver.resolve(InflightNameResolver.java:66)
	at io.netty.resolver.dns.InflightNameResolver.resolve(InflightNameResolver.java:51)
	at io.netty.resolver.InetSocketAddressResolver.doResolve(InetSocketAddressResolver.java:57)
	at io.netty.resolver.InetSocketAddressResolver.doResolve(InetSocketAddressResolver.java:32)
	at io.netty.resolver.AbstractAddressResolver.resolve(AbstractAddressResolver.java:108)
	at io.netty.bootstrap.Bootstrap.doResolveAndConnect0(Bootstrap.java:208)
	at io.netty.bootstrap.Bootstrap.doResolveAndConnect(Bootstrap.java:170)
	at io.netty.bootstrap.Bootstrap.connect(Bootstrap.java:145)
	at io.vertx.core.net.impl.ChannelProvider.handleConnect(ChannelProvider.java:136)
	at io.vertx.core.net.impl.ChannelProvider.connect(ChannelProvider.java:90)
	at io.vertx.core.http.impl.HttpChannelConnector.doConnect(HttpChannelConnector.java:182)
	at io.vertx.core.http.impl.HttpChannelConnector.connect(HttpChannelConnector.java:101)
	at io.vertx.core.http.impl.pool.Pool.createConnection(Pool.java:291)
	at io.vertx.core.http.impl.pool.Pool.lambda$acquireConnection$3(Pool.java:201)
	at io.netty.util.concurrent.AbstractEventExecutor.safeExecute(AbstractEventExecutor.java:163)
	at io.netty.util.concurrent.SingleThreadEventExecutor.runAllTasks(SingleThreadEventExecutor.java:404)
	at io.netty.channel.nio.NioEventLoop.run(NioEventLoop.java:466)
	at io.netty.util.concurrent.SingleThreadEventExecutor$5.run(SingleThreadEventExecutor.java:897)
	at io.netty.util.concurrent.FastThreadLocalRunnable.run(FastThreadLocalRunnable.java:30)
	at java.lang.Thread.run(Thread.java:745)
12:13:55.365 [INFO ] [Thread-0] [com.cv4j.netdiscovery.core.Spider] Spider Power1510664582 stop success!
12:13:55.367 [ERROR] [RxCachedThreadScheduler-197] [com.cv4j.netdiscovery.core.Spider] failed to resolve 'www.100ghouse.com'
java.net.UnknownHostException: failed to resolve 'www.100ghouse.com'
	at io.netty.resolver.dns.DnsResolveContext.finishResolve(DnsResolveContext.java:845)
	at io.netty.resolver.dns.DnsResolveContext.tryToFinishResolve(DnsResolveContext.java:806)
	at io.netty.resolver.dns.DnsResolveContext.query(DnsResolveContext.java:333)
	at io.netty.resolver.dns.DnsResolveContext.query(DnsResolveContext.java:322)
	at io.netty.resolver.dns.DnsResolveContext.access$500(DnsResolveContext.java:62)
	at io.netty.resolver.dns.DnsResolveContext$3.operationComplete(DnsResolveContext.java:379)
	at io.netty.util.concurrent.DefaultPromise.notifyListener0(DefaultPromise.java:511)
	at io.netty.util.concurrent.DefaultPromise.notifyListenersNow(DefaultPromise.java:485)
	at io.netty.util.concurrent.DefaultPromise.notifyListeners(DefaultPromise.java:424)
	at io.netty.util.concurrent.DefaultPromise.addListener(DefaultPromise.java:162)
	at io.netty.util.concurrent.DefaultPromise.addListener(DefaultPromise.java:33)
	at io.netty.resolver.dns.DnsResolveContext.query(DnsResolveContext.java:354)
	at io.netty.resolver.dns.DnsResolveContext.query(DnsResolveContext.java:322)
	at io.netty.resolver.dns.DnsResolveContext.query(DnsResolveContext.java:909)
	at io.netty.resolver.dns.DnsResolveContext.internalResolve(DnsResolveContext.java:268)
	at io.netty.resolver.dns.DnsResolveContext.resolve(DnsResolveContext.java:182)
	at io.netty.resolver.dns.DnsNameResolver.doResolveAllUncached(DnsNameResolver.java:972)
	at io.netty.resolver.dns.DnsNameResolver.doResolveUncached(DnsNameResolver.java:878)
	at io.netty.resolver.dns.DnsNameResolver.doResolve(DnsNameResolver.java:828)
	at io.netty.resolver.dns.DnsNameResolver.doResolve(DnsNameResolver.java:671)
	at io.netty.resolver.SimpleNameResolver.resolve(SimpleNameResolver.java:63)
	at io.netty.resolver.dns.InflightNameResolver.resolve(InflightNameResolver.java:100)
	at io.netty.resolver.dns.InflightNameResolver.resolve(InflightNameResolver.java:66)
	at io.netty.resolver.dns.InflightNameResolver.resolve(InflightNameResolver.java:51)
	at io.netty.resolver.InetSocketAddressResolver.doResolve(InetSocketAddressResolver.java:57)
	at io.netty.resolver.InetSocketAddressResolver.doResolve(InetSocketAddressResolver.java:32)
	at io.netty.resolver.AbstractAddressResolver.resolve(AbstractAddressResolver.java:108)
	at io.netty.bootstrap.Bootstrap.doResolveAndConnect0(Bootstrap.java:208)
	at io.netty.bootstrap.Bootstrap.doResolveAndConnect(Bootstrap.java:170)
	at io.netty.bootstrap.Bootstrap.connect(Bootstrap.java:145)
	at io.vertx.core.net.impl.ChannelProvider.handleConnect(ChannelProvider.java:136)
	at io.vertx.core.net.impl.ChannelProvider.connect(ChannelProvider.java:90)
	at io.vertx.core.http.impl.HttpChannelConnector.doConnect(HttpChannelConnector.java:182)
	at io.vertx.core.http.impl.HttpChannelConnector.connect(HttpChannelConnector.java:101)
	at io.vertx.core.http.impl.pool.Pool.createConnection(Pool.java:291)
	at io.vertx.core.http.impl.pool.Pool.lambda$acquireConnection$3(Pool.java:201)
	at io.netty.util.concurrent.AbstractEventExecutor.safeExecute(AbstractEventExecutor.java:163)
	at io.netty.util.concurrent.SingleThreadEventExecutor.runAllTasks(SingleThreadEventExecutor.java:404)
	at io.netty.channel.nio.NioEventLoop.run(NioEventLoop.java:466)
	at io.netty.util.concurrent.SingleThreadEventExecutor$5.run(SingleThreadEventExecutor.java:897)
	at io.netty.util.concurrent.FastThreadLocalRunnable.run(FastThreadLocalRunnable.java:30)
	at java.lang.Thread.run(Thread.java:745)
Caused by: io.netty.resolver.dns.DnsNameResolverException: [/114.114.114.114:53] failed to send a query (no stack trace available)
Caused by: java.net.SocketException: Network is unreachable
	at sun.nio.ch.DatagramChannelImpl.send0(Native Method)
	at sun.nio.ch.DatagramChannelImpl.sendFromNativeBuffer(DatagramChannelImpl.java:521)
	at sun.nio.ch.DatagramChannelImpl.send(DatagramChannelImpl.java:483)
	at sun.nio.ch.DatagramChannelImpl.send(DatagramChannelImpl.java:462)
	at io.netty.channel.socket.nio.NioDatagramChannel.doWriteMessage(NioDatagramChannel.java:293)
	at io.netty.channel.nio.AbstractNioMessageChannel.doWrite(AbstractNioMessageChannel.java:142)
	at io.netty.channel.AbstractChannel$AbstractUnsafe.flush0(AbstractChannel.java:934)
	at io.netty.channel.nio.AbstractNioChannel$AbstractNioUnsafe.flush0(AbstractNioChannel.java:360)
	at io.netty.channel.AbstractChannel$AbstractUnsafe.flush(AbstractChannel.java:901)
	at io.netty.channel.DefaultChannelPipeline$HeadContext.flush(DefaultChannelPipeline.java:1396)
	at io.netty.channel.AbstractChannelHandlerContext.invokeFlush0(AbstractChannelHandlerContext.java:776)
	at io.netty.channel.AbstractChannelHandlerContext.invokeFlush(AbstractChannelHandlerContext.java:768)
	at io.netty.channel.AbstractChannelHandlerContext.flush(AbstractChannelHandlerContext.java:749)
	at io.netty.channel.ChannelOutboundHandlerAdapter.flush(ChannelOutboundHandlerAdapter.java:115)
	at io.netty.channel.AbstractChannelHandlerContext.invokeFlush0(AbstractChannelHandlerContext.java:776)
	at io.netty.channel.AbstractChannelHandlerContext.invokeWriteAndFlush(AbstractChannelHandlerContext.java:802)
	at io.netty.channel.AbstractChannelHandlerContext.write(AbstractChannelHandlerContext.java:814)
	at io.netty.channel.AbstractChannelHandlerContext.writeAndFlush(AbstractChannelHandlerContext.java:794)
	at io.netty.channel.DefaultChannelPipeline.writeAndFlush(DefaultChannelPipeline.java:1066)
	at io.netty.channel.AbstractChannel.writeAndFlush(AbstractChannel.java:305)
	at io.netty.resolver.dns.DnsQueryContext.writeQuery(DnsQueryContext.java:136)
	at io.netty.resolver.dns.DnsQueryContext.sendQuery(DnsQueryContext.java:118)
	at io.netty.resolver.dns.DnsQueryContext.query(DnsQueryContext.java:113)
	at io.netty.resolver.dns.DnsNameResolver.query0(DnsNameResolver.java:1087)
	at io.netty.resolver.dns.DnsResolveContext.query(DnsResolveContext.java:347)
	at io.netty.resolver.dns.DnsResolveContext.query(DnsResolveContext.java:322)
	at io.netty.resolver.dns.DnsResolveContext.query(DnsResolveContext.java:909)
	at io.netty.resolver.dns.DnsResolveContext.internalResolve(DnsResolveContext.java:268)
	at io.netty.resolver.dns.DnsResolveContext.resolve(DnsResolveContext.java:182)
	at io.netty.resolver.dns.DnsNameResolver.doResolveAllUncached(DnsNameResolver.java:972)
	at io.netty.resolver.dns.DnsNameResolver.doResolveUncached(DnsNameResolver.java:878)
	at io.netty.resolver.dns.DnsNameResolver.doResolve(DnsNameResolver.java:828)
	at io.netty.resolver.dns.DnsNameResolver.doResolve(DnsNameResolver.java:671)
	at io.netty.resolver.SimpleNameResolver.resolve(SimpleNameResolver.java:63)
	at io.netty.resolver.dns.InflightNameResolver.resolve(InflightNameResolver.java:100)
	at io.netty.resolver.dns.InflightNameResolver.resolve(InflightNameResolver.java:66)
	at io.netty.resolver.dns.InflightNameResolver.resolve(InflightNameResolver.java:51)
	at io.netty.resolver.InetSocketAddressResolver.doResolve(InetSocketAddressResolver.java:57)
	at io.netty.resolver.InetSocketAddressResolver.doResolve(InetSocketAddressResolver.java:32)
	at io.netty.resolver.AbstractAddressResolver.resolve(AbstractAddressResolver.java:108)
	at io.netty.bootstrap.Bootstrap.doResolveAndConnect0(Bootstrap.java:208)
	at io.netty.bootstrap.Bootstrap.doResolveAndConnect(Bootstrap.java:170)
	at io.netty.bootstrap.Bootstrap.connect(Bootstrap.java:145)
	at io.vertx.core.net.impl.ChannelProvider.handleConnect(ChannelProvider.java:136)
	at io.vertx.core.net.impl.ChannelProvider.connect(ChannelProvider.java:90)
	at io.vertx.core.http.impl.HttpChannelConnector.doConnect(HttpChannelConnector.java:182)
	at io.vertx.core.http.impl.HttpChannelConnector.connect(HttpChannelConnector.java:101)
	at io.vertx.core.http.impl.pool.Pool.createConnection(Pool.java:291)
	at io.vertx.core.http.impl.pool.Pool.lambda$acquireConnection$3(Pool.java:201)
	at io.netty.util.concurrent.AbstractEventExecutor.safeExecute(AbstractEventExecutor.java:163)
	at io.netty.util.concurrent.SingleThreadEventExecutor.runAllTasks(SingleThreadEventExecutor.java:404)
	at io.netty.channel.nio.NioEventLoop.run(NioEventLoop.java:466)
	at io.netty.util.concurrent.SingleThreadEventExecutor$5.run(SingleThreadEventExecutor.java:897)
	at io.netty.util.concurrent.FastThreadLocalRunnable.run(FastThreadLocalRunnable.java:30)
	at java.lang.Thread.run(Thread.java:745)
12:20:24.293 [INFO ] [Thread-0] [com.cv4j.netdiscovery.core.Spider] Spider Power1510664582 stop success!
12:20:24.294 [ERROR] [RxCachedThreadScheduler-198] [com.cv4j.netdiscovery.core.Spider] failed to resolve 'www.100ghouse.com'
java.net.UnknownHostException: failed to resolve 'www.100ghouse.com'
	at io.netty.resolver.dns.DnsResolveContext.finishResolve(DnsResolveContext.java:845)
	at io.netty.resolver.dns.DnsResolveContext.tryToFinishResolve(DnsResolveContext.java:806)
	at io.netty.resolver.dns.DnsResolveContext.query(DnsResolveContext.java:333)
	at io.netty.resolver.dns.DnsResolveContext.query(DnsResolveContext.java:322)
	at io.netty.resolver.dns.DnsResolveContext.access$500(DnsResolveContext.java:62)
	at io.netty.resolver.dns.DnsResolveContext$3.operationComplete(DnsResolveContext.java:379)
	at io.netty.util.concurrent.DefaultPromise.notifyListener0(DefaultPromise.java:511)
	at io.netty.util.concurrent.DefaultPromise.notifyListenersNow(DefaultPromise.java:485)
	at io.netty.util.concurrent.DefaultPromise.notifyListeners(DefaultPromise.java:424)
	at io.netty.util.concurrent.DefaultPromise.addListener(DefaultPromise.java:162)
	at io.netty.util.concurrent.DefaultPromise.addListener(DefaultPromise.java:33)
	at io.netty.resolver.dns.DnsResolveContext.query(DnsResolveContext.java:354)
	at io.netty.resolver.dns.DnsResolveContext.query(DnsResolveContext.java:322)
	at io.netty.resolver.dns.DnsResolveContext.query(DnsResolveContext.java:909)
	at io.netty.resolver.dns.DnsResolveContext.internalResolve(DnsResolveContext.java:268)
	at io.netty.resolver.dns.DnsResolveContext.resolve(DnsResolveContext.java:182)
	at io.netty.resolver.dns.DnsNameResolver.doResolveAllUncached(DnsNameResolver.java:972)
	at io.netty.resolver.dns.DnsNameResolver.doResolveUncached(DnsNameResolver.java:878)
	at io.netty.resolver.dns.DnsNameResolver.doResolve(DnsNameResolver.java:828)
	at io.netty.resolver.dns.DnsNameResolver.doResolve(DnsNameResolver.java:671)
	at io.netty.resolver.SimpleNameResolver.resolve(SimpleNameResolver.java:63)
	at io.netty.resolver.dns.InflightNameResolver.resolve(InflightNameResolver.java:100)
	at io.netty.resolver.dns.InflightNameResolver.resolve(InflightNameResolver.java:66)
	at io.netty.resolver.dns.InflightNameResolver.resolve(InflightNameResolver.java:51)
	at io.netty.resolver.InetSocketAddressResolver.doResolve(InetSocketAddressResolver.java:57)
	at io.netty.resolver.InetSocketAddressResolver.doResolve(InetSocketAddressResolver.java:32)
	at io.netty.resolver.AbstractAddressResolver.resolve(AbstractAddressResolver.java:108)
	at io.netty.bootstrap.Bootstrap.doResolveAndConnect0(Bootstrap.java:208)
	at io.netty.bootstrap.Bootstrap.doResolveAndConnect(Bootstrap.java:170)
	at io.netty.bootstrap.Bootstrap.connect(Bootstrap.java:145)
	at io.vertx.core.net.impl.ChannelProvider.handleConnect(ChannelProvider.java:136)
	at io.vertx.core.net.impl.ChannelProvider.connect(ChannelProvider.java:90)
	at io.vertx.core.http.impl.HttpChannelConnector.doConnect(HttpChannelConnector.java:182)
	at io.vertx.core.http.impl.HttpChannelConnector.connect(HttpChannelConnector.java:101)
	at io.vertx.core.http.impl.pool.Pool.createConnection(Pool.java:291)
	at io.vertx.core.http.impl.pool.Pool.lambda$acquireConnection$3(Pool.java:201)
	at io.netty.util.concurrent.AbstractEventExecutor.safeExecute(AbstractEventExecutor.java:163)
	at io.netty.util.concurrent.SingleThreadEventExecutor.runAllTasks(SingleThreadEventExecutor.java:404)
	at io.netty.channel.nio.NioEventLoop.run(NioEventLoop.java:466)
	at io.netty.util.concurrent.SingleThreadEventExecutor$5.run(SingleThreadEventExecutor.java:897)
	at io.netty.util.concurrent.FastThreadLocalRunnable.run(FastThreadLocalRunnable.java:30)
	at java.lang.Thread.run(Thread.java:745)
Caused by: io.netty.resolver.dns.DnsNameResolverException: [/114.114.114.114:53] failed to send a query (no stack trace available)
Caused by: java.net.SocketException: Network is unreachable
	at sun.nio.ch.DatagramChannelImpl.send0(Native Method)
	at sun.nio.ch.DatagramChannelImpl.sendFromNativeBuffer(DatagramChannelImpl.java:521)
	at sun.nio.ch.DatagramChannelImpl.send(DatagramChannelImpl.java:483)
	at sun.nio.ch.DatagramChannelImpl.send(DatagramChannelImpl.java:462)
	at io.netty.channel.socket.nio.NioDatagramChannel.doWriteMessage(NioDatagramChannel.java:293)
	at io.netty.channel.nio.AbstractNioMessageChannel.doWrite(AbstractNioMessageChannel.java:142)
	at io.netty.channel.AbstractChannel$AbstractUnsafe.flush0(AbstractChannel.java:934)
	at io.netty.channel.nio.AbstractNioChannel$AbstractNioUnsafe.flush0(AbstractNioChannel.java:360)
	at io.netty.channel.AbstractChannel$AbstractUnsafe.flush(AbstractChannel.java:901)
	at io.netty.channel.DefaultChannelPipeline$HeadContext.flush(DefaultChannelPipeline.java:1396)
	at io.netty.channel.AbstractChannelHandlerContext.invokeFlush0(AbstractChannelHandlerContext.java:776)
	at io.netty.channel.AbstractChannelHandlerContext.invokeFlush(AbstractChannelHandlerContext.java:768)
	at io.netty.channel.AbstractChannelHandlerContext.flush(AbstractChannelHandlerContext.java:749)
	at io.netty.channel.ChannelOutboundHandlerAdapter.flush(ChannelOutboundHandlerAdapter.java:115)
	at io.netty.channel.AbstractChannelHandlerContext.invokeFlush0(AbstractChannelHandlerContext.java:776)
	at io.netty.channel.AbstractChannelHandlerContext.invokeWriteAndFlush(AbstractChannelHandlerContext.java:802)
	at io.netty.channel.AbstractChannelHandlerContext.write(AbstractChannelHandlerContext.java:814)
	at io.netty.channel.AbstractChannelHandlerContext.writeAndFlush(AbstractChannelHandlerContext.java:794)
	at io.netty.channel.DefaultChannelPipeline.writeAndFlush(DefaultChannelPipeline.java:1066)
	at io.netty.channel.AbstractChannel.writeAndFlush(AbstractChannel.java:305)
	at io.netty.resolver.dns.DnsQueryContext.writeQuery(DnsQueryContext.java:136)
	at io.netty.resolver.dns.DnsQueryContext.sendQuery(DnsQueryContext.java:118)
	at io.netty.resolver.dns.DnsQueryContext.query(DnsQueryContext.java:113)
	at io.netty.resolver.dns.DnsNameResolver.query0(DnsNameResolver.java:1087)
	at io.netty.resolver.dns.DnsResolveContext.query(DnsResolveContext.java:347)
	at io.netty.resolver.dns.DnsResolveContext.query(DnsResolveContext.java:322)
	at io.netty.resolver.dns.DnsResolveContext.query(DnsResolveContext.java:909)
	at io.netty.resolver.dns.DnsResolveContext.internalResolve(DnsResolveContext.java:268)
	at io.netty.resolver.dns.DnsResolveContext.resolve(DnsResolveContext.java:182)
	at io.netty.resolver.dns.DnsNameResolver.doResolveAllUncached(DnsNameResolver.java:972)
	at io.netty.resolver.dns.DnsNameResolver.doResolveUncached(DnsNameResolver.java:878)
	at io.netty.resolver.dns.DnsNameResolver.doResolve(DnsNameResolver.java:828)
	at io.netty.resolver.dns.DnsNameResolver.doResolve(DnsNameResolver.java:671)
	at io.netty.resolver.SimpleNameResolver.resolve(SimpleNameResolver.java:63)
	at io.netty.resolver.dns.InflightNameResolver.resolve(InflightNameResolver.java:100)
	at io.netty.resolver.dns.InflightNameResolver.resolve(InflightNameResolver.java:66)
	at io.netty.resolver.dns.InflightNameResolver.resolve(InflightNameResolver.java:51)
	at io.netty.resolver.InetSocketAddressResolver.doResolve(InetSocketAddressResolver.java:57)
	at io.netty.resolver.InetSocketAddressResolver.doResolve(InetSocketAddressResolver.java:32)
	at io.netty.resolver.AbstractAddressResolver.resolve(AbstractAddressResolver.java:108)
	at io.netty.bootstrap.Bootstrap.doResolveAndConnect0(Bootstrap.java:208)
	at io.netty.bootstrap.Bootstrap.doResolveAndConnect(Bootstrap.java:170)
	at io.netty.bootstrap.Bootstrap.connect(Bootstrap.java:145)
	at io.vertx.core.net.impl.ChannelProvider.handleConnect(ChannelProvider.java:136)
	at io.vertx.core.net.impl.ChannelProvider.connect(ChannelProvider.java:90)
	at io.vertx.core.http.impl.HttpChannelConnector.doConnect(HttpChannelConnector.java:182)
	at io.vertx.core.http.impl.HttpChannelConnector.connect(HttpChannelConnector.java:101)
	at io.vertx.core.http.impl.pool.Pool.createConnection(Pool.java:291)
	at io.vertx.core.http.impl.pool.Pool.lambda$acquireConnection$3(Pool.java:201)
	at io.netty.util.concurrent.AbstractEventExecutor.safeExecute(AbstractEventExecutor.java:163)
	at io.netty.util.concurrent.SingleThreadEventExecutor.runAllTasks(SingleThreadEventExecutor.java:404)
	at io.netty.channel.nio.NioEventLoop.run(NioEventLoop.java:466)
	at io.netty.util.concurrent.SingleThreadEventExecutor$5.run(SingleThreadEventExecutor.java:897)
	at io.netty.util.concurrent.FastThreadLocalRunnable.run(FastThreadLocalRunnable.java:30)
	at java.lang.Thread.run(Thread.java:745)
12:26:51.526 [INFO ] [Thread-0] [com.cv4j.netdiscovery.core.Spider] Spider Power1510664582 stop success!
12:26:51.527 [ERROR] [RxCachedThreadScheduler-199] [com.cv4j.netdiscovery.core.Spider] failed to resolve 'www.100ghouse.com'
java.net.UnknownHostException: failed to resolve 'www.100ghouse.com'
	at io.netty.resolver.dns.DnsResolveContext.finishResolve(DnsResolveContext.java:845)
	at io.netty.resolver.dns.DnsResolveContext.tryToFinishResolve(DnsResolveContext.java:806)
	at io.netty.resolver.dns.DnsResolveContext.query(DnsResolveContext.java:333)
	at io.netty.resolver.dns.DnsResolveContext.query(DnsResolveContext.java:322)
	at io.netty.resolver.dns.DnsResolveContext.access$500(DnsResolveContext.java:62)
	at io.netty.resolver.dns.DnsResolveContext$3.operationComplete(DnsResolveContext.java:379)
	at io.netty.util.concurrent.DefaultPromise.notifyListener0(DefaultPromise.java:511)
	at io.netty.util.concurrent.DefaultPromise.notifyListenersNow(DefaultPromise.java:485)
	at io.netty.util.concurrent.DefaultPromise.notifyListeners(DefaultPromise.java:424)
	at io.netty.util.concurrent.DefaultPromise.addListener(DefaultPromise.java:162)
	at io.netty.util.concurrent.DefaultPromise.addListener(DefaultPromise.java:33)
	at io.netty.resolver.dns.DnsResolveContext.query(DnsResolveContext.java:354)
	at io.netty.resolver.dns.DnsResolveContext.query(DnsResolveContext.java:322)
	at io.netty.resolver.dns.DnsResolveContext.query(DnsResolveContext.java:909)
	at io.netty.resolver.dns.DnsResolveContext.internalResolve(DnsResolveContext.java:268)
	at io.netty.resolver.dns.DnsResolveContext.resolve(DnsResolveContext.java:182)
	at io.netty.resolver.dns.DnsNameResolver.doResolveAllUncached(DnsNameResolver.java:972)
	at io.netty.resolver.dns.DnsNameResolver.doResolveUncached(DnsNameResolver.java:878)
	at io.netty.resolver.dns.DnsNameResolver.doResolve(DnsNameResolver.java:828)
	at io.netty.resolver.dns.DnsNameResolver.doResolve(DnsNameResolver.java:671)
	at io.netty.resolver.SimpleNameResolver.resolve(SimpleNameResolver.java:63)
	at io.netty.resolver.dns.InflightNameResolver.resolve(InflightNameResolver.java:100)
	at io.netty.resolver.dns.InflightNameResolver.resolve(InflightNameResolver.java:66)
	at io.netty.resolver.dns.InflightNameResolver.resolve(InflightNameResolver.java:51)
	at io.netty.resolver.InetSocketAddressResolver.doResolve(InetSocketAddressResolver.java:57)
	at io.netty.resolver.InetSocketAddressResolver.doResolve(InetSocketAddressResolver.java:32)
	at io.netty.resolver.AbstractAddressResolver.resolve(AbstractAddressResolver.java:108)
	at io.netty.bootstrap.Bootstrap.doResolveAndConnect0(Bootstrap.java:208)
	at io.netty.bootstrap.Bootstrap.doResolveAndConnect(Bootstrap.java:170)
	at io.netty.bootstrap.Bootstrap.connect(Bootstrap.java:145)
	at io.vertx.core.net.impl.ChannelProvider.handleConnect(ChannelProvider.java:136)
	at io.vertx.core.net.impl.ChannelProvider.connect(ChannelProvider.java:90)
	at io.vertx.core.http.impl.HttpChannelConnector.doConnect(HttpChannelConnector.java:182)
	at io.vertx.core.http.impl.HttpChannelConnector.connect(HttpChannelConnector.java:101)
	at io.vertx.core.http.impl.pool.Pool.createConnection(Pool.java:291)
	at io.vertx.core.http.impl.pool.Pool.lambda$acquireConnection$3(Pool.java:201)
	at io.netty.util.concurrent.AbstractEventExecutor.safeExecute(AbstractEventExecutor.java:163)
	at io.netty.util.concurrent.SingleThreadEventExecutor.runAllTasks(SingleThreadEventExecutor.java:404)
	at io.netty.channel.nio.NioEventLoop.run(NioEventLoop.java:466)
	at io.netty.util.concurrent.SingleThreadEventExecutor$5.run(SingleThreadEventExecutor.java:897)
	at io.netty.util.concurrent.FastThreadLocalRunnable.run(FastThreadLocalRunnable.java:30)
	at java.lang.Thread.run(Thread.java:745)
Caused by: io.netty.resolver.dns.DnsNameResolverException: [/114.114.114.114:53] failed to send a query (no stack trace available)
Caused by: java.net.SocketException: Network is unreachable
	at sun.nio.ch.DatagramChannelImpl.send0(Native Method)
	at sun.nio.ch.DatagramChannelImpl.sendFromNativeBuffer(DatagramChannelImpl.java:521)
	at sun.nio.ch.DatagramChannelImpl.send(DatagramChannelImpl.java:483)
	at sun.nio.ch.DatagramChannelImpl.send(DatagramChannelImpl.java:462)
	at io.netty.channel.socket.nio.NioDatagramChannel.doWriteMessage(NioDatagramChannel.java:293)
	at io.netty.channel.nio.AbstractNioMessageChannel.doWrite(AbstractNioMessageChannel.java:142)
	at io.netty.channel.AbstractChannel$AbstractUnsafe.flush0(AbstractChannel.java:934)
	at io.netty.channel.nio.AbstractNioChannel$AbstractNioUnsafe.flush0(AbstractNioChannel.java:360)
	at io.netty.channel.AbstractChannel$AbstractUnsafe.flush(AbstractChannel.java:901)
	at io.netty.channel.DefaultChannelPipeline$HeadContext.flush(DefaultChannelPipeline.java:1396)
	at io.netty.channel.AbstractChannelHandlerContext.invokeFlush0(AbstractChannelHandlerContext.java:776)
	at io.netty.channel.AbstractChannelHandlerContext.invokeFlush(AbstractChannelHandlerContext.java:768)
	at io.netty.channel.AbstractChannelHandlerContext.flush(AbstractChannelHandlerContext.java:749)
	at io.netty.channel.ChannelOutboundHandlerAdapter.flush(ChannelOutboundHandlerAdapter.java:115)
	at io.netty.channel.AbstractChannelHandlerContext.invokeFlush0(AbstractChannelHandlerContext.java:776)
	at io.netty.channel.AbstractChannelHandlerContext.invokeWriteAndFlush(AbstractChannelHandlerContext.java:802)
	at io.netty.channel.AbstractChannelHandlerContext.write(AbstractChannelHandlerContext.java:814)
	at io.netty.channel.AbstractChannelHandlerContext.writeAndFlush(AbstractChannelHandlerContext.java:794)
	at io.netty.channel.DefaultChannelPipeline.writeAndFlush(DefaultChannelPipeline.java:1066)
	at io.netty.channel.AbstractChannel.writeAndFlush(AbstractChannel.java:305)
	at io.netty.resolver.dns.DnsQueryContext.writeQuery(DnsQueryContext.java:136)
	at io.netty.resolver.dns.DnsQueryContext.sendQuery(DnsQueryContext.java:118)
	at io.netty.resolver.dns.DnsQueryContext.query(DnsQueryContext.java:113)
	at io.netty.resolver.dns.DnsNameResolver.query0(DnsNameResolver.java:1087)
	at io.netty.resolver.dns.DnsResolveContext.query(DnsResolveContext.java:347)
	at io.netty.resolver.dns.DnsResolveContext.query(DnsResolveContext.java:322)
	at io.netty.resolver.dns.DnsResolveContext.query(DnsResolveContext.java:909)
	at io.netty.resolver.dns.DnsResolveContext.internalResolve(DnsResolveContext.java:268)
	at io.netty.resolver.dns.DnsResolveContext.resolve(DnsResolveContext.java:182)
	at io.netty.resolver.dns.DnsNameResolver.doResolveAllUncached(DnsNameResolver.java:972)
	at io.netty.resolver.dns.DnsNameResolver.doResolveUncached(DnsNameResolver.java:878)
	at io.netty.resolver.dns.DnsNameResolver.doResolve(DnsNameResolver.java:828)
	at io.netty.resolver.dns.DnsNameResolver.doResolve(DnsNameResolver.java:671)
	at io.netty.resolver.SimpleNameResolver.resolve(SimpleNameResolver.java:63)
	at io.netty.resolver.dns.InflightNameResolver.resolve(InflightNameResolver.java:100)
	at io.netty.resolver.dns.InflightNameResolver.resolve(InflightNameResolver.java:66)
	at io.netty.resolver.dns.InflightNameResolver.resolve(InflightNameResolver.java:51)
	at io.netty.resolver.InetSocketAddressResolver.doResolve(InetSocketAddressResolver.java:57)
	at io.netty.resolver.InetSocketAddressResolver.doResolve(InetSocketAddressResolver.java:32)
	at io.netty.resolver.AbstractAddressResolver.resolve(AbstractAddressResolver.java:108)
	at io.netty.bootstrap.Bootstrap.doResolveAndConnect0(Bootstrap.java:208)
	at io.netty.bootstrap.Bootstrap.doResolveAndConnect(Bootstrap.java:170)
	at io.netty.bootstrap.Bootstrap.connect(Bootstrap.java:145)
	at io.vertx.core.net.impl.ChannelProvider.handleConnect(ChannelProvider.java:136)
	at io.vertx.core.net.impl.ChannelProvider.connect(ChannelProvider.java:90)
	at io.vertx.core.http.impl.HttpChannelConnector.doConnect(HttpChannelConnector.java:182)
	at io.vertx.core.http.impl.HttpChannelConnector.connect(HttpChannelConnector.java:101)
	at io.vertx.core.http.impl.pool.Pool.createConnection(Pool.java:291)
	at io.vertx.core.http.impl.pool.Pool.lambda$acquireConnection$3(Pool.java:201)
	at io.netty.util.concurrent.AbstractEventExecutor.safeExecute(AbstractEventExecutor.java:163)
	at io.netty.util.concurrent.SingleThreadEventExecutor.runAllTasks(SingleThreadEventExecutor.java:404)
	at io.netty.channel.nio.NioEventLoop.run(NioEventLoop.java:466)
	at io.netty.util.concurrent.SingleThreadEventExecutor$5.run(SingleThreadEventExecutor.java:897)
	at io.netty.util.concurrent.FastThreadLocalRunnable.run(FastThreadLocalRunnable.java:30)
	at java.lang.Thread.run(Thread.java:745)
13:37:07.189 [INFO ] [Thread-0] [com.cv4j.netdiscovery.core.Spider] Spider Power1510664582 stop success!
13:37:07.343 [INFO ] [RxCachedThreadScheduler-200] [com.cv4j.netdiscovery.core.Spider] http://www.100ghouse.com/yonghu//app/users/user/pass_code
13:43:35.016 [INFO ] [Thread-0] [com.cv4j.netdiscovery.core.Spider] Spider Power1510664582 stop success!
13:43:35.120 [INFO ] [RxCachedThreadScheduler-201] [com.cv4j.netdiscovery.core.Spider] http://www.100ghouse.com/yonghu//app/users/user/pass_code
13:50:25.953 [INFO ] [Thread-0] [com.cv4j.netdiscovery.core.Spider] Spider Power1510664582 stop success!
13:50:26.068 [INFO ] [RxCachedThreadScheduler-202] [com.cv4j.netdiscovery.core.Spider] http://www.100ghouse.com/yonghu//app/users/user/pass_code
13:57:43.209 [INFO ] [Thread-0] [com.cv4j.netdiscovery.core.Spider] Spider Power1510664582 stop success!
13:57:43.321 [INFO ] [RxCachedThreadScheduler-203] [com.cv4j.netdiscovery.core.Spider] http://www.100ghouse.com/yonghu//app/users/user/pass_code
14:04:25.777 [INFO ] [Thread-0] [com.cv4j.netdiscovery.core.Spider] Spider Power1510664582 stop success!
14:04:25.895 [INFO ] [RxCachedThreadScheduler-204] [com.cv4j.netdiscovery.core.Spider] http://www.100ghouse.com/yonghu//app/users/user/pass_code
14:11:29.113 [INFO ] [Thread-0] [com.cv4j.netdiscovery.core.Spider] Spider Power1510664582 stop success!
14:11:29.223 [INFO ] [RxCachedThreadScheduler-205] [com.cv4j.netdiscovery.core.Spider] http://www.100ghouse.com/yonghu//app/users/user/pass_code
14:18:28.712 [INFO ] [Thread-0] [com.cv4j.netdiscovery.core.Spider] Spider Power1510664582 stop success!
14:18:28.747 [INFO ] [RxCachedThreadScheduler-206] [com.cv4j.netdiscovery.core.Spider] http://www.100ghouse.com/yonghu//app/users/user/pass_code
14:25:23.314 [INFO ] [Thread-0] [com.cv4j.netdiscovery.core.Spider] Spider Power1510664582 stop success!
14:25:23.421 [INFO ] [RxCachedThreadScheduler-207] [com.cv4j.netdiscovery.core.Spider] http://www.100ghouse.com/yonghu//app/users/user/pass_code
14:32:11.850 [INFO ] [Thread-0] [com.cv4j.netdiscovery.core.Spider] Spider Power1510664582 stop success!
14:32:11.962 [INFO ] [RxCachedThreadScheduler-208] [com.cv4j.netdiscovery.core.Spider] http://www.100ghouse.com/yonghu//app/users/user/pass_code
14:39:10.201 [INFO ] [Thread-0] [com.cv4j.netdiscovery.core.Spider] Spider Power1510664582 stop success!
14:39:10.322 [INFO ] [RxCachedThreadScheduler-209] [com.cv4j.netdiscovery.core.Spider] http://www.100ghouse.com/yonghu//app/users/user/pass_code
14:46:04.060 [INFO ] [Thread-0] [com.cv4j.netdiscovery.core.Spider] Spider Power1510664582 stop success!
14:46:04.185 [INFO ] [RxCachedThreadScheduler-210] [com.cv4j.netdiscovery.core.Spider] http://www.100ghouse.com/yonghu//app/users/user/pass_code
14:52:58.414 [INFO ] [Thread-0] [com.cv4j.netdiscovery.core.Spider] Spider Power1510664582 stop success!
14:52:58.524 [INFO ] [RxCachedThreadScheduler-211] [com.cv4j.netdiscovery.core.Spider] http://www.100ghouse.com/yonghu//app/users/user/pass_code
14:59:44.512 [INFO ] [Thread-0] [com.cv4j.netdiscovery.core.Spider] Spider Power1510664582 stop success!
14:59:44.629 [INFO ] [RxCachedThreadScheduler-212] [com.cv4j.netdiscovery.core.Spider] http://www.100ghouse.com/yonghu//app/users/user/pass_code
15:06:33.630 [INFO ] [Thread-0] [com.cv4j.netdiscovery.core.Spider] Spider Power1510664582 stop success!
15:06:33.743 [INFO ] [RxCachedThreadScheduler-213] [com.cv4j.netdiscovery.core.Spider] http://www.100ghouse.com/yonghu//app/users/user/pass_code
15:13:21.856 [INFO ] [Thread-0] [com.cv4j.netdiscovery.core.Spider] Spider Power1510664582 stop success!
15:13:21.981 [INFO ] [RxCachedThreadScheduler-214] [com.cv4j.netdiscovery.core.Spider] http://www.100ghouse.com/yonghu//app/users/user/pass_code
15:20:37.650 [INFO ] [Thread-0] [com.cv4j.netdiscovery.core.Spider] Spider Power1510664582 stop success!
15:20:37.692 [INFO ] [RxCachedThreadScheduler-215] [com.cv4j.netdiscovery.core.Spider] http://www.100ghouse.com/yonghu//app/users/user/pass_code
15:27:37.379 [INFO ] [Thread-0] [com.cv4j.netdiscovery.core.Spider] Spider Power1510664582 stop success!
15:27:37.492 [INFO ] [RxCachedThreadScheduler-216] [com.cv4j.netdiscovery.core.Spider] http://www.100ghouse.com/yonghu//app/users/user/pass_code
15:35:31.515 [INFO ] [Thread-0] [com.cv4j.netdiscovery.core.Spider] Spider Power1510664582 stop success!
15:35:31.631 [INFO ] [RxCachedThreadScheduler-217] [com.cv4j.netdiscovery.core.Spider] http://www.100ghouse.com/yonghu//app/users/user/pass_code
15:44:44.709 [INFO ] [Thread-0] [com.cv4j.netdiscovery.core.Spider] Spider Power1510664582 stop success!
15:44:44.823 [INFO ] [RxCachedThreadScheduler-218] [com.cv4j.netdiscovery.core.Spider] http://www.100ghouse.com/yonghu//app/users/user/pass_code
15:53:59.263 [INFO ] [Thread-0] [com.cv4j.netdiscovery.core.Spider] Spider Power1510664582 stop success!
15:53:59.381 [INFO ] [RxCachedThreadScheduler-219] [com.cv4j.netdiscovery.core.Spider] http://www.100ghouse.com/yonghu//app/users/user/pass_code
16:01:09.293 [INFO ] [Thread-0] [com.cv4j.netdiscovery.core.Spider] Spider Power1510664582 stop success!
16:01:09.414 [INFO ] [RxCachedThreadScheduler-220] [com.cv4j.netdiscovery.core.Spider] http://www.100ghouse.com/yonghu//app/users/user/pass_code
16:08:37.146 [INFO ] [Thread-0] [com.cv4j.netdiscovery.core.Spider] Spider Power1510664582 stop success!
16:08:37.255 [INFO ] [RxCachedThreadScheduler-221] [com.cv4j.netdiscovery.core.Spider] http://www.100ghouse.com/yonghu//app/users/user/pass_code
16:16:08.440 [INFO ] [Thread-0] [com.cv4j.netdiscovery.core.Spider] Spider Power1510664582 stop success!
16:16:08.550 [INFO ] [RxCachedThreadScheduler-222] [com.cv4j.netdiscovery.core.Spider] http://www.100ghouse.com/yonghu//app/users/user/pass_code
16:23:17.837 [INFO ] [Thread-0] [com.cv4j.netdiscovery.core.Spider] Spider Power1510664582 stop success!
16:23:17.947 [INFO ] [RxCachedThreadScheduler-223] [com.cv4j.netdiscovery.core.Spider] http://www.100ghouse.com/yonghu//app/users/user/pass_code
16:30:40.976 [INFO ] [Thread-0] [com.cv4j.netdiscovery.core.Spider] Spider Power1510664582 stop success!
16:30:41.009 [INFO ] [RxCachedThreadScheduler-224] [com.cv4j.netdiscovery.core.Spider] http://www.100ghouse.com/yonghu//app/users/user/pass_code
16:38:01.481 [INFO ] [Thread-0] [com.cv4j.netdiscovery.core.Spider] Spider Power1510664582 stop success!
16:38:01.618 [INFO ] [RxCachedThreadScheduler-225] [com.cv4j.netdiscovery.core.Spider] http://www.100ghouse.com/yonghu//app/users/user/pass_code
16:45:29.332 [INFO ] [Thread-0] [com.cv4j.netdiscovery.core.Spider] Spider Power1510664582 stop success!
16:45:29.445 [INFO ] [RxCachedThreadScheduler-226] [com.cv4j.netdiscovery.core.Spider] http://www.100ghouse.com/yonghu//app/users/user/pass_code
16:52:49.173 [INFO ] [Thread-0] [com.cv4j.netdiscovery.core.Spider] Spider Power1510664582 stop success!
16:52:49.296 [INFO ] [RxCachedThreadScheduler-227] [com.cv4j.netdiscovery.core.Spider] http://www.100ghouse.com/yonghu//app/users/user/pass_code
16:59:57.986 [INFO ] [Thread-0] [com.cv4j.netdiscovery.core.Spider] Spider Power1510664582 stop success!
16:59:58.122 [INFO ] [RxCachedThreadScheduler-228] [com.cv4j.netdiscovery.core.Spider] http://www.100ghouse.com/yonghu//app/users/user/pass_code
17:07:10.236 [INFO ] [Thread-0] [com.cv4j.netdiscovery.core.Spider] Spider Power1510664582 stop success!
17:07:10.355 [INFO ] [RxCachedThreadScheduler-229] [com.cv4j.netdiscovery.core.Spider] http://www.100ghouse.com/yonghu//app/users/user/pass_code
17:14:34.994 [INFO ] [Thread-0] [com.cv4j.netdiscovery.core.Spider] Spider Power1510664582 stop success!
17:14:35.132 [INFO ] [RxCachedThreadScheduler-230] [com.cv4j.netdiscovery.core.Spider] http://www.100ghouse.com/yonghu//app/users/user/pass_code
17:21:47.929 [INFO ] [Thread-0] [com.cv4j.netdiscovery.core.Spider] Spider Power1510664582 stop success!
17:21:48.052 [INFO ] [RxCachedThreadScheduler-231] [com.cv4j.netdiscovery.core.Spider] http://www.100ghouse.com/yonghu//app/users/user/pass_code
17:29:32.124 [INFO ] [Thread-0] [com.cv4j.netdiscovery.core.Spider] Spider Power1510664582 stop success!
17:29:32.176 [INFO ] [RxCachedThreadScheduler-232] [com.cv4j.netdiscovery.core.Spider] http://www.100ghouse.com/yonghu//app/users/user/pass_code
17:37:09.229 [INFO ] [Thread-0] [com.cv4j.netdiscovery.core.Spider] Spider Power1510664582 stop success!
17:37:09.345 [INFO ] [RxCachedThreadScheduler-233] [com.cv4j.netdiscovery.core.Spider] http://www.100ghouse.com/yonghu//app/users/user/pass_code
17:44:40.531 [INFO ] [Thread-0] [com.cv4j.netdiscovery.core.Spider] Spider Power1510664582 stop success!
17:44:40.642 [INFO ] [RxCachedThreadScheduler-234] [com.cv4j.netdiscovery.core.Spider] http://www.100ghouse.com/yonghu//app/users/user/pass_code
17:52:14.704 [INFO ] [Thread-0] [com.cv4j.netdiscovery.core.Spider] Spider Power1510664582 stop success!
17:52:14.820 [INFO ] [RxCachedThreadScheduler-235] [com.cv4j.netdiscovery.core.Spider] http://www.100ghouse.com/yonghu//app/users/user/pass_code
17:59:54.121 [INFO ] [Thread-0] [com.cv4j.netdiscovery.core.Spider] Spider Power1510664582 stop success!
17:59:54.242 [INFO ] [RxCachedThreadScheduler-236] [com.cv4j.netdiscovery.core.Spider] http://www.100ghouse.com/yonghu//app/users/user/pass_code
18:11:32.581 [INFO ] [Thread-0] [com.cv4j.netdiscovery.core.Spider] Spider Power1510664582 stop success!
18:11:32.685 [INFO ] [RxCachedThreadScheduler-237] [com.cv4j.netdiscovery.core.Spider] http://www.100ghouse.com/yonghu//app/users/user/pass_code
18:22:32.396 [INFO ] [Thread-0] [com.cv4j.netdiscovery.core.Spider] Spider Power1510664582 stop success!
18:22:32.511 [INFO ] [RxCachedThreadScheduler-238] [com.cv4j.netdiscovery.core.Spider] http://www.100ghouse.com/yonghu//app/users/user/pass_code
