16:18:56.284 [INFO ] [main] [com.cv4j.netdiscovery.core.Spider] Spider tony stop success!
16:19:06.544 [ERROR] [RxCachedThreadScheduler-1] [com.cv4j.netdiscovery.core.Spider] connection timed out: www.useragentstring.com/91.250.101.245:80
io.netty.channel.ConnectTimeoutException: connection timed out: www.useragentstring.com/91.250.101.245:80
	at io.netty.channel.nio.AbstractNioChannel$AbstractNioUnsafe$1.run(AbstractNioChannel.java:267)
	at io.netty.util.concurrent.PromiseTask$RunnableAdapter.call(PromiseTask.java:38)
	at io.netty.util.concurrent.ScheduledFutureTask.run(ScheduledFutureTask.java:127)
	at io.netty.util.concurrent.AbstractEventExecutor.safeExecute(AbstractEventExecutor.java:163)
	at io.netty.util.concurrent.SingleThreadEventExecutor.runAllTasks(SingleThreadEventExecutor.java:404)
	at io.netty.channel.nio.NioEventLoop.run(NioEventLoop.java:466)
	at io.netty.util.concurrent.SingleThreadEventExecutor$5.run(SingleThreadEventExecutor.java:897)
	at io.netty.util.concurrent.FastThreadLocalRunnable.run(FastThreadLocalRunnable.java:30)
	at java.lang.Thread.run(Thread.java:745)
16:19:06.544 [ERROR] [RxCachedThreadScheduler-2] [com.cv4j.netdiscovery.core.Spider] connection timed out: www.useragentstring.com/91.250.101.245:80
io.netty.channel.ConnectTimeoutException: connection timed out: www.useragentstring.com/91.250.101.245:80
	at io.netty.channel.nio.AbstractNioChannel$AbstractNioUnsafe$1.run(AbstractNioChannel.java:267)
	at io.netty.util.concurrent.PromiseTask$RunnableAdapter.call(PromiseTask.java:38)
	at io.netty.util.concurrent.ScheduledFutureTask.run(ScheduledFutureTask.java:127)
	at io.netty.util.concurrent.AbstractEventExecutor.safeExecute(AbstractEventExecutor.java:163)
	at io.netty.util.concurrent.SingleThreadEventExecutor.runAllTasks(SingleThreadEventExecutor.java:404)
	at io.netty.channel.nio.NioEventLoop.run(NioEventLoop.java:466)
	at io.netty.util.concurrent.SingleThreadEventExecutor$5.run(SingleThreadEventExecutor.java:897)
	at io.netty.util.concurrent.FastThreadLocalRunnable.run(FastThreadLocalRunnable.java:30)
	at java.lang.Thread.run(Thread.java:745)
16:19:06.544 [ERROR] [RxCachedThreadScheduler-3] [com.cv4j.netdiscovery.core.Spider] connection timed out: www.useragentstring.com/91.250.101.245:80
io.netty.channel.ConnectTimeoutException: connection timed out: www.useragentstring.com/91.250.101.245:80
	at io.netty.channel.nio.AbstractNioChannel$AbstractNioUnsafe$1.run(AbstractNioChannel.java:267)
	at io.netty.util.concurrent.PromiseTask$RunnableAdapter.call(PromiseTask.java:38)
	at io.netty.util.concurrent.ScheduledFutureTask.run(ScheduledFutureTask.java:127)
	at io.netty.util.concurrent.AbstractEventExecutor.safeExecute(AbstractEventExecutor.java:163)
	at io.netty.util.concurrent.SingleThreadEventExecutor.runAllTasks(SingleThreadEventExecutor.java:404)
	at io.netty.channel.nio.NioEventLoop.run(NioEventLoop.java:466)
	at io.netty.util.concurrent.SingleThreadEventExecutor$5.run(SingleThreadEventExecutor.java:897)
	at io.netty.util.concurrent.FastThreadLocalRunnable.run(FastThreadLocalRunnable.java:30)
	at java.lang.Thread.run(Thread.java:745)
16:19:06.901 [ERROR] [RxCachedThreadScheduler-2] [com.cv4j.netdiscovery.core.Spider] connection timed out: www.useragentstring.com/91.250.101.245:80
io.netty.channel.ConnectTimeoutException: connection timed out: www.useragentstring.com/91.250.101.245:80
	at io.netty.channel.nio.AbstractNioChannel$AbstractNioUnsafe$1.run(AbstractNioChannel.java:267)
	at io.netty.util.concurrent.PromiseTask$RunnableAdapter.call(PromiseTask.java:38)
	at io.netty.util.concurrent.ScheduledFutureTask.run(ScheduledFutureTask.java:127)
	at io.netty.util.concurrent.AbstractEventExecutor.safeExecute(AbstractEventExecutor.java:163)
	at io.netty.util.concurrent.SingleThreadEventExecutor.runAllTasks(SingleThreadEventExecutor.java:404)
	at io.netty.channel.nio.NioEventLoop.run(NioEventLoop.java:466)
	at io.netty.util.concurrent.SingleThreadEventExecutor$5.run(SingleThreadEventExecutor.java:897)
	at io.netty.util.concurrent.FastThreadLocalRunnable.run(FastThreadLocalRunnable.java:30)
	at java.lang.Thread.run(Thread.java:745)
16:19:06.902 [ERROR] [RxCachedThreadScheduler-3] [com.cv4j.netdiscovery.core.Spider] connection timed out: www.useragentstring.com/91.250.101.245:80
io.netty.channel.ConnectTimeoutException: connection timed out: www.useragentstring.com/91.250.101.245:80
	at io.netty.channel.nio.AbstractNioChannel$AbstractNioUnsafe$1.run(AbstractNioChannel.java:267)
	at io.netty.util.concurrent.PromiseTask$RunnableAdapter.call(PromiseTask.java:38)
	at io.netty.util.concurrent.ScheduledFutureTask.run(ScheduledFutureTask.java:127)
	at io.netty.util.concurrent.AbstractEventExecutor.safeExecute(AbstractEventExecutor.java:163)
	at io.netty.util.concurrent.SingleThreadEventExecutor.runAllTasks(SingleThreadEventExecutor.java:404)
	at io.netty.channel.nio.NioEventLoop.run(NioEventLoop.java:466)
	at io.netty.util.concurrent.SingleThreadEventExecutor$5.run(SingleThreadEventExecutor.java:897)
	at io.netty.util.concurrent.FastThreadLocalRunnable.run(FastThreadLocalRunnable.java:30)
	at java.lang.Thread.run(Thread.java:745)
16:19:06.902 [ERROR] [RxCachedThreadScheduler-1] [com.cv4j.netdiscovery.core.Spider] connection timed out: www.useragentstring.com/91.250.101.245:80
io.netty.channel.ConnectTimeoutException: connection timed out: www.useragentstring.com/91.250.101.245:80
	at io.netty.channel.nio.AbstractNioChannel$AbstractNioUnsafe$1.run(AbstractNioChannel.java:267)
	at io.netty.util.concurrent.PromiseTask$RunnableAdapter.call(PromiseTask.java:38)
	at io.netty.util.concurrent.ScheduledFutureTask.run(ScheduledFutureTask.java:127)
	at io.netty.util.concurrent.AbstractEventExecutor.safeExecute(AbstractEventExecutor.java:163)
	at io.netty.util.concurrent.SingleThreadEventExecutor.runAllTasks(SingleThreadEventExecutor.java:404)
	at io.netty.channel.nio.NioEventLoop.run(NioEventLoop.java:466)
	at io.netty.util.concurrent.SingleThreadEventExecutor$5.run(SingleThreadEventExecutor.java:897)
	at io.netty.util.concurrent.FastThreadLocalRunnable.run(FastThreadLocalRunnable.java:30)
	at java.lang.Thread.run(Thread.java:745)
16:19:06.903 [ERROR] [RxCachedThreadScheduler-2] [com.cv4j.netdiscovery.core.Spider] connection timed out: www.useragentstring.com/91.250.101.245:80
io.netty.channel.ConnectTimeoutException: connection timed out: www.useragentstring.com/91.250.101.245:80
	at io.netty.channel.nio.AbstractNioChannel$AbstractNioUnsafe$1.run(AbstractNioChannel.java:267)
	at io.netty.util.concurrent.PromiseTask$RunnableAdapter.call(PromiseTask.java:38)
	at io.netty.util.concurrent.ScheduledFutureTask.run(ScheduledFutureTask.java:127)
	at io.netty.util.concurrent.AbstractEventExecutor.safeExecute(AbstractEventExecutor.java:163)
	at io.netty.util.concurrent.SingleThreadEventExecutor.runAllTasks(SingleThreadEventExecutor.java:404)
	at io.netty.channel.nio.NioEventLoop.run(NioEventLoop.java:466)
	at io.netty.util.concurrent.SingleThreadEventExecutor$5.run(SingleThreadEventExecutor.java:897)
	at io.netty.util.concurrent.FastThreadLocalRunnable.run(FastThreadLocalRunnable.java:30)
	at java.lang.Thread.run(Thread.java:745)
16:19:10.965 [ERROR] [RxCachedThreadScheduler-3] [com.cv4j.netdiscovery.core.Spider] Connection was closed
io.vertx.core.VertxException: Connection was closed
16:26:59.123 [INFO ] [main] [com.cv4j.netdiscovery.core.Spider] Spider spider-1 stop success!
16:26:59.948 [INFO ] [RxCachedThreadScheduler-1] [com.cv4j.netdiscovery.core.Spider] http://www.szrc.cn/HrMarket/WLZP/ZP/0/%e9%94%80%e5%94%ae
16:30:03.869 [INFO ] [main] [com.cv4j.netdiscovery.core.Spider] Spider spider-1 stop success!
16:30:04.854 [INFO ] [RxCachedThreadScheduler-1] [com.cv4j.netdiscovery.core.Spider] http://www.szrc.cn/HrMarket/WLZP/ZP/0/%e9%94%80%e5%94%ae
16:30:08.541 [INFO ] [RxCachedThreadScheduler-1] [com.cv4j.netdiscovery.core.Spider] https://www.feixiaohao.com/currencies/eos/
16:30:10.608 [INFO ] [RxCachedThreadScheduler-1] [com.cv4j.netdiscovery.core.Spider] https://www.feixiaohao.com/currencies/eos/
16:30:12.670 [INFO ] [RxCachedThreadScheduler-1] [com.cv4j.netdiscovery.core.Spider] https://www.feixiaohao.com/currencies/eos/
16:30:14.731 [INFO ] [RxCachedThreadScheduler-1] [com.cv4j.netdiscovery.core.Spider] https://www.feixiaohao.com/currencies/eos/
16:30:16.790 [INFO ] [RxCachedThreadScheduler-1] [com.cv4j.netdiscovery.core.Spider] https://www.feixiaohao.com/currencies/eos/
16:30:18.848 [INFO ] [RxCachedThreadScheduler-1] [com.cv4j.netdiscovery.core.Spider] https://www.feixiaohao.com/currencies/eos/
16:30:21.021 [INFO ] [RxCachedThreadScheduler-1] [com.cv4j.netdiscovery.core.Spider] https://www.feixiaohao.com/currencies/eos/
16:30:23.085 [INFO ] [RxCachedThreadScheduler-1] [com.cv4j.netdiscovery.core.Spider] https://www.feixiaohao.com/currencies/eos/
16:30:25.147 [INFO ] [RxCachedThreadScheduler-1] [com.cv4j.netdiscovery.core.Spider] https://www.feixiaohao.com/currencies/eos/
16:30:27.210 [INFO ] [RxCachedThreadScheduler-1] [com.cv4j.netdiscovery.core.Spider] https://www.feixiaohao.com/currencies/eos/
16:30:29.269 [INFO ] [RxCachedThreadScheduler-1] [com.cv4j.netdiscovery.core.Spider] https://www.feixiaohao.com/currencies/eos/
16:30:31.374 [INFO ] [RxCachedThreadScheduler-1] [com.cv4j.netdiscovery.core.Spider] https://www.feixiaohao.com/currencies/eos/
16:30:33.694 [INFO ] [RxCachedThreadScheduler-1] [com.cv4j.netdiscovery.core.Spider] https://www.feixiaohao.com/currencies/eos/
16:30:35.747 [INFO ] [RxCachedThreadScheduler-1] [com.cv4j.netdiscovery.core.Spider] https://www.feixiaohao.com/currencies/eos/
16:30:37.809 [INFO ] [RxCachedThreadScheduler-1] [com.cv4j.netdiscovery.core.Spider] https://www.feixiaohao.com/currencies/eos/
16:30:39.869 [INFO ] [RxCachedThreadScheduler-1] [com.cv4j.netdiscovery.core.Spider] https://www.feixiaohao.com/currencies/eos/
16:30:41.932 [INFO ] [RxCachedThreadScheduler-1] [com.cv4j.netdiscovery.core.Spider] https://www.feixiaohao.com/currencies/eos/
16:30:43.989 [INFO ] [RxCachedThreadScheduler-1] [com.cv4j.netdiscovery.core.Spider] https://www.feixiaohao.com/currencies/eos/
16:30:46.168 [INFO ] [RxCachedThreadScheduler-1] [com.cv4j.netdiscovery.core.Spider] https://www.feixiaohao.com/currencies/eos/
16:30:48.230 [INFO ] [RxCachedThreadScheduler-1] [com.cv4j.netdiscovery.core.Spider] https://www.feixiaohao.com/currencies/eos/
16:30:50.294 [INFO ] [RxCachedThreadScheduler-1] [com.cv4j.netdiscovery.core.Spider] https://www.feixiaohao.com/currencies/eos/
16:30:52.362 [INFO ] [RxCachedThreadScheduler-1] [com.cv4j.netdiscovery.core.Spider] https://www.feixiaohao.com/currencies/eos/
16:30:54.434 [INFO ] [RxCachedThreadScheduler-1] [com.cv4j.netdiscovery.core.Spider] https://www.feixiaohao.com/currencies/eos/
16:30:56.496 [INFO ] [RxCachedThreadScheduler-1] [com.cv4j.netdiscovery.core.Spider] https://www.feixiaohao.com/currencies/eos/
16:30:58.695 [INFO ] [RxCachedThreadScheduler-1] [com.cv4j.netdiscovery.core.Spider] https://www.feixiaohao.com/currencies/eos/
16:31:00.759 [INFO ] [RxCachedThreadScheduler-1] [com.cv4j.netdiscovery.core.Spider] https://www.feixiaohao.com/currencies/eos/
16:31:02.824 [INFO ] [RxCachedThreadScheduler-1] [com.cv4j.netdiscovery.core.Spider] https://www.feixiaohao.com/currencies/eos/
16:31:04.877 [INFO ] [RxCachedThreadScheduler-1] [com.cv4j.netdiscovery.core.Spider] https://www.feixiaohao.com/currencies/eos/
16:31:06.943 [INFO ] [RxCachedThreadScheduler-1] [com.cv4j.netdiscovery.core.Spider] https://www.feixiaohao.com/currencies/eos/
16:31:08.996 [INFO ] [RxCachedThreadScheduler-1] [com.cv4j.netdiscovery.core.Spider] https://www.feixiaohao.com/currencies/eos/
16:31:11.242 [INFO ] [RxCachedThreadScheduler-1] [com.cv4j.netdiscovery.core.Spider] https://www.feixiaohao.com/currencies/eos/
16:31:13.301 [INFO ] [RxCachedThreadScheduler-1] [com.cv4j.netdiscovery.core.Spider] https://www.feixiaohao.com/currencies/eos/
16:31:15.360 [INFO ] [RxCachedThreadScheduler-1] [com.cv4j.netdiscovery.core.Spider] https://www.feixiaohao.com/currencies/eos/
16:31:17.425 [INFO ] [RxCachedThreadScheduler-1] [com.cv4j.netdiscovery.core.Spider] https://www.feixiaohao.com/currencies/eos/
16:31:19.486 [INFO ] [RxCachedThreadScheduler-1] [com.cv4j.netdiscovery.core.Spider] https://www.feixiaohao.com/currencies/eos/
16:31:21.547 [INFO ] [RxCachedThreadScheduler-1] [com.cv4j.netdiscovery.core.Spider] https://www.feixiaohao.com/currencies/eos/
16:31:23.715 [INFO ] [RxCachedThreadScheduler-1] [com.cv4j.netdiscovery.core.Spider] https://www.feixiaohao.com/currencies/eos/
16:31:25.774 [INFO ] [RxCachedThreadScheduler-1] [com.cv4j.netdiscovery.core.Spider] https://www.feixiaohao.com/currencies/eos/
16:31:27.839 [INFO ] [RxCachedThreadScheduler-1] [com.cv4j.netdiscovery.core.Spider] https://www.feixiaohao.com/currencies/eos/
16:31:29.896 [INFO ] [RxCachedThreadScheduler-1] [com.cv4j.netdiscovery.core.Spider] https://www.feixiaohao.com/currencies/eos/
16:31:31.987 [INFO ] [RxCachedThreadScheduler-1] [com.cv4j.netdiscovery.core.Spider] https://www.feixiaohao.com/currencies/eos/
16:31:34.293 [INFO ] [RxCachedThreadScheduler-1] [com.cv4j.netdiscovery.core.Spider] https://www.feixiaohao.com/currencies/eos/
16:31:36.359 [INFO ] [RxCachedThreadScheduler-1] [com.cv4j.netdiscovery.core.Spider] https://www.feixiaohao.com/currencies/eos/
16:31:38.418 [INFO ] [RxCachedThreadScheduler-1] [com.cv4j.netdiscovery.core.Spider] https://www.feixiaohao.com/currencies/eos/
16:31:40.473 [INFO ] [RxCachedThreadScheduler-1] [com.cv4j.netdiscovery.core.Spider] https://www.feixiaohao.com/currencies/eos/
16:31:42.532 [INFO ] [RxCachedThreadScheduler-1] [com.cv4j.netdiscovery.core.Spider] https://www.feixiaohao.com/currencies/eos/
16:31:44.611 [INFO ] [RxCachedThreadScheduler-1] [com.cv4j.netdiscovery.core.Spider] https://www.feixiaohao.com/currencies/eos/
16:31:46.793 [INFO ] [RxCachedThreadScheduler-1] [com.cv4j.netdiscovery.core.Spider] https://www.feixiaohao.com/currencies/eos/
16:31:48.852 [INFO ] [RxCachedThreadScheduler-1] [com.cv4j.netdiscovery.core.Spider] https://www.feixiaohao.com/currencies/eos/
16:31:50.909 [INFO ] [RxCachedThreadScheduler-1] [com.cv4j.netdiscovery.core.Spider] https://www.feixiaohao.com/currencies/eos/
16:31:52.974 [INFO ] [RxCachedThreadScheduler-1] [com.cv4j.netdiscovery.core.Spider] https://www.feixiaohao.com/currencies/eos/
16:31:55.036 [INFO ] [RxCachedThreadScheduler-1] [com.cv4j.netdiscovery.core.Spider] https://www.feixiaohao.com/currencies/eos/
16:31:57.243 [INFO ] [RxCachedThreadScheduler-1] [com.cv4j.netdiscovery.core.Spider] https://www.feixiaohao.com/currencies/eos/
16:31:59.303 [INFO ] [RxCachedThreadScheduler-1] [com.cv4j.netdiscovery.core.Spider] https://www.feixiaohao.com/currencies/eos/
16:32:01.362 [INFO ] [RxCachedThreadScheduler-1] [com.cv4j.netdiscovery.core.Spider] https://www.feixiaohao.com/currencies/eos/
16:32:03.425 [INFO ] [RxCachedThreadScheduler-1] [com.cv4j.netdiscovery.core.Spider] https://www.feixiaohao.com/currencies/eos/
16:32:05.491 [INFO ] [RxCachedThreadScheduler-1] [com.cv4j.netdiscovery.core.Spider] https://www.feixiaohao.com/currencies/eos/
16:32:07.546 [INFO ] [RxCachedThreadScheduler-1] [com.cv4j.netdiscovery.core.Spider] https://www.feixiaohao.com/currencies/eos/
16:32:09.732 [INFO ] [RxCachedThreadScheduler-1] [com.cv4j.netdiscovery.core.Spider] https://www.feixiaohao.com/currencies/eos/
16:32:11.803 [INFO ] [RxCachedThreadScheduler-1] [com.cv4j.netdiscovery.core.Spider] https://www.feixiaohao.com/currencies/eos/
16:32:13.864 [INFO ] [RxCachedThreadScheduler-1] [com.cv4j.netdiscovery.core.Spider] https://www.feixiaohao.com/currencies/eos/
16:32:15.926 [INFO ] [RxCachedThreadScheduler-1] [com.cv4j.netdiscovery.core.Spider] https://www.feixiaohao.com/currencies/eos/
16:32:17.986 [INFO ] [RxCachedThreadScheduler-1] [com.cv4j.netdiscovery.core.Spider] https://www.feixiaohao.com/currencies/eos/
16:32:20.192 [INFO ] [RxCachedThreadScheduler-1] [com.cv4j.netdiscovery.core.Spider] https://www.feixiaohao.com/currencies/eos/
16:32:22.255 [INFO ] [RxCachedThreadScheduler-1] [com.cv4j.netdiscovery.core.Spider] https://www.feixiaohao.com/currencies/eos/
16:32:24.347 [INFO ] [RxCachedThreadScheduler-1] [com.cv4j.netdiscovery.core.Spider] https://www.feixiaohao.com/currencies/eos/
16:32:26.409 [INFO ] [RxCachedThreadScheduler-1] [com.cv4j.netdiscovery.core.Spider] https://www.feixiaohao.com/currencies/eos/
16:32:28.473 [INFO ] [RxCachedThreadScheduler-1] [com.cv4j.netdiscovery.core.Spider] https://www.feixiaohao.com/currencies/eos/
16:32:30.529 [INFO ] [RxCachedThreadScheduler-1] [com.cv4j.netdiscovery.core.Spider] https://www.feixiaohao.com/currencies/eos/
16:32:32.717 [INFO ] [RxCachedThreadScheduler-1] [com.cv4j.netdiscovery.core.Spider] https://www.feixiaohao.com/currencies/eos/
16:32:34.779 [INFO ] [RxCachedThreadScheduler-1] [com.cv4j.netdiscovery.core.Spider] https://www.feixiaohao.com/currencies/eos/
16:32:36.837 [INFO ] [RxCachedThreadScheduler-1] [com.cv4j.netdiscovery.core.Spider] https://www.feixiaohao.com/currencies/eos/
16:32:38.892 [INFO ] [RxCachedThreadScheduler-1] [com.cv4j.netdiscovery.core.Spider] https://www.feixiaohao.com/currencies/eos/
16:32:40.951 [INFO ] [RxCachedThreadScheduler-1] [com.cv4j.netdiscovery.core.Spider] https://www.feixiaohao.com/currencies/eos/
16:32:43.007 [INFO ] [RxCachedThreadScheduler-1] [com.cv4j.netdiscovery.core.Spider] https://www.feixiaohao.com/currencies/eos/
16:32:45.187 [INFO ] [RxCachedThreadScheduler-1] [com.cv4j.netdiscovery.core.Spider] https://www.feixiaohao.com/currencies/eos/
16:32:47.246 [INFO ] [RxCachedThreadScheduler-1] [com.cv4j.netdiscovery.core.Spider] https://www.feixiaohao.com/currencies/eos/
16:32:58.251 [INFO ] [RxCachedThreadScheduler-1] [com.cv4j.netdiscovery.core.Spider] https://www.feixiaohao.com/currencies/eos/
16:33:00.334 [INFO ] [RxCachedThreadScheduler-1] [com.cv4j.netdiscovery.core.Spider] https://www.feixiaohao.com/currencies/eos/
16:33:02.397 [INFO ] [RxCachedThreadScheduler-1] [com.cv4j.netdiscovery.core.Spider] https://www.feixiaohao.com/currencies/eos/
16:33:04.455 [INFO ] [RxCachedThreadScheduler-1] [com.cv4j.netdiscovery.core.Spider] https://www.feixiaohao.com/currencies/eos/
16:33:06.514 [INFO ] [RxCachedThreadScheduler-1] [com.cv4j.netdiscovery.core.Spider] https://www.feixiaohao.com/currencies/eos/
16:33:08.574 [INFO ] [RxCachedThreadScheduler-1] [com.cv4j.netdiscovery.core.Spider] https://www.feixiaohao.com/currencies/eos/
16:33:10.757 [INFO ] [RxCachedThreadScheduler-1] [com.cv4j.netdiscovery.core.Spider] https://www.feixiaohao.com/currencies/eos/
16:33:12.820 [INFO ] [RxCachedThreadScheduler-1] [com.cv4j.netdiscovery.core.Spider] https://www.feixiaohao.com/currencies/eos/
16:33:14.879 [INFO ] [RxCachedThreadScheduler-1] [com.cv4j.netdiscovery.core.Spider] https://www.feixiaohao.com/currencies/eos/
16:33:16.942 [INFO ] [RxCachedThreadScheduler-1] [com.cv4j.netdiscovery.core.Spider] https://www.feixiaohao.com/currencies/eos/
16:45:24.522 [INFO ] [main] [com.cv4j.netdiscovery.core.Spider] Spider spider-1 stop success!
16:45:25.332 [INFO ] [RxCachedThreadScheduler-1] [com.cv4j.netdiscovery.core.Spider] http://www.szrc.cn/HrMarket/WLZP/ZP/0/%E6%95%B0%E6%8D%AE
16:46:27.497 [INFO ] [main] [com.cv4j.netdiscovery.core.Spider] Spider spider-1 stop success!
16:46:28.352 [INFO ] [RxCachedThreadScheduler-1] [com.cv4j.netdiscovery.core.Spider] http://www.szrc.cn/HrMarket/WLZP/ZP/0/%e9%94%80%e5%94%ae
16:58:57.590 [INFO ] [RxCachedThreadScheduler-1] [com.cv4j.netdiscovery.core.Spider] https://www.feixiaohao.com/currencies/eos/
16:59:00.675 [INFO ] [RxCachedThreadScheduler-1] [com.cv4j.netdiscovery.core.Spider] https://www.feixiaohao.com/currencies/eos/
16:59:03.742 [INFO ] [RxCachedThreadScheduler-1] [com.cv4j.netdiscovery.core.Spider] https://www.feixiaohao.com/currencies/eos/
