01:08:29.560 [INFO ] [Thread-0] [com.cv4j.netdiscovery.core.Spider] Spider Power1510664582 stop success!
01:08:29.613 [ERROR] [RxCachedThreadScheduler-1] [com.cv4j.netdiscovery.core.Spider] Network is unreachable: www.100ghouse.com/49.73.43.18:80
io.netty.channel.AbstractChannel$AnnotatedSocketException: Network is unreachable: www.100ghouse.com/49.73.43.18:80
	at sun.nio.ch.Net.connect0(Native Method)
	at sun.nio.ch.Net.connect(Net.java:454)
	at sun.nio.ch.Net.connect(Net.java:446)
	at sun.nio.ch.SocketChannelImpl.connect(SocketChannelImpl.java:648)
	at io.netty.util.internal.SocketUtils$3.run(SocketUtils.java:83)
	at io.netty.util.internal.SocketUtils$3.run(SocketUtils.java:80)
	at java.security.AccessController.doPrivileged(Native Method)
	at io.netty.util.internal.SocketUtils.connect(SocketUtils.java:80)
	at io.netty.channel.socket.nio.NioSocketChannel.doConnect(NioSocketChannel.java:312)
	at io.netty.channel.nio.AbstractNioChannel$AbstractNioUnsafe.connect(AbstractNioChannel.java:254)
	at io.netty.channel.DefaultChannelPipeline$HeadContext.connect(DefaultChannelPipeline.java:1366)
	at io.netty.channel.AbstractChannelHandlerContext.invokeConnect(AbstractChannelHandlerContext.java:545)
	at io.netty.channel.AbstractChannelHandlerContext.connect(AbstractChannelHandlerContext.java:530)
	at io.netty.channel.AbstractChannelHandlerContext.connect(AbstractChannelHandlerContext.java:512)
	at io.netty.channel.DefaultChannelPipeline.connect(DefaultChannelPipeline.java:1024)
	at io.netty.channel.AbstractChannel.connect(AbstractChannel.java:259)
	at io.netty.bootstrap.Bootstrap$3.run(Bootstrap.java:252)
	at io.netty.util.concurrent.AbstractEventExecutor.safeExecute(AbstractEventExecutor.java:163)
	at io.netty.util.concurrent.SingleThreadEventExecutor.runAllTasks(SingleThreadEventExecutor.java:404)
	at io.netty.channel.nio.NioEventLoop.run(NioEventLoop.java:466)
	at io.netty.util.concurrent.SingleThreadEventExecutor$5.run(SingleThreadEventExecutor.java:897)
	at io.netty.util.concurrent.FastThreadLocalRunnable.run(FastThreadLocalRunnable.java:30)
	at java.lang.Thread.run(Thread.java:745)
Caused by: java.net.SocketException: Network is unreachable
	... 23 common frames omitted
