03:53:48.374 [ERROR] [RxCachedThreadScheduler-1] [com.cv4j.netdiscovery.core.Spider] onSuccess called with null. Null values are generally not allowed in 2.x operators and sources.
java.lang.NullPointerException: onSuccess called with null. Null values are generally not allowed in 2.x operators and sources.
	at io.reactivex.internal.operators.maybe.MaybeCreate$Emitter.onSuccess(MaybeCreate.java:71)
	at com.cv4j.netdiscovery.extra.downloader.httpclient.HttpClientDownloader$2.subscribe(HttpClientDownloader.java:51)
	at io.reactivex.internal.operators.maybe.MaybeCreate.subscribeActual(MaybeCreate.java:45)
	at io.reactivex.Maybe.subscribe(Maybe.java:4174)
	at io.reactivex.internal.operators.maybe.MaybeMap.subscribeActual(MaybeMap.java:40)
	at io.reactivex.Maybe.subscribe(Maybe.java:4174)
	at io.reactivex.internal.operators.maybe.MaybeToFlowable.subscribeActual(MaybeToFlowable.java:45)
	at io.reactivex.Flowable.subscribe(Flowable.java:14636)
	at io.reactivex.Flowable.subscribe(Flowable.java:14583)
	at io.reactivex.internal.operators.flowable.FlowableRepeatWhen$WhenReceiver.onNext(FlowableRepeatWhen.java:100)
	at io.reactivex.internal.operators.flowable.FlowableRetryWhen.subscribeActual(FlowableRetryWhen.java:62)
	at io.reactivex.Flowable.subscribe(Flowable.java:14636)
	at io.reactivex.internal.operators.flowable.FlowableSingleMaybe.subscribeActual(FlowableSingleMaybe.java:34)
	at io.reactivex.Maybe.subscribe(Maybe.java:4174)
	at io.reactivex.internal.operators.maybe.MaybeMap.subscribeActual(MaybeMap.java:40)
	at io.reactivex.Maybe.subscribe(Maybe.java:4174)
	at io.reactivex.internal.operators.maybe.MaybeMap.subscribeActual(MaybeMap.java:40)
	at io.reactivex.Maybe.subscribe(Maybe.java:4174)
	at io.reactivex.internal.operators.maybe.MaybeMap.subscribeActual(MaybeMap.java:40)
	at io.reactivex.Maybe.subscribe(Maybe.java:4174)
	at io.reactivex.internal.operators.maybe.MaybeObserveOn.subscribeActual(MaybeObserveOn.java:38)
	at io.reactivex.Maybe.subscribe(Maybe.java:4174)
	at io.reactivex.Maybe.subscribeWith(Maybe.java:4243)
	at io.reactivex.Maybe.subscribe(Maybe.java:4161)
	at io.reactivex.Maybe.subscribe(Maybe.java:4127)
	at com.cv4j.netdiscovery.core.Spider.run(Spider.java:529)
	at com.net.netdiscovery.mian.test.EosSpider.main(EosSpider.java:27)
03:53:51.365 [ERROR] [RxCachedThreadScheduler-1] [com.cv4j.netdiscovery.core.Spider] onSuccess called with null. Null values are generally not allowed in 2.x operators and sources.
java.lang.NullPointerException: onSuccess called with null. Null values are generally not allowed in 2.x operators and sources.
	at io.reactivex.internal.operators.maybe.MaybeCreate$Emitter.onSuccess(MaybeCreate.java:71)
	at com.cv4j.netdiscovery.extra.downloader.httpclient.HttpClientDownloader$2.subscribe(HttpClientDownloader.java:51)
	at io.reactivex.internal.operators.maybe.MaybeCreate.subscribeActual(MaybeCreate.java:45)
	at io.reactivex.Maybe.subscribe(Maybe.java:4174)
	at io.reactivex.internal.operators.maybe.MaybeMap.subscribeActual(MaybeMap.java:40)
	at io.reactivex.Maybe.subscribe(Maybe.java:4174)
	at io.reactivex.internal.operators.maybe.MaybeToFlowable.subscribeActual(MaybeToFlowable.java:45)
	at io.reactivex.Flowable.subscribe(Flowable.java:14636)
	at io.reactivex.Flowable.subscribe(Flowable.java:14583)
	at io.reactivex.internal.operators.flowable.FlowableRepeatWhen$WhenReceiver.onNext(FlowableRepeatWhen.java:100)
	at io.reactivex.internal.operators.flowable.FlowableRetryWhen.subscribeActual(FlowableRetryWhen.java:62)
	at io.reactivex.Flowable.subscribe(Flowable.java:14636)
	at io.reactivex.internal.operators.flowable.FlowableSingleMaybe.subscribeActual(FlowableSingleMaybe.java:34)
	at io.reactivex.Maybe.subscribe(Maybe.java:4174)
	at io.reactivex.internal.operators.maybe.MaybeMap.subscribeActual(MaybeMap.java:40)
	at io.reactivex.Maybe.subscribe(Maybe.java:4174)
	at io.reactivex.internal.operators.maybe.MaybeMap.subscribeActual(MaybeMap.java:40)
	at io.reactivex.Maybe.subscribe(Maybe.java:4174)
	at io.reactivex.internal.operators.maybe.MaybeMap.subscribeActual(MaybeMap.java:40)
	at io.reactivex.Maybe.subscribe(Maybe.java:4174)
	at io.reactivex.internal.operators.maybe.MaybeObserveOn.subscribeActual(MaybeObserveOn.java:38)
	at io.reactivex.Maybe.subscribe(Maybe.java:4174)
	at io.reactivex.Maybe.subscribeWith(Maybe.java:4243)
	at io.reactivex.Maybe.subscribe(Maybe.java:4161)
	at io.reactivex.Maybe.subscribe(Maybe.java:4127)
	at com.cv4j.netdiscovery.core.Spider.run(Spider.java:529)
	at com.net.netdiscovery.mian.test.EosSpider.main(EosSpider.java:27)
15:45:02.837 [ERROR] [RxCachedThreadScheduler-1] [com.cv4j.netdiscovery.core.Spider] onSuccess called with null. Null values are generally not allowed in 2.x operators and sources.
java.lang.NullPointerException: onSuccess called with null. Null values are generally not allowed in 2.x operators and sources.
	at io.reactivex.internal.operators.maybe.MaybeCreate$Emitter.onSuccess(MaybeCreate.java:71)
	at com.cv4j.netdiscovery.extra.downloader.httpclient.HttpClientDownloader$2.subscribe(HttpClientDownloader.java:51)
	at io.reactivex.internal.operators.maybe.MaybeCreate.subscribeActual(MaybeCreate.java:45)
	at io.reactivex.Maybe.subscribe(Maybe.java:4174)
	at io.reactivex.internal.operators.maybe.MaybeMap.subscribeActual(MaybeMap.java:40)
	at io.reactivex.Maybe.subscribe(Maybe.java:4174)
	at io.reactivex.internal.operators.maybe.MaybeToFlowable.subscribeActual(MaybeToFlowable.java:45)
	at io.reactivex.Flowable.subscribe(Flowable.java:14636)
	at io.reactivex.Flowable.subscribe(Flowable.java:14583)
	at io.reactivex.internal.operators.flowable.FlowableRepeatWhen$WhenReceiver.onNext(FlowableRepeatWhen.java:100)
	at io.reactivex.internal.operators.flowable.FlowableRetryWhen.subscribeActual(FlowableRetryWhen.java:62)
	at io.reactivex.Flowable.subscribe(Flowable.java:14636)
	at io.reactivex.internal.operators.flowable.FlowableSingleMaybe.subscribeActual(FlowableSingleMaybe.java:34)
	at io.reactivex.Maybe.subscribe(Maybe.java:4174)
	at io.reactivex.internal.operators.maybe.MaybeMap.subscribeActual(MaybeMap.java:40)
	at io.reactivex.Maybe.subscribe(Maybe.java:4174)
	at io.reactivex.internal.operators.maybe.MaybeMap.subscribeActual(MaybeMap.java:40)
	at io.reactivex.Maybe.subscribe(Maybe.java:4174)
	at io.reactivex.internal.operators.maybe.MaybeMap.subscribeActual(MaybeMap.java:40)
	at io.reactivex.Maybe.subscribe(Maybe.java:4174)
	at io.reactivex.internal.operators.maybe.MaybeObserveOn.subscribeActual(MaybeObserveOn.java:38)
	at io.reactivex.Maybe.subscribe(Maybe.java:4174)
	at io.reactivex.Maybe.subscribeWith(Maybe.java:4243)
	at io.reactivex.Maybe.subscribe(Maybe.java:4161)
	at io.reactivex.Maybe.subscribe(Maybe.java:4127)
	at com.cv4j.netdiscovery.core.Spider.run(Spider.java:529)
	at com.net.netdiscovery.mian.test.EosSpider.main(EosSpider.java:27)
15:45:05.837 [ERROR] [RxCachedThreadScheduler-1] [com.cv4j.netdiscovery.core.Spider] onSuccess called with null. Null values are generally not allowed in 2.x operators and sources.
java.lang.NullPointerException: onSuccess called with null. Null values are generally not allowed in 2.x operators and sources.
	at io.reactivex.internal.operators.maybe.MaybeCreate$Emitter.onSuccess(MaybeCreate.java:71)
	at com.cv4j.netdiscovery.extra.downloader.httpclient.HttpClientDownloader$2.subscribe(HttpClientDownloader.java:51)
	at io.reactivex.internal.operators.maybe.MaybeCreate.subscribeActual(MaybeCreate.java:45)
	at io.reactivex.Maybe.subscribe(Maybe.java:4174)
	at io.reactivex.internal.operators.maybe.MaybeMap.subscribeActual(MaybeMap.java:40)
	at io.reactivex.Maybe.subscribe(Maybe.java:4174)
	at io.reactivex.internal.operators.maybe.MaybeToFlowable.subscribeActual(MaybeToFlowable.java:45)
	at io.reactivex.Flowable.subscribe(Flowable.java:14636)
	at io.reactivex.Flowable.subscribe(Flowable.java:14583)
	at io.reactivex.internal.operators.flowable.FlowableRepeatWhen$WhenReceiver.onNext(FlowableRepeatWhen.java:100)
	at io.reactivex.internal.operators.flowable.FlowableRetryWhen.subscribeActual(FlowableRetryWhen.java:62)
	at io.reactivex.Flowable.subscribe(Flowable.java:14636)
	at io.reactivex.internal.operators.flowable.FlowableSingleMaybe.subscribeActual(FlowableSingleMaybe.java:34)
	at io.reactivex.Maybe.subscribe(Maybe.java:4174)
	at io.reactivex.internal.operators.maybe.MaybeMap.subscribeActual(MaybeMap.java:40)
	at io.reactivex.Maybe.subscribe(Maybe.java:4174)
	at io.reactivex.internal.operators.maybe.MaybeMap.subscribeActual(MaybeMap.java:40)
	at io.reactivex.Maybe.subscribe(Maybe.java:4174)
	at io.reactivex.internal.operators.maybe.MaybeMap.subscribeActual(MaybeMap.java:40)
	at io.reactivex.Maybe.subscribe(Maybe.java:4174)
	at io.reactivex.internal.operators.maybe.MaybeObserveOn.subscribeActual(MaybeObserveOn.java:38)
	at io.reactivex.Maybe.subscribe(Maybe.java:4174)
	at io.reactivex.Maybe.subscribeWith(Maybe.java:4243)
	at io.reactivex.Maybe.subscribe(Maybe.java:4161)
	at io.reactivex.Maybe.subscribe(Maybe.java:4127)
	at com.cv4j.netdiscovery.core.Spider.run(Spider.java:529)
	at com.net.netdiscovery.mian.test.EosSpider.main(EosSpider.java:27)
18:59:59.547 [ERROR] [RxCachedThreadScheduler-1] [com.cv4j.netdiscovery.core.Spider] onSuccess called with null. Null values are generally not allowed in 2.x operators and sources.
java.lang.NullPointerException: onSuccess called with null. Null values are generally not allowed in 2.x operators and sources.
	at io.reactivex.internal.operators.maybe.MaybeCreate$Emitter.onSuccess(MaybeCreate.java:71)
	at com.cv4j.netdiscovery.extra.downloader.httpclient.HttpClientDownloader$2.subscribe(HttpClientDownloader.java:51)
	at io.reactivex.internal.operators.maybe.MaybeCreate.subscribeActual(MaybeCreate.java:45)
	at io.reactivex.Maybe.subscribe(Maybe.java:4174)
	at io.reactivex.internal.operators.maybe.MaybeMap.subscribeActual(MaybeMap.java:40)
	at io.reactivex.Maybe.subscribe(Maybe.java:4174)
	at io.reactivex.internal.operators.maybe.MaybeToFlowable.subscribeActual(MaybeToFlowable.java:45)
	at io.reactivex.Flowable.subscribe(Flowable.java:14636)
	at io.reactivex.Flowable.subscribe(Flowable.java:14583)
	at io.reactivex.internal.operators.flowable.FlowableRepeatWhen$WhenReceiver.onNext(FlowableRepeatWhen.java:100)
	at io.reactivex.internal.operators.flowable.FlowableRetryWhen.subscribeActual(FlowableRetryWhen.java:62)
	at io.reactivex.Flowable.subscribe(Flowable.java:14636)
	at io.reactivex.internal.operators.flowable.FlowableSingleMaybe.subscribeActual(FlowableSingleMaybe.java:34)
	at io.reactivex.Maybe.subscribe(Maybe.java:4174)
	at io.reactivex.internal.operators.maybe.MaybeMap.subscribeActual(MaybeMap.java:40)
	at io.reactivex.Maybe.subscribe(Maybe.java:4174)
	at io.reactivex.internal.operators.maybe.MaybeMap.subscribeActual(MaybeMap.java:40)
	at io.reactivex.Maybe.subscribe(Maybe.java:4174)
	at io.reactivex.internal.operators.maybe.MaybeMap.subscribeActual(MaybeMap.java:40)
	at io.reactivex.Maybe.subscribe(Maybe.java:4174)
	at io.reactivex.internal.operators.maybe.MaybeObserveOn.subscribeActual(MaybeObserveOn.java:38)
	at io.reactivex.Maybe.subscribe(Maybe.java:4174)
	at io.reactivex.Maybe.subscribeWith(Maybe.java:4243)
	at io.reactivex.Maybe.subscribe(Maybe.java:4161)
	at io.reactivex.Maybe.subscribe(Maybe.java:4127)
	at com.cv4j.netdiscovery.core.Spider.run(Spider.java:529)
	at com.net.netdiscovery.mian.test.EosSpider.main(EosSpider.java:27)
19:00:02.557 [ERROR] [RxCachedThreadScheduler-1] [com.cv4j.netdiscovery.core.Spider] onSuccess called with null. Null values are generally not allowed in 2.x operators and sources.
java.lang.NullPointerException: onSuccess called with null. Null values are generally not allowed in 2.x operators and sources.
	at io.reactivex.internal.operators.maybe.MaybeCreate$Emitter.onSuccess(MaybeCreate.java:71)
	at com.cv4j.netdiscovery.extra.downloader.httpclient.HttpClientDownloader$2.subscribe(HttpClientDownloader.java:51)
	at io.reactivex.internal.operators.maybe.MaybeCreate.subscribeActual(MaybeCreate.java:45)
	at io.reactivex.Maybe.subscribe(Maybe.java:4174)
	at io.reactivex.internal.operators.maybe.MaybeMap.subscribeActual(MaybeMap.java:40)
	at io.reactivex.Maybe.subscribe(Maybe.java:4174)
	at io.reactivex.internal.operators.maybe.MaybeToFlowable.subscribeActual(MaybeToFlowable.java:45)
	at io.reactivex.Flowable.subscribe(Flowable.java:14636)
	at io.reactivex.Flowable.subscribe(Flowable.java:14583)
	at io.reactivex.internal.operators.flowable.FlowableRepeatWhen$WhenReceiver.onNext(FlowableRepeatWhen.java:100)
	at io.reactivex.internal.operators.flowable.FlowableRetryWhen.subscribeActual(FlowableRetryWhen.java:62)
	at io.reactivex.Flowable.subscribe(Flowable.java:14636)
	at io.reactivex.internal.operators.flowable.FlowableSingleMaybe.subscribeActual(FlowableSingleMaybe.java:34)
	at io.reactivex.Maybe.subscribe(Maybe.java:4174)
	at io.reactivex.internal.operators.maybe.MaybeMap.subscribeActual(MaybeMap.java:40)
	at io.reactivex.Maybe.subscribe(Maybe.java:4174)
	at io.reactivex.internal.operators.maybe.MaybeMap.subscribeActual(MaybeMap.java:40)
	at io.reactivex.Maybe.subscribe(Maybe.java:4174)
	at io.reactivex.internal.operators.maybe.MaybeMap.subscribeActual(MaybeMap.java:40)
	at io.reactivex.Maybe.subscribe(Maybe.java:4174)
	at io.reactivex.internal.operators.maybe.MaybeObserveOn.subscribeActual(MaybeObserveOn.java:38)
	at io.reactivex.Maybe.subscribe(Maybe.java:4174)
	at io.reactivex.Maybe.subscribeWith(Maybe.java:4243)
	at io.reactivex.Maybe.subscribe(Maybe.java:4161)
	at io.reactivex.Maybe.subscribe(Maybe.java:4127)
	at com.cv4j.netdiscovery.core.Spider.run(Spider.java:529)
	at com.net.netdiscovery.mian.test.EosSpider.main(EosSpider.java:27)
19:00:00.563 [ERROR] [RxCachedThreadScheduler-1] [com.cv4j.netdiscovery.core.Spider] onSuccess called with null. Null values are generally not allowed in 2.x operators and sources.
java.lang.NullPointerException: onSuccess called with null. Null values are generally not allowed in 2.x operators and sources.
	at io.reactivex.internal.operators.maybe.MaybeCreate$Emitter.onSuccess(MaybeCreate.java:71)
	at com.cv4j.netdiscovery.extra.downloader.httpclient.HttpClientDownloader$2.subscribe(HttpClientDownloader.java:51)
	at io.reactivex.internal.operators.maybe.MaybeCreate.subscribeActual(MaybeCreate.java:45)
	at io.reactivex.Maybe.subscribe(Maybe.java:4174)
	at io.reactivex.internal.operators.maybe.MaybeMap.subscribeActual(MaybeMap.java:40)
	at io.reactivex.Maybe.subscribe(Maybe.java:4174)
	at io.reactivex.internal.operators.maybe.MaybeToFlowable.subscribeActual(MaybeToFlowable.java:45)
	at io.reactivex.Flowable.subscribe(Flowable.java:14636)
	at io.reactivex.Flowable.subscribe(Flowable.java:14583)
	at io.reactivex.internal.operators.flowable.FlowableRepeatWhen$WhenReceiver.onNext(FlowableRepeatWhen.java:100)
	at io.reactivex.internal.operators.flowable.FlowableRetryWhen.subscribeActual(FlowableRetryWhen.java:62)
	at io.reactivex.Flowable.subscribe(Flowable.java:14636)
	at io.reactivex.internal.operators.flowable.FlowableSingleMaybe.subscribeActual(FlowableSingleMaybe.java:34)
	at io.reactivex.Maybe.subscribe(Maybe.java:4174)
	at io.reactivex.internal.operators.maybe.MaybeMap.subscribeActual(MaybeMap.java:40)
	at io.reactivex.Maybe.subscribe(Maybe.java:4174)
	at io.reactivex.internal.operators.maybe.MaybeMap.subscribeActual(MaybeMap.java:40)
	at io.reactivex.Maybe.subscribe(Maybe.java:4174)
	at io.reactivex.internal.operators.maybe.MaybeMap.subscribeActual(MaybeMap.java:40)
	at io.reactivex.Maybe.subscribe(Maybe.java:4174)
	at io.reactivex.internal.operators.maybe.MaybeObserveOn.subscribeActual(MaybeObserveOn.java:38)
	at io.reactivex.Maybe.subscribe(Maybe.java:4174)
	at io.reactivex.Maybe.subscribeWith(Maybe.java:4243)
	at io.reactivex.Maybe.subscribe(Maybe.java:4161)
	at io.reactivex.Maybe.subscribe(Maybe.java:4127)
	at com.cv4j.netdiscovery.core.Spider.run(Spider.java:529)
	at com.net.netdiscovery.mian.test.EosSpider.main(EosSpider.java:27)
19:00:03.571 [ERROR] [RxCachedThreadScheduler-1] [com.cv4j.netdiscovery.core.Spider] onSuccess called with null. Null values are generally not allowed in 2.x operators and sources.
java.lang.NullPointerException: onSuccess called with null. Null values are generally not allowed in 2.x operators and sources.
	at io.reactivex.internal.operators.maybe.MaybeCreate$Emitter.onSuccess(MaybeCreate.java:71)
	at com.cv4j.netdiscovery.extra.downloader.httpclient.HttpClientDownloader$2.subscribe(HttpClientDownloader.java:51)
	at io.reactivex.internal.operators.maybe.MaybeCreate.subscribeActual(MaybeCreate.java:45)
	at io.reactivex.Maybe.subscribe(Maybe.java:4174)
	at io.reactivex.internal.operators.maybe.MaybeMap.subscribeActual(MaybeMap.java:40)
	at io.reactivex.Maybe.subscribe(Maybe.java:4174)
	at io.reactivex.internal.operators.maybe.MaybeToFlowable.subscribeActual(MaybeToFlowable.java:45)
	at io.reactivex.Flowable.subscribe(Flowable.java:14636)
	at io.reactivex.Flowable.subscribe(Flowable.java:14583)
	at io.reactivex.internal.operators.flowable.FlowableRepeatWhen$WhenReceiver.onNext(FlowableRepeatWhen.java:100)
	at io.reactivex.internal.operators.flowable.FlowableRetryWhen.subscribeActual(FlowableRetryWhen.java:62)
	at io.reactivex.Flowable.subscribe(Flowable.java:14636)
	at io.reactivex.internal.operators.flowable.FlowableSingleMaybe.subscribeActual(FlowableSingleMaybe.java:34)
	at io.reactivex.Maybe.subscribe(Maybe.java:4174)
	at io.reactivex.internal.operators.maybe.MaybeMap.subscribeActual(MaybeMap.java:40)
	at io.reactivex.Maybe.subscribe(Maybe.java:4174)
	at io.reactivex.internal.operators.maybe.MaybeMap.subscribeActual(MaybeMap.java:40)
	at io.reactivex.Maybe.subscribe(Maybe.java:4174)
	at io.reactivex.internal.operators.maybe.MaybeMap.subscribeActual(MaybeMap.java:40)
	at io.reactivex.Maybe.subscribe(Maybe.java:4174)
	at io.reactivex.internal.operators.maybe.MaybeObserveOn.subscribeActual(MaybeObserveOn.java:38)
	at io.reactivex.Maybe.subscribe(Maybe.java:4174)
	at io.reactivex.Maybe.subscribeWith(Maybe.java:4243)
	at io.reactivex.Maybe.subscribe(Maybe.java:4161)
	at io.reactivex.Maybe.subscribe(Maybe.java:4127)
	at com.cv4j.netdiscovery.core.Spider.run(Spider.java:529)
	at com.net.netdiscovery.mian.test.EosSpider.main(EosSpider.java:27)
19:00:06.578 [ERROR] [RxCachedThreadScheduler-1] [com.cv4j.netdiscovery.core.Spider] onSuccess called with null. Null values are generally not allowed in 2.x operators and sources.
java.lang.NullPointerException: onSuccess called with null. Null values are generally not allowed in 2.x operators and sources.
	at io.reactivex.internal.operators.maybe.MaybeCreate$Emitter.onSuccess(MaybeCreate.java:71)
	at com.cv4j.netdiscovery.extra.downloader.httpclient.HttpClientDownloader$2.subscribe(HttpClientDownloader.java:51)
	at io.reactivex.internal.operators.maybe.MaybeCreate.subscribeActual(MaybeCreate.java:45)
	at io.reactivex.Maybe.subscribe(Maybe.java:4174)
	at io.reactivex.internal.operators.maybe.MaybeMap.subscribeActual(MaybeMap.java:40)
	at io.reactivex.Maybe.subscribe(Maybe.java:4174)
	at io.reactivex.internal.operators.maybe.MaybeToFlowable.subscribeActual(MaybeToFlowable.java:45)
	at io.reactivex.Flowable.subscribe(Flowable.java:14636)
	at io.reactivex.Flowable.subscribe(Flowable.java:14583)
	at io.reactivex.internal.operators.flowable.FlowableRepeatWhen$WhenReceiver.onNext(FlowableRepeatWhen.java:100)
	at io.reactivex.internal.operators.flowable.FlowableRetryWhen.subscribeActual(FlowableRetryWhen.java:62)
	at io.reactivex.Flowable.subscribe(Flowable.java:14636)
	at io.reactivex.internal.operators.flowable.FlowableSingleMaybe.subscribeActual(FlowableSingleMaybe.java:34)
	at io.reactivex.Maybe.subscribe(Maybe.java:4174)
	at io.reactivex.internal.operators.maybe.MaybeMap.subscribeActual(MaybeMap.java:40)
	at io.reactivex.Maybe.subscribe(Maybe.java:4174)
	at io.reactivex.internal.operators.maybe.MaybeMap.subscribeActual(MaybeMap.java:40)
	at io.reactivex.Maybe.subscribe(Maybe.java:4174)
	at io.reactivex.internal.operators.maybe.MaybeMap.subscribeActual(MaybeMap.java:40)
	at io.reactivex.Maybe.subscribe(Maybe.java:4174)
	at io.reactivex.internal.operators.maybe.MaybeObserveOn.subscribeActual(MaybeObserveOn.java:38)
	at io.reactivex.Maybe.subscribe(Maybe.java:4174)
	at io.reactivex.Maybe.subscribeWith(Maybe.java:4243)
	at io.reactivex.Maybe.subscribe(Maybe.java:4161)
	at io.reactivex.Maybe.subscribe(Maybe.java:4127)
	at com.cv4j.netdiscovery.core.Spider.run(Spider.java:529)
	at com.net.netdiscovery.mian.test.EosSpider.main(EosSpider.java:27)
19:00:09.805 [INFO ] [RxCachedThreadScheduler-1] [com.cv4j.netdiscovery.core.Spider] https://www.feixiaohao.com/currencies/eos/
19:00:12.880 [INFO ] [RxCachedThreadScheduler-1] [com.cv4j.netdiscovery.core.Spider] https://www.feixiaohao.com/currencies/eos/
19:00:16.366 [INFO ] [RxCachedThreadScheduler-1] [com.cv4j.netdiscovery.core.Spider] https://www.feixiaohao.com/currencies/eos/
19:00:19.450 [INFO ] [RxCachedThreadScheduler-1] [com.cv4j.netdiscovery.core.Spider] https://www.feixiaohao.com/currencies/eos/
19:00:22.530 [INFO ] [RxCachedThreadScheduler-1] [com.cv4j.netdiscovery.core.Spider] https://www.feixiaohao.com/currencies/eos/
