08:15:12.785 [INFO ] [Thread-0] [com.cv4j.netdiscovery.core.Spider] Spider Power1510664582 stop success!
08:15:12.796 [ERROR] [RxCachedThreadScheduler-20] [com.cv4j.netdiscovery.core.Spider] Network is unreachable: www.100ghouse.com/49.73.43.18:80
io.netty.channel.AbstractChannel$AnnotatedSocketException: Network is unreachable: www.100ghouse.com/49.73.43.18:80
	at sun.nio.ch.Net.connect0(Native Method)
	at sun.nio.ch.Net.connect(Net.java:454)
	at sun.nio.ch.Net.connect(Net.java:446)
	at sun.nio.ch.SocketChannelImpl.connect(SocketChannelImpl.java:648)
	at io.netty.util.internal.SocketUtils$3.run(SocketUtils.java:83)
	at io.netty.util.internal.SocketUtils$3.run(SocketUtils.java:80)
	at java.security.AccessController.doPrivileged(Native Method)
	at io.netty.util.internal.SocketUtils.connect(SocketUtils.java:80)
	at io.netty.channel.socket.nio.NioSocketChannel.doConnect(NioSocketChannel.java:312)
	at io.netty.channel.nio.AbstractNioChannel$AbstractNioUnsafe.connect(AbstractNioChannel.java:254)
	at io.netty.channel.DefaultChannelPipeline$HeadContext.connect(DefaultChannelPipeline.java:1366)
	at io.netty.channel.AbstractChannelHandlerContext.invokeConnect(AbstractChannelHandlerContext.java:545)
	at io.netty.channel.AbstractChannelHandlerContext.connect(AbstractChannelHandlerContext.java:530)
	at io.netty.channel.AbstractChannelHandlerContext.connect(AbstractChannelHandlerContext.java:512)
	at io.netty.channel.DefaultChannelPipeline.connect(DefaultChannelPipeline.java:1024)
	at io.netty.channel.AbstractChannel.connect(AbstractChannel.java:259)
	at io.netty.bootstrap.Bootstrap$3.run(Bootstrap.java:252)
	at io.netty.util.concurrent.AbstractEventExecutor.safeExecute(AbstractEventExecutor.java:163)
	at io.netty.util.concurrent.SingleThreadEventExecutor.runAllTasks(SingleThreadEventExecutor.java:404)
	at io.netty.channel.nio.NioEventLoop.run(NioEventLoop.java:466)
	at io.netty.util.concurrent.SingleThreadEventExecutor$5.run(SingleThreadEventExecutor.java:897)
	at io.netty.util.concurrent.FastThreadLocalRunnable.run(FastThreadLocalRunnable.java:30)
	at java.lang.Thread.run(Thread.java:745)
Caused by: java.net.SocketException: Network is unreachable
	... 23 common frames omitted
08:59:47.552 [INFO ] [Thread-0] [com.cv4j.netdiscovery.core.Spider] Spider Power1510664582 stop success!
08:59:47.701 [INFO ] [RxCachedThreadScheduler-21] [com.cv4j.netdiscovery.core.Spider] http://www.100ghouse.com/yonghu//app/users/user/pass_code
09:01:16.055 [INFO ] [Thread-0] [com.cv4j.netdiscovery.core.Spider] Spider Power1510664582 stop success!
09:01:16.164 [INFO ] [RxCachedThreadScheduler-21] [com.cv4j.netdiscovery.core.Spider] http://www.100ghouse.com/yonghu//app/users/user/pass_code
09:02:29.451 [INFO ] [Thread-0] [com.cv4j.netdiscovery.core.Spider] Spider Power1510664582 stop success!
09:02:29.587 [INFO ] [RxCachedThreadScheduler-21] [com.cv4j.netdiscovery.core.Spider] http://www.100ghouse.com/yonghu//app/users/user/pass_code
09:03:42.574 [INFO ] [Thread-0] [com.cv4j.netdiscovery.core.Spider] Spider Power1510664582 stop success!
09:03:42.683 [INFO ] [RxCachedThreadScheduler-22] [com.cv4j.netdiscovery.core.Spider] http://www.100ghouse.com/yonghu//app/users/user/pass_code
09:04:54.650 [INFO ] [Thread-0] [com.cv4j.netdiscovery.core.Spider] Spider Power1510664582 stop success!
09:04:54.761 [INFO ] [RxCachedThreadScheduler-22] [com.cv4j.netdiscovery.core.Spider] http://www.100ghouse.com/yonghu//app/users/user/pass_code
09:06:08.722 [INFO ] [Thread-0] [com.cv4j.netdiscovery.core.Spider] Spider Power1510664582 stop success!
09:06:08.828 [INFO ] [RxCachedThreadScheduler-22] [com.cv4j.netdiscovery.core.Spider] http://www.100ghouse.com/yonghu//app/users/user/pass_code
09:07:22.162 [INFO ] [Thread-0] [com.cv4j.netdiscovery.core.Spider] Spider Power1510664582 stop success!
09:07:22.268 [INFO ] [RxCachedThreadScheduler-22] [com.cv4j.netdiscovery.core.Spider] http://www.100ghouse.com/yonghu//app/users/user/pass_code
09:08:34.260 [INFO ] [Thread-0] [com.cv4j.netdiscovery.core.Spider] Spider Power1510664582 stop success!
09:08:34.363 [INFO ] [RxCachedThreadScheduler-22] [com.cv4j.netdiscovery.core.Spider] http://www.100ghouse.com/yonghu//app/users/user/pass_code
09:09:48.181 [INFO ] [Thread-0] [com.cv4j.netdiscovery.core.Spider] Spider Power1510664582 stop success!
09:09:48.294 [INFO ] [RxCachedThreadScheduler-23] [com.cv4j.netdiscovery.core.Spider] http://www.100ghouse.com/yonghu//app/users/user/pass_code
09:11:01.814 [INFO ] [Thread-0] [com.cv4j.netdiscovery.core.Spider] Spider Power1510664582 stop success!
09:11:01.929 [INFO ] [RxCachedThreadScheduler-23] [com.cv4j.netdiscovery.core.Spider] http://www.100ghouse.com/yonghu//app/users/user/pass_code
09:12:15.853 [INFO ] [Thread-0] [com.cv4j.netdiscovery.core.Spider] Spider Power1510664582 stop success!
09:12:15.988 [INFO ] [RxCachedThreadScheduler-23] [com.cv4j.netdiscovery.core.Spider] http://www.100ghouse.com/yonghu//app/users/user/pass_code
09:13:27.107 [INFO ] [Thread-0] [com.cv4j.netdiscovery.core.Spider] Spider Power1510664582 stop success!
09:13:27.225 [INFO ] [RxCachedThreadScheduler-23] [com.cv4j.netdiscovery.core.Spider] http://www.100ghouse.com/yonghu//app/users/user/pass_code
09:14:47.641 [INFO ] [Thread-0] [com.cv4j.netdiscovery.core.Spider] Spider Power1510664582 stop success!
09:14:47.763 [INFO ] [RxCachedThreadScheduler-24] [com.cv4j.netdiscovery.core.Spider] http://www.100ghouse.com/yonghu//app/users/user/pass_code
09:16:12.163 [INFO ] [Thread-0] [com.cv4j.netdiscovery.core.Spider] Spider Power1510664582 stop success!
09:16:17.168 [ERROR] [RxCachedThreadScheduler-24] [com.cv4j.netdiscovery.core.Spider] failed to resolve 'www.100ghouse.com' after 2 queries 
java.net.UnknownHostException: failed to resolve 'www.100ghouse.com' after 2 queries 
	at io.netty.resolver.dns.DnsResolveContext.finishResolve(DnsResolveContext.java:845)
	at io.netty.resolver.dns.DnsResolveContext.tryToFinishResolve(DnsResolveContext.java:806)
	at io.netty.resolver.dns.DnsResolveContext.query(DnsResolveContext.java:333)
	at io.netty.resolver.dns.DnsResolveContext.query(DnsResolveContext.java:322)
	at io.netty.resolver.dns.DnsResolveContext.access$500(DnsResolveContext.java:62)
	at io.netty.resolver.dns.DnsResolveContext$3.operationComplete(DnsResolveContext.java:379)
	at io.netty.util.concurrent.DefaultPromise.notifyListener0(DefaultPromise.java:511)
	at io.netty.util.concurrent.DefaultPromise.notifyListeners0(DefaultPromise.java:504)
	at io.netty.util.concurrent.DefaultPromise.notifyListenersNow(DefaultPromise.java:483)
	at io.netty.util.concurrent.DefaultPromise.notifyListeners(DefaultPromise.java:424)
	at io.netty.util.concurrent.DefaultPromise.tryFailure(DefaultPromise.java:121)
	at io.netty.resolver.dns.DnsQueryContext.setFailure(DnsQueryContext.java:216)
	at io.netty.resolver.dns.DnsQueryContext.access$300(DnsQueryContext.java:43)
	at io.netty.resolver.dns.DnsQueryContext$4.run(DnsQueryContext.java:166)
	at io.netty.util.concurrent.PromiseTask$RunnableAdapter.call(PromiseTask.java:38)
	at io.netty.util.concurrent.ScheduledFutureTask.run(ScheduledFutureTask.java:127)
	at io.netty.util.concurrent.AbstractEventExecutor.safeExecute(AbstractEventExecutor.java:163)
	at io.netty.util.concurrent.SingleThreadEventExecutor.runAllTasks(SingleThreadEventExecutor.java:404)
	at io.netty.channel.nio.NioEventLoop.run(NioEventLoop.java:466)
	at io.netty.util.concurrent.SingleThreadEventExecutor$5.run(SingleThreadEventExecutor.java:897)
	at io.netty.util.concurrent.FastThreadLocalRunnable.run(FastThreadLocalRunnable.java:30)
	at java.lang.Thread.run(Thread.java:745)
Caused by: io.netty.resolver.dns.DnsNameResolverTimeoutException: [/114.114.114.114:53] query timed out after 5000 milliseconds (no stack trace available)
09:17:35.279 [INFO ] [Thread-0] [com.cv4j.netdiscovery.core.Spider] Spider Power1510664582 stop success!
09:17:35.396 [INFO ] [RxCachedThreadScheduler-24] [com.cv4j.netdiscovery.core.Spider] http://www.100ghouse.com/yonghu//app/users/user/pass_code
09:18:57.191 [INFO ] [Thread-0] [com.cv4j.netdiscovery.core.Spider] Spider Power1510664582 stop success!
09:18:57.301 [INFO ] [RxCachedThreadScheduler-25] [com.cv4j.netdiscovery.core.Spider] http://www.100ghouse.com/yonghu//app/users/user/pass_code
09:20:15.856 [INFO ] [Thread-0] [com.cv4j.netdiscovery.core.Spider] Spider Power1510664582 stop success!
09:20:15.963 [INFO ] [RxCachedThreadScheduler-25] [com.cv4j.netdiscovery.core.Spider] http://www.100ghouse.com/yonghu//app/users/user/pass_code
09:21:33.282 [INFO ] [Thread-0] [com.cv4j.netdiscovery.core.Spider] Spider Power1510664582 stop success!
09:21:33.389 [INFO ] [RxCachedThreadScheduler-25] [com.cv4j.netdiscovery.core.Spider] http://www.100ghouse.com/yonghu//app/users/user/pass_code
09:22:50.788 [INFO ] [Thread-0] [com.cv4j.netdiscovery.core.Spider] Spider Power1510664582 stop success!
09:22:50.906 [INFO ] [RxCachedThreadScheduler-26] [com.cv4j.netdiscovery.core.Spider] http://www.100ghouse.com/yonghu//app/users/user/pass_code
09:24:09.725 [INFO ] [Thread-0] [com.cv4j.netdiscovery.core.Spider] Spider Power1510664582 stop success!
09:24:09.839 [INFO ] [RxCachedThreadScheduler-26] [com.cv4j.netdiscovery.core.Spider] http://www.100ghouse.com/yonghu//app/users/user/pass_code
09:25:27.395 [INFO ] [Thread-0] [com.cv4j.netdiscovery.core.Spider] Spider Power1510664582 stop success!
09:25:27.506 [INFO ] [RxCachedThreadScheduler-26] [com.cv4j.netdiscovery.core.Spider] http://www.100ghouse.com/yonghu//app/users/user/pass_code
09:26:52.522 [INFO ] [Thread-0] [com.cv4j.netdiscovery.core.Spider] Spider Power1510664582 stop success!
09:26:52.633 [INFO ] [RxCachedThreadScheduler-27] [com.cv4j.netdiscovery.core.Spider] http://www.100ghouse.com/yonghu//app/users/user/pass_code
09:28:18.139 [INFO ] [Thread-0] [com.cv4j.netdiscovery.core.Spider] Spider Power1510664582 stop success!
09:28:18.247 [INFO ] [RxCachedThreadScheduler-27] [com.cv4j.netdiscovery.core.Spider] http://www.100ghouse.com/yonghu//app/users/user/pass_code
09:29:42.623 [INFO ] [Thread-0] [com.cv4j.netdiscovery.core.Spider] Spider Power1510664582 stop success!
09:29:42.732 [INFO ] [RxCachedThreadScheduler-27] [com.cv4j.netdiscovery.core.Spider] http://www.100ghouse.com/yonghu//app/users/user/pass_code
09:31:08.026 [INFO ] [Thread-0] [com.cv4j.netdiscovery.core.Spider] Spider Power1510664582 stop success!
09:31:08.134 [INFO ] [RxCachedThreadScheduler-28] [com.cv4j.netdiscovery.core.Spider] http://www.100ghouse.com/yonghu//app/users/user/pass_code
09:32:30.468 [INFO ] [Thread-0] [com.cv4j.netdiscovery.core.Spider] Spider Power1510664582 stop success!
09:32:30.577 [INFO ] [RxCachedThreadScheduler-28] [com.cv4j.netdiscovery.core.Spider] http://www.100ghouse.com/yonghu//app/users/user/pass_code
09:33:50.716 [INFO ] [Thread-0] [com.cv4j.netdiscovery.core.Spider] Spider Power1510664582 stop success!
09:33:50.825 [INFO ] [RxCachedThreadScheduler-29] [com.cv4j.netdiscovery.core.Spider] http://www.100ghouse.com/yonghu//app/users/user/pass_code
09:35:10.023 [INFO ] [Thread-0] [com.cv4j.netdiscovery.core.Spider] Spider Power1510664582 stop success!
09:35:10.132 [INFO ] [RxCachedThreadScheduler-29] [com.cv4j.netdiscovery.core.Spider] http://www.100ghouse.com/yonghu//app/users/user/pass_code
09:36:35.732 [INFO ] [Thread-0] [com.cv4j.netdiscovery.core.Spider] Spider Power1510664582 stop success!
09:36:35.844 [INFO ] [RxCachedThreadScheduler-29] [com.cv4j.netdiscovery.core.Spider] http://www.100ghouse.com/yonghu//app/users/user/pass_code
09:38:11.189 [INFO ] [Thread-0] [com.cv4j.netdiscovery.core.Spider] Spider Power1510664582 stop success!
09:38:11.298 [INFO ] [RxCachedThreadScheduler-30] [com.cv4j.netdiscovery.core.Spider] http://www.100ghouse.com/yonghu//app/users/user/pass_code
09:39:46.478 [INFO ] [Thread-0] [com.cv4j.netdiscovery.core.Spider] Spider Power1510664582 stop success!
09:39:46.590 [INFO ] [RxCachedThreadScheduler-30] [com.cv4j.netdiscovery.core.Spider] http://www.100ghouse.com/yonghu//app/users/user/pass_code
09:41:17.191 [INFO ] [Thread-0] [com.cv4j.netdiscovery.core.Spider] Spider Power1510664582 stop success!
09:41:17.302 [INFO ] [RxCachedThreadScheduler-31] [com.cv4j.netdiscovery.core.Spider] http://www.100ghouse.com/yonghu//app/users/user/pass_code
09:42:48.924 [INFO ] [Thread-0] [com.cv4j.netdiscovery.core.Spider] Spider Power1510664582 stop success!
09:42:49.030 [INFO ] [RxCachedThreadScheduler-32] [com.cv4j.netdiscovery.core.Spider] http://www.100ghouse.com/yonghu//app/users/user/pass_code
09:44:16.715 [INFO ] [Thread-0] [com.cv4j.netdiscovery.core.Spider] Spider Power1510664582 stop success!
09:44:16.824 [INFO ] [RxCachedThreadScheduler-33] [com.cv4j.netdiscovery.core.Spider] http://www.100ghouse.com/yonghu//app/users/user/pass_code
09:45:41.284 [INFO ] [Thread-0] [com.cv4j.netdiscovery.core.Spider] Spider Power1510664582 stop success!
09:45:41.390 [INFO ] [RxCachedThreadScheduler-33] [com.cv4j.netdiscovery.core.Spider] http://www.100ghouse.com/yonghu//app/users/user/pass_code
09:47:09.299 [INFO ] [Thread-0] [com.cv4j.netdiscovery.core.Spider] Spider Power1510664582 stop success!
09:47:09.405 [INFO ] [RxCachedThreadScheduler-34] [com.cv4j.netdiscovery.core.Spider] http://www.100ghouse.com/yonghu//app/users/user/pass_code
09:48:35.006 [INFO ] [Thread-0] [com.cv4j.netdiscovery.core.Spider] Spider Power1510664582 stop success!
09:48:35.112 [INFO ] [RxCachedThreadScheduler-34] [com.cv4j.netdiscovery.core.Spider] http://www.100ghouse.com/yonghu//app/users/user/pass_code
09:50:06.800 [INFO ] [Thread-0] [com.cv4j.netdiscovery.core.Spider] Spider Power1510664582 stop success!
09:50:06.910 [INFO ] [RxCachedThreadScheduler-35] [com.cv4j.netdiscovery.core.Spider] http://www.100ghouse.com/yonghu//app/users/user/pass_code
09:51:34.594 [INFO ] [Thread-0] [com.cv4j.netdiscovery.core.Spider] Spider Power1510664582 stop success!
09:51:34.733 [INFO ] [RxCachedThreadScheduler-35] [com.cv4j.netdiscovery.core.Spider] http://www.100ghouse.com/yonghu//app/users/user/pass_code
09:53:09.260 [INFO ] [Thread-0] [com.cv4j.netdiscovery.core.Spider] Spider Power1510664582 stop success!
09:53:09.399 [INFO ] [RxCachedThreadScheduler-36] [com.cv4j.netdiscovery.core.Spider] http://www.100ghouse.com/yonghu//app/users/user/pass_code
09:54:41.699 [INFO ] [Thread-0] [com.cv4j.netdiscovery.core.Spider] Spider Power1510664582 stop success!
09:54:41.726 [INFO ] [RxCachedThreadScheduler-36] [com.cv4j.netdiscovery.core.Spider] http://www.100ghouse.com/yonghu//app/users/user/pass_code
09:56:15.250 [INFO ] [Thread-0] [com.cv4j.netdiscovery.core.Spider] Spider Power1510664582 stop success!
09:56:15.357 [INFO ] [RxCachedThreadScheduler-37] [com.cv4j.netdiscovery.core.Spider] http://www.100ghouse.com/yonghu//app/users/user/pass_code
09:57:48.669 [INFO ] [Thread-0] [com.cv4j.netdiscovery.core.Spider] Spider Power1510664582 stop success!
09:57:48.778 [INFO ] [RxCachedThreadScheduler-37] [com.cv4j.netdiscovery.core.Spider] http://www.100ghouse.com/yonghu//app/users/user/pass_code
09:59:18.320 [INFO ] [Thread-0] [com.cv4j.netdiscovery.core.Spider] Spider Power1510664582 stop success!
09:59:18.425 [INFO ] [RxCachedThreadScheduler-38] [com.cv4j.netdiscovery.core.Spider] http://www.100ghouse.com/yonghu//app/users/user/pass_code
10:00:52.599 [INFO ] [Thread-0] [com.cv4j.netdiscovery.core.Spider] Spider Power1510664582 stop success!
10:00:52.709 [INFO ] [RxCachedThreadScheduler-38] [com.cv4j.netdiscovery.core.Spider] http://www.100ghouse.com/yonghu//app/users/user/pass_code
10:02:24.006 [INFO ] [Thread-0] [com.cv4j.netdiscovery.core.Spider] Spider Power1510664582 stop success!
10:02:24.121 [INFO ] [RxCachedThreadScheduler-39] [com.cv4j.netdiscovery.core.Spider] http://www.100ghouse.com/yonghu//app/users/user/pass_code
10:03:50.560 [INFO ] [Thread-0] [com.cv4j.netdiscovery.core.Spider] Spider Power1510664582 stop success!
10:03:50.616 [INFO ] [RxCachedThreadScheduler-39] [com.cv4j.netdiscovery.core.Spider] http://www.100ghouse.com/yonghu//app/users/user/pass_code
10:05:19.110 [INFO ] [Thread-0] [com.cv4j.netdiscovery.core.Spider] Spider Power1510664582 stop success!
10:05:19.220 [INFO ] [RxCachedThreadScheduler-40] [com.cv4j.netdiscovery.core.Spider] http://www.100ghouse.com/yonghu//app/users/user/pass_code
10:06:53.364 [INFO ] [Thread-0] [com.cv4j.netdiscovery.core.Spider] Spider Power1510664582 stop success!
10:06:53.390 [INFO ] [RxCachedThreadScheduler-40] [com.cv4j.netdiscovery.core.Spider] http://www.100ghouse.com/yonghu//app/users/user/pass_code
10:08:26.299 [INFO ] [Thread-0] [com.cv4j.netdiscovery.core.Spider] Spider Power1510664582 stop success!
10:08:26.326 [INFO ] [RxCachedThreadScheduler-41] [com.cv4j.netdiscovery.core.Spider] http://www.100ghouse.com/yonghu//app/users/user/pass_code
10:10:02.308 [INFO ] [Thread-0] [com.cv4j.netdiscovery.core.Spider] Spider Power1510664582 stop success!
10:10:02.417 [INFO ] [RxCachedThreadScheduler-42] [com.cv4j.netdiscovery.core.Spider] http://www.100ghouse.com/yonghu//app/users/user/pass_code
10:11:39.558 [INFO ] [Thread-0] [com.cv4j.netdiscovery.core.Spider] Spider Power1510664582 stop success!
10:11:39.678 [INFO ] [RxCachedThreadScheduler-42] [com.cv4j.netdiscovery.core.Spider] http://www.100ghouse.com/yonghu//app/users/user/pass_code
10:13:14.652 [INFO ] [Thread-0] [com.cv4j.netdiscovery.core.Spider] Spider Power1510664582 stop success!
10:13:14.768 [INFO ] [RxCachedThreadScheduler-43] [com.cv4j.netdiscovery.core.Spider] http://www.100ghouse.com/yonghu//app/users/user/pass_code
10:14:49.747 [INFO ] [Thread-0] [com.cv4j.netdiscovery.core.Spider] Spider Power1510664582 stop success!
10:14:49.888 [INFO ] [RxCachedThreadScheduler-43] [com.cv4j.netdiscovery.core.Spider] http://www.100ghouse.com/yonghu//app/users/user/pass_code
10:16:24.872 [INFO ] [Thread-0] [com.cv4j.netdiscovery.core.Spider] Spider Power1510664582 stop success!
10:16:25.017 [INFO ] [RxCachedThreadScheduler-44] [com.cv4j.netdiscovery.core.Spider] http://www.100ghouse.com/yonghu//app/users/user/pass_code
10:17:59.931 [INFO ] [Thread-0] [com.cv4j.netdiscovery.core.Spider] Spider Power1510664582 stop success!
10:18:00.038 [INFO ] [RxCachedThreadScheduler-45] [com.cv4j.netdiscovery.core.Spider] http://www.100ghouse.com/yonghu//app/users/user/pass_code
10:19:37.413 [INFO ] [Thread-0] [com.cv4j.netdiscovery.core.Spider] Spider Power1510664582 stop success!
10:19:37.522 [INFO ] [RxCachedThreadScheduler-46] [com.cv4j.netdiscovery.core.Spider] http://www.100ghouse.com/yonghu//app/users/user/pass_code
10:21:16.116 [INFO ] [Thread-0] [com.cv4j.netdiscovery.core.Spider] Spider Power1510664582 stop success!
10:21:16.225 [INFO ] [RxCachedThreadScheduler-47] [com.cv4j.netdiscovery.core.Spider] http://www.100ghouse.com/yonghu//app/users/user/pass_code
10:22:57.087 [INFO ] [Thread-0] [com.cv4j.netdiscovery.core.Spider] Spider Power1510664582 stop success!
10:22:57.228 [INFO ] [RxCachedThreadScheduler-47] [com.cv4j.netdiscovery.core.Spider] http://www.100ghouse.com/yonghu//app/users/user/pass_code
10:24:38.022 [INFO ] [Thread-0] [com.cv4j.netdiscovery.core.Spider] Spider Power1510664582 stop success!
10:24:38.129 [INFO ] [RxCachedThreadScheduler-48] [com.cv4j.netdiscovery.core.Spider] http://www.100ghouse.com/yonghu//app/users/user/pass_code
10:26:11.545 [INFO ] [Thread-0] [com.cv4j.netdiscovery.core.Spider] Spider Power1510664582 stop success!
10:26:11.660 [INFO ] [RxCachedThreadScheduler-49] [com.cv4j.netdiscovery.core.Spider] http://www.100ghouse.com/yonghu//app/users/user/pass_code
10:27:46.850 [INFO ] [Thread-0] [com.cv4j.netdiscovery.core.Spider] Spider Power1510664582 stop success!
10:27:46.963 [INFO ] [RxCachedThreadScheduler-49] [com.cv4j.netdiscovery.core.Spider] http://www.100ghouse.com/yonghu//app/users/user/pass_code
10:29:28.767 [INFO ] [Thread-0] [com.cv4j.netdiscovery.core.Spider] Spider Power1510664582 stop success!
10:29:28.876 [INFO ] [RxCachedThreadScheduler-50] [com.cv4j.netdiscovery.core.Spider] http://www.100ghouse.com/yonghu//app/users/user/pass_code
10:31:13.821 [INFO ] [Thread-0] [com.cv4j.netdiscovery.core.Spider] Spider Power1510664582 stop success!
10:31:13.928 [INFO ] [RxCachedThreadScheduler-51] [com.cv4j.netdiscovery.core.Spider] http://www.100ghouse.com/yonghu//app/users/user/pass_code
10:32:55.573 [INFO ] [Thread-0] [com.cv4j.netdiscovery.core.Spider] Spider Power1510664582 stop success!
10:32:55.680 [INFO ] [RxCachedThreadScheduler-51] [com.cv4j.netdiscovery.core.Spider] http://www.100ghouse.com/yonghu//app/users/user/pass_code
10:34:48.842 [INFO ] [Thread-0] [com.cv4j.netdiscovery.core.Spider] Spider Power1510664582 stop success!
10:34:48.965 [INFO ] [RxCachedThreadScheduler-52] [com.cv4j.netdiscovery.core.Spider] http://www.100ghouse.com/yonghu//app/users/user/pass_code
10:36:34.570 [INFO ] [Thread-0] [com.cv4j.netdiscovery.core.Spider] Spider Power1510664582 stop success!
10:36:34.692 [INFO ] [RxCachedThreadScheduler-53] [com.cv4j.netdiscovery.core.Spider] http://www.100ghouse.com/yonghu//app/users/user/pass_code
10:38:32.960 [INFO ] [Thread-0] [com.cv4j.netdiscovery.core.Spider] Spider Power1510664582 stop success!
10:38:33.074 [INFO ] [RxCachedThreadScheduler-54] [com.cv4j.netdiscovery.core.Spider] http://www.100ghouse.com/yonghu//app/users/user/pass_code
10:40:41.354 [INFO ] [Thread-0] [com.cv4j.netdiscovery.core.Spider] Spider Power1510664582 stop success!
10:40:41.499 [INFO ] [RxCachedThreadScheduler-55] [com.cv4j.netdiscovery.core.Spider] http://www.100ghouse.com/yonghu//app/users/user/pass_code
10:42:36.532 [INFO ] [Thread-0] [com.cv4j.netdiscovery.core.Spider] Spider Power1510664582 stop success!
10:42:36.640 [INFO ] [RxCachedThreadScheduler-56] [com.cv4j.netdiscovery.core.Spider] http://www.100ghouse.com/yonghu//app/users/user/pass_code
10:44:25.534 [INFO ] [Thread-0] [com.cv4j.netdiscovery.core.Spider] Spider Power1510664582 stop success!
10:44:25.642 [INFO ] [RxCachedThreadScheduler-57] [com.cv4j.netdiscovery.core.Spider] http://www.100ghouse.com/yonghu//app/users/user/pass_code
10:46:16.241 [INFO ] [Thread-0] [com.cv4j.netdiscovery.core.Spider] Spider Power1510664582 stop success!
10:46:16.344 [INFO ] [RxCachedThreadScheduler-58] [com.cv4j.netdiscovery.core.Spider] http://www.100ghouse.com/yonghu//app/users/user/pass_code
10:48:07.103 [INFO ] [Thread-0] [com.cv4j.netdiscovery.core.Spider] Spider Power1510664582 stop success!
10:48:07.218 [INFO ] [RxCachedThreadScheduler-58] [com.cv4j.netdiscovery.core.Spider] http://www.100ghouse.com/yonghu//app/users/user/pass_code
10:49:57.841 [INFO ] [Thread-0] [com.cv4j.netdiscovery.core.Spider] Spider Power1510664582 stop success!
10:49:57.873 [INFO ] [RxCachedThreadScheduler-59] [com.cv4j.netdiscovery.core.Spider] http://www.100ghouse.com/yonghu//app/users/user/pass_code
10:51:52.936 [INFO ] [Thread-0] [com.cv4j.netdiscovery.core.Spider] Spider Power1510664582 stop success!
10:51:53.056 [INFO ] [RxCachedThreadScheduler-60] [com.cv4j.netdiscovery.core.Spider] http://www.100ghouse.com/yonghu//app/users/user/pass_code
10:53:46.411 [INFO ] [Thread-0] [com.cv4j.netdiscovery.core.Spider] Spider Power1510664582 stop success!
10:53:46.524 [INFO ] [RxCachedThreadScheduler-61] [com.cv4j.netdiscovery.core.Spider] http://www.100ghouse.com/yonghu//app/users/user/pass_code
10:55:38.036 [INFO ] [Thread-0] [com.cv4j.netdiscovery.core.Spider] Spider Power1510664582 stop success!
10:55:38.150 [INFO ] [RxCachedThreadScheduler-62] [com.cv4j.netdiscovery.core.Spider] http://www.100ghouse.com/yonghu//app/users/user/pass_code
10:57:31.755 [INFO ] [Thread-0] [com.cv4j.netdiscovery.core.Spider] Spider Power1510664582 stop success!
10:57:31.870 [INFO ] [RxCachedThreadScheduler-63] [com.cv4j.netdiscovery.core.Spider] http://www.100ghouse.com/yonghu//app/users/user/pass_code
10:59:26.958 [INFO ] [Thread-0] [com.cv4j.netdiscovery.core.Spider] Spider Power1510664582 stop success!
10:59:27.070 [INFO ] [RxCachedThreadScheduler-64] [com.cv4j.netdiscovery.core.Spider] http://www.100ghouse.com/yonghu//app/users/user/pass_code
11:01:29.836 [INFO ] [Thread-0] [com.cv4j.netdiscovery.core.Spider] Spider Power1510664582 stop success!
11:01:29.952 [INFO ] [RxCachedThreadScheduler-65] [com.cv4j.netdiscovery.core.Spider] http://www.100ghouse.com/yonghu//app/users/user/pass_code
11:03:26.282 [INFO ] [Thread-0] [com.cv4j.netdiscovery.core.Spider] Spider Power1510664582 stop success!
11:03:26.391 [INFO ] [RxCachedThreadScheduler-66] [com.cv4j.netdiscovery.core.Spider] http://www.100ghouse.com/yonghu//app/users/user/pass_code
11:05:28.939 [INFO ] [Thread-0] [com.cv4j.netdiscovery.core.Spider] Spider Power1510664582 stop success!
11:05:29.049 [INFO ] [RxCachedThreadScheduler-67] [com.cv4j.netdiscovery.core.Spider] http://www.100ghouse.com/yonghu//app/users/user/pass_code
11:07:34.849 [INFO ] [Thread-0] [com.cv4j.netdiscovery.core.Spider] Spider Power1510664582 stop success!
11:07:34.958 [INFO ] [RxCachedThreadScheduler-68] [com.cv4j.netdiscovery.core.Spider] http://www.100ghouse.com/yonghu//app/users/user/pass_code
11:09:39.205 [INFO ] [Thread-0] [com.cv4j.netdiscovery.core.Spider] Spider Power1510664582 stop success!
11:09:39.317 [INFO ] [RxCachedThreadScheduler-69] [com.cv4j.netdiscovery.core.Spider] http://www.100ghouse.com/yonghu//app/users/user/pass_code
11:11:52.197 [INFO ] [Thread-0] [com.cv4j.netdiscovery.core.Spider] Spider Power1510664582 stop success!
11:11:52.309 [INFO ] [RxCachedThreadScheduler-70] [com.cv4j.netdiscovery.core.Spider] http://www.100ghouse.com/yonghu//app/users/user/pass_code
11:14:02.823 [INFO ] [Thread-0] [com.cv4j.netdiscovery.core.Spider] Spider Power1510664582 stop success!
11:14:02.936 [INFO ] [RxCachedThreadScheduler-71] [com.cv4j.netdiscovery.core.Spider] http://www.100ghouse.com/yonghu//app/users/user/pass_code
11:15:58.679 [INFO ] [Thread-0] [com.cv4j.netdiscovery.core.Spider] Spider Power1510664582 stop success!
11:15:58.792 [INFO ] [RxCachedThreadScheduler-72] [com.cv4j.netdiscovery.core.Spider] http://www.100ghouse.com/yonghu//app/users/user/pass_code
11:17:56.105 [INFO ] [Thread-0] [com.cv4j.netdiscovery.core.Spider] Spider Power1510664582 stop success!
11:17:56.215 [INFO ] [RxCachedThreadScheduler-73] [com.cv4j.netdiscovery.core.Spider] http://www.100ghouse.com/yonghu//app/users/user/pass_code
11:20:09.419 [INFO ] [Thread-0] [com.cv4j.netdiscovery.core.Spider] Spider Power1510664582 stop success!
11:20:09.527 [INFO ] [RxCachedThreadScheduler-74] [com.cv4j.netdiscovery.core.Spider] http://www.100ghouse.com/yonghu//app/users/user/pass_code
11:22:23.996 [INFO ] [Thread-0] [com.cv4j.netdiscovery.core.Spider] Spider Power1510664582 stop success!
11:22:24.100 [INFO ] [RxCachedThreadScheduler-75] [com.cv4j.netdiscovery.core.Spider] http://www.100ghouse.com/yonghu//app/users/user/pass_code
11:24:37.958 [INFO ] [Thread-0] [com.cv4j.netdiscovery.core.Spider] Spider Power1510664582 stop success!
11:24:38.071 [INFO ] [RxCachedThreadScheduler-76] [com.cv4j.netdiscovery.core.Spider] http://www.100ghouse.com/yonghu//app/users/user/pass_code
11:26:52.712 [INFO ] [Thread-0] [com.cv4j.netdiscovery.core.Spider] Spider Power1510664582 stop success!
11:26:52.851 [INFO ] [RxCachedThreadScheduler-77] [com.cv4j.netdiscovery.core.Spider] http://www.100ghouse.com/yonghu//app/users/user/pass_code
11:29:08.289 [INFO ] [Thread-0] [com.cv4j.netdiscovery.core.Spider] Spider Power1510664582 stop success!
11:29:08.402 [INFO ] [RxCachedThreadScheduler-78] [com.cv4j.netdiscovery.core.Spider] http://www.100ghouse.com/yonghu//app/users/user/pass_code
11:31:22.528 [INFO ] [Thread-0] [com.cv4j.netdiscovery.core.Spider] Spider Power1510664582 stop success!
11:31:22.636 [INFO ] [RxCachedThreadScheduler-79] [com.cv4j.netdiscovery.core.Spider] http://www.100ghouse.com/yonghu//app/users/user/pass_code
11:33:36.897 [INFO ] [Thread-0] [com.cv4j.netdiscovery.core.Spider] Spider Power1510664582 stop success!
11:33:37.011 [INFO ] [RxCachedThreadScheduler-80] [com.cv4j.netdiscovery.core.Spider] http://www.100ghouse.com/yonghu//app/users/user/pass_code
11:35:52.822 [INFO ] [Thread-0] [com.cv4j.netdiscovery.core.Spider] Spider Power1510664582 stop success!
11:35:52.967 [INFO ] [RxCachedThreadScheduler-81] [com.cv4j.netdiscovery.core.Spider] http://www.100ghouse.com/yonghu//app/users/user/pass_code
11:38:08.760 [INFO ] [Thread-0] [com.cv4j.netdiscovery.core.Spider] Spider Power1510664582 stop success!
11:38:08.893 [INFO ] [RxCachedThreadScheduler-82] [com.cv4j.netdiscovery.core.Spider] http://www.100ghouse.com/yonghu//app/users/user/pass_code
11:40:23.287 [INFO ] [Thread-0] [com.cv4j.netdiscovery.core.Spider] Spider Power1510664582 stop success!
11:40:23.403 [INFO ] [RxCachedThreadScheduler-83] [com.cv4j.netdiscovery.core.Spider] http://www.100ghouse.com/yonghu//app/users/user/pass_code
11:42:39.334 [INFO ] [Thread-0] [com.cv4j.netdiscovery.core.Spider] Spider Power1510664582 stop success!
11:42:39.440 [INFO ] [RxCachedThreadScheduler-84] [com.cv4j.netdiscovery.core.Spider] http://www.100ghouse.com/yonghu//app/users/user/pass_code
11:44:53.986 [INFO ] [Thread-0] [com.cv4j.netdiscovery.core.Spider] Spider Power1510664582 stop success!
11:44:54.095 [INFO ] [RxCachedThreadScheduler-85] [com.cv4j.netdiscovery.core.Spider] http://www.100ghouse.com/yonghu//app/users/user/pass_code
11:47:10.002 [INFO ] [Thread-0] [com.cv4j.netdiscovery.core.Spider] Spider Power1510664582 stop success!
11:47:10.115 [INFO ] [RxCachedThreadScheduler-86] [com.cv4j.netdiscovery.core.Spider] http://www.100ghouse.com/yonghu//app/users/user/pass_code
11:49:24.801 [INFO ] [Thread-0] [com.cv4j.netdiscovery.core.Spider] Spider Power1510664582 stop success!
11:49:24.918 [INFO ] [RxCachedThreadScheduler-87] [com.cv4j.netdiscovery.core.Spider] http://www.100ghouse.com/yonghu//app/users/user/pass_code
11:51:41.443 [INFO ] [Thread-0] [com.cv4j.netdiscovery.core.Spider] Spider Power1510664582 stop success!
11:51:41.557 [INFO ] [RxCachedThreadScheduler-88] [com.cv4j.netdiscovery.core.Spider] http://www.100ghouse.com/yonghu//app/users/user/pass_code
11:53:59.397 [INFO ] [Thread-0] [com.cv4j.netdiscovery.core.Spider] Spider Power1510664582 stop success!
11:53:59.505 [INFO ] [RxCachedThreadScheduler-89] [com.cv4j.netdiscovery.core.Spider] http://www.100ghouse.com/yonghu//app/users/user/pass_code
11:56:24.651 [INFO ] [Thread-0] [com.cv4j.netdiscovery.core.Spider] Spider Power1510664582 stop success!
11:56:24.819 [INFO ] [RxCachedThreadScheduler-90] [com.cv4j.netdiscovery.core.Spider] http://www.100ghouse.com/yonghu//app/users/user/pass_code
11:58:56.216 [INFO ] [Thread-0] [com.cv4j.netdiscovery.core.Spider] Spider Power1510664582 stop success!
11:58:56.322 [INFO ] [RxCachedThreadScheduler-91] [com.cv4j.netdiscovery.core.Spider] http://www.100ghouse.com/yonghu//app/users/user/pass_code
12:01:20.294 [INFO ] [Thread-0] [com.cv4j.netdiscovery.core.Spider] Spider Power1510664582 stop success!
12:01:20.404 [INFO ] [RxCachedThreadScheduler-92] [com.cv4j.netdiscovery.core.Spider] http://www.100ghouse.com/yonghu//app/users/user/pass_code
12:03:56.388 [INFO ] [Thread-0] [com.cv4j.netdiscovery.core.Spider] Spider Power1510664582 stop success!
12:03:56.503 [INFO ] [RxCachedThreadScheduler-93] [com.cv4j.netdiscovery.core.Spider] http://www.100ghouse.com/yonghu//app/users/user/pass_code
12:06:53.157 [INFO ] [Thread-0] [com.cv4j.netdiscovery.core.Spider] Spider Power1510664582 stop success!
12:06:53.322 [INFO ] [RxCachedThreadScheduler-94] [com.cv4j.netdiscovery.core.Spider] http://www.100ghouse.com/yonghu//app/users/user/pass_code
12:09:58.072 [INFO ] [Thread-0] [com.cv4j.netdiscovery.core.Spider] Spider Power1510664582 stop success!
12:09:58.185 [INFO ] [RxCachedThreadScheduler-95] [com.cv4j.netdiscovery.core.Spider] http://www.100ghouse.com/yonghu//app/users/user/pass_code
12:13:02.198 [INFO ] [Thread-0] [com.cv4j.netdiscovery.core.Spider] Spider Power1510664582 stop success!
12:13:02.311 [INFO ] [RxCachedThreadScheduler-96] [com.cv4j.netdiscovery.core.Spider] http://www.100ghouse.com/yonghu//app/users/user/pass_code
12:16:07.082 [INFO ] [Thread-0] [com.cv4j.netdiscovery.core.Spider] Spider Power1510664582 stop success!
12:16:07.225 [INFO ] [RxCachedThreadScheduler-97] [com.cv4j.netdiscovery.core.Spider] http://www.100ghouse.com/yonghu//app/users/user/pass_code
12:19:12.423 [INFO ] [Thread-0] [com.cv4j.netdiscovery.core.Spider] Spider Power1510664582 stop success!
12:19:12.537 [INFO ] [RxCachedThreadScheduler-98] [com.cv4j.netdiscovery.core.Spider] http://www.100ghouse.com/yonghu//app/users/user/pass_code
12:22:19.339 [INFO ] [Thread-0] [com.cv4j.netdiscovery.core.Spider] Spider Power1510664582 stop success!
12:22:19.449 [INFO ] [RxCachedThreadScheduler-99] [com.cv4j.netdiscovery.core.Spider] http://www.100ghouse.com/yonghu//app/users/user/pass_code
12:25:27.995 [INFO ] [Thread-0] [com.cv4j.netdiscovery.core.Spider] Spider Power1510664582 stop success!
12:25:28.105 [INFO ] [RxCachedThreadScheduler-100] [com.cv4j.netdiscovery.core.Spider] http://www.100ghouse.com/yonghu//app/users/user/pass_code
12:28:33.602 [INFO ] [Thread-0] [com.cv4j.netdiscovery.core.Spider] Spider Power1510664582 stop success!
12:28:33.715 [INFO ] [RxCachedThreadScheduler-101] [com.cv4j.netdiscovery.core.Spider] http://www.100ghouse.com/yonghu//app/users/user/pass_code
12:31:42.613 [INFO ] [Thread-0] [com.cv4j.netdiscovery.core.Spider] Spider Power1510664582 stop success!
12:31:42.729 [INFO ] [RxCachedThreadScheduler-102] [com.cv4j.netdiscovery.core.Spider] http://www.100ghouse.com/yonghu//app/users/user/pass_code
12:34:51.860 [INFO ] [Thread-0] [com.cv4j.netdiscovery.core.Spider] Spider Power1510664582 stop success!
12:34:51.973 [INFO ] [RxCachedThreadScheduler-103] [com.cv4j.netdiscovery.core.Spider] http://www.100ghouse.com/yonghu//app/users/user/pass_code
12:38:01.098 [INFO ] [Thread-0] [com.cv4j.netdiscovery.core.Spider] Spider Power1510664582 stop success!
12:38:01.208 [INFO ] [RxCachedThreadScheduler-104] [com.cv4j.netdiscovery.core.Spider] http://www.100ghouse.com/yonghu//app/users/user/pass_code
12:41:10.313 [INFO ] [Thread-0] [com.cv4j.netdiscovery.core.Spider] Spider Power1510664582 stop success!
12:41:10.420 [INFO ] [RxCachedThreadScheduler-105] [com.cv4j.netdiscovery.core.Spider] http://www.100ghouse.com/yonghu//app/users/user/pass_code
12:44:19.629 [INFO ] [Thread-0] [com.cv4j.netdiscovery.core.Spider] Spider Power1510664582 stop success!
12:44:19.739 [INFO ] [RxCachedThreadScheduler-106] [com.cv4j.netdiscovery.core.Spider] http://www.100ghouse.com/yonghu//app/users/user/pass_code
12:47:29.161 [INFO ] [Thread-0] [com.cv4j.netdiscovery.core.Spider] Spider Power1510664582 stop success!
12:47:29.275 [INFO ] [RxCachedThreadScheduler-107] [com.cv4j.netdiscovery.core.Spider] http://www.100ghouse.com/yonghu//app/users/user/pass_code
12:50:40.494 [INFO ] [Thread-0] [com.cv4j.netdiscovery.core.Spider] Spider Power1510664582 stop success!
12:50:40.600 [INFO ] [RxCachedThreadScheduler-108] [com.cv4j.netdiscovery.core.Spider] http://www.100ghouse.com/yonghu//app/users/user/pass_code
12:53:50.418 [INFO ] [Thread-0] [com.cv4j.netdiscovery.core.Spider] Spider Power1510664582 stop success!
12:53:50.525 [INFO ] [RxCachedThreadScheduler-109] [com.cv4j.netdiscovery.core.Spider] http://www.100ghouse.com/yonghu//app/users/user/pass_code
12:57:34.214 [INFO ] [Thread-0] [com.cv4j.netdiscovery.core.Spider] Spider Power1510664582 stop success!
12:57:34.328 [INFO ] [RxCachedThreadScheduler-110] [com.cv4j.netdiscovery.core.Spider] http://www.100ghouse.com/yonghu//app/users/user/pass_code
13:01:22.793 [INFO ] [Thread-0] [com.cv4j.netdiscovery.core.Spider] Spider Power1510664582 stop success!
13:01:22.930 [INFO ] [RxCachedThreadScheduler-111] [com.cv4j.netdiscovery.core.Spider] http://www.100ghouse.com/yonghu//app/users/user/pass_code
13:05:55.893 [INFO ] [Thread-0] [com.cv4j.netdiscovery.core.Spider] Spider Power1510664582 stop success!
13:05:56.007 [INFO ] [RxCachedThreadScheduler-112] [com.cv4j.netdiscovery.core.Spider] http://www.100ghouse.com/yonghu//app/users/user/pass_code
13:09:23.235 [INFO ] [Thread-0] [com.cv4j.netdiscovery.core.Spider] Spider Power1510664582 stop success!
13:09:23.343 [INFO ] [RxCachedThreadScheduler-113] [com.cv4j.netdiscovery.core.Spider] http://www.100ghouse.com/yonghu//app/users/user/pass_code
13:13:00.987 [INFO ] [Thread-0] [com.cv4j.netdiscovery.core.Spider] Spider Power1510664582 stop success!
13:13:01.099 [INFO ] [RxCachedThreadScheduler-114] [com.cv4j.netdiscovery.core.Spider] http://www.100ghouse.com/yonghu//app/users/user/pass_code
13:18:27.423 [INFO ] [Thread-0] [com.cv4j.netdiscovery.core.Spider] Spider Power1510664582 stop success!
13:18:27.615 [INFO ] [RxCachedThreadScheduler-115] [com.cv4j.netdiscovery.core.Spider] http://www.100ghouse.com/yonghu//app/users/user/pass_code
13:23:51.378 [INFO ] [Thread-0] [com.cv4j.netdiscovery.core.Spider] Spider Power1510664582 stop success!
13:23:51.491 [INFO ] [RxCachedThreadScheduler-116] [com.cv4j.netdiscovery.core.Spider] http://www.100ghouse.com/yonghu//app/users/user/pass_code
13:29:31.036 [INFO ] [Thread-0] [com.cv4j.netdiscovery.core.Spider] Spider Power1510664582 stop success!
13:29:31.147 [INFO ] [RxCachedThreadScheduler-117] [com.cv4j.netdiscovery.core.Spider] http://www.100ghouse.com/yonghu//app/users/user/pass_code
13:34:58.024 [INFO ] [Thread-0] [com.cv4j.netdiscovery.core.Spider] Spider Power1510664582 stop success!
13:34:58.135 [INFO ] [RxCachedThreadScheduler-118] [com.cv4j.netdiscovery.core.Spider] http://www.100ghouse.com/yonghu//app/users/user/pass_code
13:40:31.635 [INFO ] [Thread-0] [com.cv4j.netdiscovery.core.Spider] Spider Power1510664582 stop success!
13:40:31.752 [INFO ] [RxCachedThreadScheduler-119] [com.cv4j.netdiscovery.core.Spider] http://www.100ghouse.com/yonghu//app/users/user/pass_code
13:46:13.756 [INFO ] [Thread-0] [com.cv4j.netdiscovery.core.Spider] Spider Power1510664582 stop success!
13:46:13.888 [INFO ] [RxCachedThreadScheduler-120] [com.cv4j.netdiscovery.core.Spider] http://www.100ghouse.com/yonghu//app/users/user/pass_code
13:51:39.931 [INFO ] [Thread-0] [com.cv4j.netdiscovery.core.Spider] Spider Power1510664582 stop success!
13:51:40.048 [INFO ] [RxCachedThreadScheduler-121] [com.cv4j.netdiscovery.core.Spider] http://www.100ghouse.com/yonghu//app/users/user/pass_code
13:57:23.010 [INFO ] [Thread-0] [com.cv4j.netdiscovery.core.Spider] Spider Power1510664582 stop success!
13:57:23.136 [INFO ] [RxCachedThreadScheduler-122] [com.cv4j.netdiscovery.core.Spider] http://www.100ghouse.com/yonghu//app/users/user/pass_code
14:03:08.201 [INFO ] [Thread-0] [com.cv4j.netdiscovery.core.Spider] Spider Power1510664582 stop success!
14:03:08.319 [INFO ] [RxCachedThreadScheduler-123] [com.cv4j.netdiscovery.core.Spider] http://www.100ghouse.com/yonghu//app/users/user/pass_code
14:08:47.398 [INFO ] [Thread-0] [com.cv4j.netdiscovery.core.Spider] Spider Power1510664582 stop success!
14:08:47.512 [INFO ] [RxCachedThreadScheduler-124] [com.cv4j.netdiscovery.core.Spider] http://www.100ghouse.com/yonghu//app/users/user/pass_code
14:14:36.316 [INFO ] [Thread-0] [com.cv4j.netdiscovery.core.Spider] Spider Power1510664582 stop success!
14:14:36.430 [INFO ] [RxCachedThreadScheduler-125] [com.cv4j.netdiscovery.core.Spider] http://www.100ghouse.com/yonghu//app/users/user/pass_code
14:20:38.276 [INFO ] [Thread-0] [com.cv4j.netdiscovery.core.Spider] Spider Power1510664582 stop success!
14:20:38.390 [INFO ] [RxCachedThreadScheduler-126] [com.cv4j.netdiscovery.core.Spider] http://www.100ghouse.com/yonghu//app/users/user/pass_code
14:26:11.951 [INFO ] [Thread-0] [com.cv4j.netdiscovery.core.Spider] Spider Power1510664582 stop success!
14:26:12.178 [INFO ] [RxCachedThreadScheduler-127] [com.cv4j.netdiscovery.core.Spider] http://www.100ghouse.com/yonghu//app/users/user/pass_code
14:31:40.383 [INFO ] [Thread-0] [com.cv4j.netdiscovery.core.Spider] Spider Power1510664582 stop success!
14:31:40.495 [INFO ] [RxCachedThreadScheduler-128] [com.cv4j.netdiscovery.core.Spider] http://www.100ghouse.com/yonghu//app/users/user/pass_code
14:37:13.637 [INFO ] [Thread-0] [com.cv4j.netdiscovery.core.Spider] Spider Power1510664582 stop success!
14:37:13.757 [INFO ] [RxCachedThreadScheduler-129] [com.cv4j.netdiscovery.core.Spider] http://www.100ghouse.com/yonghu//app/users/user/pass_code
14:42:45.969 [INFO ] [Thread-0] [com.cv4j.netdiscovery.core.Spider] Spider Power1510664582 stop success!
14:42:46.088 [INFO ] [RxCachedThreadScheduler-130] [com.cv4j.netdiscovery.core.Spider] http://www.100ghouse.com/yonghu//app/users/user/pass_code
14:49:21.843 [INFO ] [Thread-0] [com.cv4j.netdiscovery.core.Spider] Spider Power1510664582 stop success!
14:49:21.957 [INFO ] [RxCachedThreadScheduler-131] [com.cv4j.netdiscovery.core.Spider] http://www.100ghouse.com/yonghu//app/users/user/pass_code
14:56:29.925 [INFO ] [Thread-0] [com.cv4j.netdiscovery.core.Spider] Spider Power1510664582 stop success!
14:56:30.041 [INFO ] [RxCachedThreadScheduler-132] [com.cv4j.netdiscovery.core.Spider] http://www.100ghouse.com/yonghu//app/users/user/pass_code
15:02:36.885 [INFO ] [Thread-0] [com.cv4j.netdiscovery.core.Spider] Spider Power1510664582 stop success!
15:02:36.999 [INFO ] [RxCachedThreadScheduler-133] [com.cv4j.netdiscovery.core.Spider] http://www.100ghouse.com/yonghu//app/users/user/pass_code
15:09:01.445 [INFO ] [Thread-0] [com.cv4j.netdiscovery.core.Spider] Spider Power1510664582 stop success!
15:09:01.563 [INFO ] [RxCachedThreadScheduler-134] [com.cv4j.netdiscovery.core.Spider] http://www.100ghouse.com/yonghu//app/users/user/pass_code
15:16:02.600 [INFO ] [Thread-0] [com.cv4j.netdiscovery.core.Spider] Spider Power1510664582 stop success!
15:16:02.718 [INFO ] [RxCachedThreadScheduler-135] [com.cv4j.netdiscovery.core.Spider] http://www.100ghouse.com/yonghu//app/users/user/pass_code
15:21:44.761 [INFO ] [Thread-0] [com.cv4j.netdiscovery.core.Spider] Spider Power1510664582 stop success!
15:21:46.425 [INFO ] [RxCachedThreadScheduler-136] [com.cv4j.netdiscovery.core.Spider] http://www.100ghouse.com/yonghu//app/users/user/pass_code
15:27:44.552 [INFO ] [Thread-0] [com.cv4j.netdiscovery.core.Spider] Spider Power1510664582 stop success!
15:27:44.667 [INFO ] [RxCachedThreadScheduler-137] [com.cv4j.netdiscovery.core.Spider] http://www.100ghouse.com/yonghu//app/users/user/pass_code
15:33:44.036 [INFO ] [Thread-0] [com.cv4j.netdiscovery.core.Spider] Spider Power1510664582 stop success!
15:33:44.149 [INFO ] [RxCachedThreadScheduler-138] [com.cv4j.netdiscovery.core.Spider] http://www.100ghouse.com/yonghu//app/users/user/pass_code
15:40:03.243 [INFO ] [Thread-0] [com.cv4j.netdiscovery.core.Spider] Spider Power1510664582 stop success!
15:40:03.354 [INFO ] [RxCachedThreadScheduler-139] [com.cv4j.netdiscovery.core.Spider] http://www.100ghouse.com/yonghu//app/users/user/pass_code
15:46:06.406 [INFO ] [Thread-0] [com.cv4j.netdiscovery.core.Spider] Spider Power1510664582 stop success!
15:46:06.518 [INFO ] [RxCachedThreadScheduler-140] [com.cv4j.netdiscovery.core.Spider] http://www.100ghouse.com/yonghu//app/users/user/pass_code
15:52:15.152 [INFO ] [Thread-0] [com.cv4j.netdiscovery.core.Spider] Spider Power1510664582 stop success!
15:52:15.270 [INFO ] [RxCachedThreadScheduler-141] [com.cv4j.netdiscovery.core.Spider] http://www.100ghouse.com/yonghu//app/users/user/pass_code
15:57:57.602 [INFO ] [Thread-0] [com.cv4j.netdiscovery.core.Spider] Spider Power1510664582 stop success!
15:57:57.715 [INFO ] [RxCachedThreadScheduler-142] [com.cv4j.netdiscovery.core.Spider] http://www.100ghouse.com/yonghu//app/users/user/pass_code
16:03:37.202 [INFO ] [Thread-0] [com.cv4j.netdiscovery.core.Spider] Spider Power1510664582 stop success!
16:03:37.322 [INFO ] [RxCachedThreadScheduler-143] [com.cv4j.netdiscovery.core.Spider] http://www.100ghouse.com/yonghu//app/users/user/pass_code
16:09:30.839 [INFO ] [Thread-0] [com.cv4j.netdiscovery.core.Spider] Spider Power1510664582 stop success!
16:09:30.959 [INFO ] [RxCachedThreadScheduler-144] [com.cv4j.netdiscovery.core.Spider] http://www.100ghouse.com/yonghu//app/users/user/pass_code
16:15:16.104 [INFO ] [Thread-0] [com.cv4j.netdiscovery.core.Spider] Spider Power1510664582 stop success!
16:15:16.217 [INFO ] [RxCachedThreadScheduler-145] [com.cv4j.netdiscovery.core.Spider] http://www.100ghouse.com/yonghu//app/users/user/pass_code
16:21:02.955 [INFO ] [Thread-0] [com.cv4j.netdiscovery.core.Spider] Spider Power1510664582 stop success!
16:21:03.071 [INFO ] [RxCachedThreadScheduler-146] [com.cv4j.netdiscovery.core.Spider] http://www.100ghouse.com/yonghu//app/users/user/pass_code
16:26:47.534 [INFO ] [Thread-0] [com.cv4j.netdiscovery.core.Spider] Spider Power1510664582 stop success!
16:26:47.695 [INFO ] [RxCachedThreadScheduler-147] [com.cv4j.netdiscovery.core.Spider] http://www.100ghouse.com/yonghu//app/users/user/pass_code
16:32:34.555 [INFO ] [Thread-0] [com.cv4j.netdiscovery.core.Spider] Spider Power1510664582 stop success!
16:32:34.671 [INFO ] [RxCachedThreadScheduler-148] [com.cv4j.netdiscovery.core.Spider] http://www.100ghouse.com/yonghu//app/users/user/pass_code
16:38:25.521 [INFO ] [Thread-0] [com.cv4j.netdiscovery.core.Spider] Spider Power1510664582 stop success!
16:38:25.637 [INFO ] [RxCachedThreadScheduler-149] [com.cv4j.netdiscovery.core.Spider] http://www.100ghouse.com/yonghu//app/users/user/pass_code
16:44:10.949 [INFO ] [Thread-0] [com.cv4j.netdiscovery.core.Spider] Spider Power1510664582 stop success!
16:44:11.064 [INFO ] [RxCachedThreadScheduler-150] [com.cv4j.netdiscovery.core.Spider] http://www.100ghouse.com/yonghu//app/users/user/pass_code
16:49:59.047 [INFO ] [Thread-0] [com.cv4j.netdiscovery.core.Spider] Spider Power1510664582 stop success!
16:49:59.170 [INFO ] [RxCachedThreadScheduler-151] [com.cv4j.netdiscovery.core.Spider] http://www.100ghouse.com/yonghu//app/users/user/pass_code
16:55:46.820 [INFO ] [Thread-0] [com.cv4j.netdiscovery.core.Spider] Spider Power1510664582 stop success!
16:55:51.836 [ERROR] [RxCachedThreadScheduler-152] [com.cv4j.netdiscovery.core.Spider] failed to resolve 'www.100ghouse.com' after 2 queries 
java.net.UnknownHostException: failed to resolve 'www.100ghouse.com' after 2 queries 
	at io.netty.resolver.dns.DnsResolveContext.finishResolve(DnsResolveContext.java:845)
	at io.netty.resolver.dns.DnsResolveContext.tryToFinishResolve(DnsResolveContext.java:806)
	at io.netty.resolver.dns.DnsResolveContext.query(DnsResolveContext.java:333)
	at io.netty.resolver.dns.DnsResolveContext.query(DnsResolveContext.java:322)
	at io.netty.resolver.dns.DnsResolveContext.access$500(DnsResolveContext.java:62)
	at io.netty.resolver.dns.DnsResolveContext$3.operationComplete(DnsResolveContext.java:379)
	at io.netty.util.concurrent.DefaultPromise.notifyListener0(DefaultPromise.java:511)
	at io.netty.util.concurrent.DefaultPromise.notifyListeners0(DefaultPromise.java:504)
	at io.netty.util.concurrent.DefaultPromise.notifyListenersNow(DefaultPromise.java:483)
	at io.netty.util.concurrent.DefaultPromise.notifyListeners(DefaultPromise.java:424)
	at io.netty.util.concurrent.DefaultPromise.tryFailure(DefaultPromise.java:121)
	at io.netty.resolver.dns.DnsQueryContext.setFailure(DnsQueryContext.java:216)
	at io.netty.resolver.dns.DnsQueryContext.access$300(DnsQueryContext.java:43)
	at io.netty.resolver.dns.DnsQueryContext$4.run(DnsQueryContext.java:166)
	at io.netty.util.concurrent.PromiseTask$RunnableAdapter.call(PromiseTask.java:38)
	at io.netty.util.concurrent.ScheduledFutureTask.run(ScheduledFutureTask.java:127)
	at io.netty.util.concurrent.AbstractEventExecutor.safeExecute(AbstractEventExecutor.java:163)
	at io.netty.util.concurrent.SingleThreadEventExecutor.runAllTasks(SingleThreadEventExecutor.java:404)
	at io.netty.channel.nio.NioEventLoop.run(NioEventLoop.java:466)
	at io.netty.util.concurrent.SingleThreadEventExecutor$5.run(SingleThreadEventExecutor.java:897)
	at io.netty.util.concurrent.FastThreadLocalRunnable.run(FastThreadLocalRunnable.java:30)
	at java.lang.Thread.run(Thread.java:745)
Caused by: io.netty.resolver.dns.DnsNameResolverTimeoutException: [/114.114.114.114:53] query timed out after 5000 milliseconds (no stack trace available)
17:01:35.086 [INFO ] [Thread-0] [com.cv4j.netdiscovery.core.Spider] Spider Power1510664582 stop success!
17:01:35.207 [INFO ] [RxCachedThreadScheduler-153] [com.cv4j.netdiscovery.core.Spider] http://www.100ghouse.com/yonghu//app/users/user/pass_code
17:07:22.215 [INFO ] [Thread-0] [com.cv4j.netdiscovery.core.Spider] Spider Power1510664582 stop success!
17:07:22.331 [INFO ] [RxCachedThreadScheduler-154] [com.cv4j.netdiscovery.core.Spider] http://www.100ghouse.com/yonghu//app/users/user/pass_code
17:13:11.933 [INFO ] [Thread-0] [com.cv4j.netdiscovery.core.Spider] Spider Power1510664582 stop success!
17:13:12.071 [INFO ] [RxCachedThreadScheduler-155] [com.cv4j.netdiscovery.core.Spider] http://www.100ghouse.com/yonghu//app/users/user/pass_code
17:18:59.910 [INFO ] [Thread-0] [com.cv4j.netdiscovery.core.Spider] Spider Power1510664582 stop success!
17:19:00.025 [INFO ] [RxCachedThreadScheduler-156] [com.cv4j.netdiscovery.core.Spider] http://www.100ghouse.com/yonghu//app/users/user/pass_code
17:24:49.725 [INFO ] [Thread-0] [com.cv4j.netdiscovery.core.Spider] Spider Power1510664582 stop success!
17:24:49.854 [INFO ] [RxCachedThreadScheduler-157] [com.cv4j.netdiscovery.core.Spider] http://www.100ghouse.com/yonghu//app/users/user/pass_code
17:30:45.087 [INFO ] [Thread-0] [com.cv4j.netdiscovery.core.Spider] Spider Power1510664582 stop success!
17:30:45.198 [INFO ] [RxCachedThreadScheduler-158] [com.cv4j.netdiscovery.core.Spider] http://www.100ghouse.com/yonghu//app/users/user/pass_code
17:36:39.092 [INFO ] [Thread-0] [com.cv4j.netdiscovery.core.Spider] Spider Power1510664582 stop success!
17:36:39.216 [INFO ] [RxCachedThreadScheduler-159] [com.cv4j.netdiscovery.core.Spider] http://www.100ghouse.com/yonghu//app/users/user/pass_code
17:42:44.367 [INFO ] [Thread-0] [com.cv4j.netdiscovery.core.Spider] Spider Power1510664582 stop success!
17:42:44.485 [INFO ] [RxCachedThreadScheduler-160] [com.cv4j.netdiscovery.core.Spider] http://www.100ghouse.com/yonghu//app/users/user/pass_code
17:48:38.236 [INFO ] [Thread-0] [com.cv4j.netdiscovery.core.Spider] Spider Power1510664582 stop success!
17:48:38.350 [INFO ] [RxCachedThreadScheduler-161] [com.cv4j.netdiscovery.core.Spider] http://www.100ghouse.com/yonghu//app/users/user/pass_code
17:54:32.730 [INFO ] [Thread-0] [com.cv4j.netdiscovery.core.Spider] Spider Power1510664582 stop success!
17:54:32.846 [INFO ] [RxCachedThreadScheduler-162] [com.cv4j.netdiscovery.core.Spider] http://www.100ghouse.com/yonghu//app/users/user/pass_code
18:00:36.670 [INFO ] [Thread-0] [com.cv4j.netdiscovery.core.Spider] Spider Power1510664582 stop success!
18:00:36.786 [INFO ] [RxCachedThreadScheduler-163] [com.cv4j.netdiscovery.core.Spider] http://www.100ghouse.com/yonghu//app/users/user/pass_code
18:06:39.304 [INFO ] [Thread-0] [com.cv4j.netdiscovery.core.Spider] Spider Power1510664582 stop success!
18:06:39.337 [INFO ] [RxCachedThreadScheduler-164] [com.cv4j.netdiscovery.core.Spider] http://www.100ghouse.com/yonghu//app/users/user/pass_code
